This is pdfTeX, Version 3.14159265-2.6-1.40.20 (MiKTeX 2.9.7000 64-bit) (preloaded format=pdflatex 2019.7.2)  17 OCT 2019 00:27
entering extended mode
**./python.tex
(python.tex
LaTeX2e <2018-12-01>
(ociamthesis.cls
Document Class: ociamthesis 2010/11/22 v2.2 OCIAM thesis class
("C:\Users\USER\AppData\Local\Programs\MiKTeX 2.9\tex/latex/base\report.cls"
Document Class: report 2018/09/03 v1.4i Standard LaTeX document class
("C:\Users\USER\AppData\Local\Programs\MiKTeX 2.9\tex/latex/base\size12.clo"
File: size12.clo 2018/09/03 v1.4i Standard LaTeX file (size option)
)
\c@part=\count80
\c@chapter=\count81
\c@section=\count82
\c@subsection=\count83
\c@subsubsection=\count84
\c@paragraph=\count85
\c@subparagraph=\count86
\c@figure=\count87
\c@table=\count88
\abovecaptionskip=\skip41
\belowcaptionskip=\skip42
\bibindent=\dimen102
)
("C:\Users\USER\AppData\Local\Programs\MiKTeX 2.9\tex/latex/graphics\graphicx.s
ty"
Package: graphicx 2017/06/01 v1.1a Enhanced LaTeX Graphics (DPC,SPQR)

("C:\Users\USER\AppData\Local\Programs\MiKTeX 2.9\tex/latex/graphics\keyval.sty
"
Package: keyval 2014/10/28 v1.15 key=value parser (DPC)
\KV@toks@=\toks14
)
("C:\Users\USER\AppData\Local\Programs\MiKTeX 2.9\tex/latex/graphics\graphics.s
ty"
Package: graphics 2017/06/25 v1.2c Standard LaTeX Graphics (DPC,SPQR)

("C:\Users\USER\AppData\Local\Programs\MiKTeX 2.9\tex/latex/graphics\trig.sty"
Package: trig 2016/01/03 v1.10 sin cos tan (DPC)
)
("C:\Users\USER\AppData\Local\Programs\MiKTeX 2.9\tex/latex/graphics-cfg\graphi
cs.cfg"
File: graphics.cfg 2016/06/04 v1.11 sample graphics configuration
)
Package graphics Info: Driver file: pdftex.def on input line 99.

("C:\Users\USER\AppData\Local\Programs\MiKTeX 2.9\tex/latex/graphics-def\pdftex
.def"
File: pdftex.def 2018/01/08 v1.0l Graphics/color driver for pdftex
))
\Gin@req@height=\dimen103
\Gin@req@width=\dimen104
)
("C:\Users\USER\AppData\Local\Programs\MiKTeX 2.9\tex/latex/base\ifthen.sty"
Package: ifthen 2014/09/29 v1.1c Standard LaTeX ifthen package (DPC)
))
("C:\Users\USER\AppData\Local\Programs\MiKTeX 2.9\tex/latex/float\float.sty"
Package: float 2001/11/08 v1.3d Float enhancements (AL)
\c@float@type=\count89
\float@exts=\toks15
\float@box=\box27
\@float@everytoks=\toks16
\@floatcapt=\box28
)
("C:\Users\USER\AppData\Local\Programs\MiKTeX 2.9\tex/latex/amsfonts\amssymb.st
y"
Package: amssymb 2013/01/14 v3.01 AMS font symbols

("C:\Users\USER\AppData\Local\Programs\MiKTeX 2.9\tex/latex/amsfonts\amsfonts.s
ty"
Package: amsfonts 2013/01/14 v3.01 Basic AMSFonts support
\@emptytoks=\toks17
\symAMSa=\mathgroup4
\symAMSb=\mathgroup5
LaTeX Font Info:    Overwriting math alphabet `\mathfrak' in version `bold'
(Font)                  U/euf/m/n --> U/euf/b/n on input line 106.
))
("C:\Users\USER\AppData\Local\Programs\MiKTeX 2.9\tex/latex/multirow\multirow.s
ty"
Package: multirow 2019/01/01 v2.4 Span multiple rows of a table
\multirow@colwidth=\skip43
\multirow@cntb=\count90
\multirow@dima=\skip44
\bigstrutjot=\dimen105
)
("C:\Users\USER\AppData\Local\Programs\MiKTeX 2.9\tex/latex/caption\caption.sty
"
Package: caption 2019/09/01 v3.3d Customizing captions (AR)

("C:\Users\USER\AppData\Local\Programs\MiKTeX 2.9\tex/latex/caption\caption3.st
y"
Package: caption3 2019/09/01 v1.8d caption3 kernel (AR)
Package caption3 Info: TeX engine: e-TeX on input line 64.
\captionmargin=\dimen106
\captionmargin@=\dimen107
\captionwidth=\dimen108
\caption@tempdima=\dimen109
\caption@indent=\dimen110
\caption@parindent=\dimen111
\caption@hangindent=\dimen112
)
\c@caption@flags=\count91
\c@ContinuedFloat=\count92
Package caption Info: float package is loaded.
)
("C:\Users\USER\AppData\Local\Programs\MiKTeX 2.9\tex/latex/titlesec\titlesec.s
ty"
Package: titlesec 2019/09/09 v2.12 Sectioning titles
\ttl@box=\box29
\beforetitleunit=\skip45
\aftertitleunit=\skip46
\ttl@plus=\dimen113
\ttl@minus=\dimen114
\ttl@toksa=\toks18
\titlewidth=\dimen115
\titlewidthlast=\dimen116
\titlewidthfirst=\dimen117
)
("C:\Users\USER\AppData\Local\Programs\MiKTeX 2.9\tex/latex/psnfss\charter.sty"
Package: charter 2005/04/12 PSNFSS-v9.2a (P.Dyballa) 
)
("C:\Users\USER\AppData\Local\Programs\MiKTeX 2.9\tex/latex/subfiles\subfiles.s
ty"
Package: subfiles 2018/07/31 Federico Garcia, Gernot Salzer

("C:\Users\USER\AppData\Local\Programs\MiKTeX 2.9\tex/latex/tools\verbatim.sty"
Package: verbatim 2014/10/28 v1.5q LaTeX2e package for verbatim enhancements
\every@verbatim=\toks19
\verbatim@line=\toks20
\verbatim@in@stream=\read1
))
("C:\Users\USER\AppData\Local\Programs\MiKTeX 2.9\tex/latex/etoolbox\etoolbox.s
ty"
Package: etoolbox 2019/09/21 v2.5h e-TeX tools for LaTeX (JAW)
\etb@tempcnta=\count93
) (python.aux (section/chapter1.aux) (section/chapter2.aux)
(section/chapter3.aux) (section/chapter4.aux))
\openout1 = `python.aux'.

LaTeX Font Info:    Checking defaults for OML/cmm/m/it on input line 55.
LaTeX Font Info:    ... okay on input line 55.
LaTeX Font Info:    Checking defaults for T1/cmr/m/n on input line 55.
LaTeX Font Info:    ... okay on input line 55.
LaTeX Font Info:    Checking defaults for OT1/cmr/m/n on input line 55.
LaTeX Font Info:    ... okay on input line 55.
LaTeX Font Info:    Checking defaults for OMS/cmsy/m/n on input line 55.
LaTeX Font Info:    ... okay on input line 55.
LaTeX Font Info:    Checking defaults for OMX/cmex/m/n on input line 55.
LaTeX Font Info:    ... okay on input line 55.
LaTeX Font Info:    Checking defaults for U/cmr/m/n on input line 55.
LaTeX Font Info:    ... okay on input line 55.
LaTeX Font Info:    Try loading font information for OT1+bch on input line 55.

("C:\Users\USER\AppData\Local\Programs\MiKTeX 2.9\tex/latex/psnfss\ot1bch.fd"
File: ot1bch.fd 2004/10/18 font definitions for OT1/bch.
)
("C:\Users\USER\AppData\Local\Programs\MiKTeX 2.9\tex/context/base/mkii\supp-pd
f.mkii"
[Loading MPS to PDF converter (version 2006.09.02).]
\scratchcounter=\count94
\scratchdimen=\dimen118
\scratchbox=\box30
\nofMPsegments=\count95
\nofMParguments=\count96
\everyMPshowfont=\toks21
\MPscratchCnt=\count97
\MPscratchDim=\dimen119
\MPnumerator=\count98
\makeMPintoPDFobject=\count99
\everyMPtoPDFconversion=\toks22
)
("C:\Users\USER\AppData\Local\Programs\MiKTeX 2.9\tex/latex/oberdiek\epstopdf-b
ase.sty"
Package: epstopdf-base 2016/05/15 v2.6 Base part for package epstopdf

("C:\Users\USER\AppData\Local\Programs\MiKTeX 2.9\tex/generic/oberdiek\infwarer
r.sty"
Package: infwarerr 2016/05/16 v1.4 Providing info/warning/error messages (HO)
)
("C:\Users\USER\AppData\Local\Programs\MiKTeX 2.9\tex/latex/oberdiek\grfext.sty
"
Package: grfext 2016/05/16 v1.2 Manage graphics extensions (HO)

("C:\Users\USER\AppData\Local\Programs\MiKTeX 2.9\tex/generic/oberdiek\kvdefine
keys.sty"
Package: kvdefinekeys 2016/05/16 v1.4 Define keys (HO)

("C:\Users\USER\AppData\Local\Programs\MiKTeX 2.9\tex/generic/oberdiek\ltxcmds.
sty"
Package: ltxcmds 2016/05/16 v1.23 LaTeX kernel commands for general use (HO)
)))
("C:\Users\USER\AppData\Local\Programs\MiKTeX 2.9\tex/latex/oberdiek\kvoptions.
sty"
Package: kvoptions 2016/05/16 v3.12 Key value format for package options (HO)

("C:\Users\USER\AppData\Local\Programs\MiKTeX 2.9\tex/generic/oberdiek\kvsetkey
s.sty"
Package: kvsetkeys 2016/05/16 v1.17 Key value parser (HO)

("C:\Users\USER\AppData\Local\Programs\MiKTeX 2.9\tex/generic/oberdiek\etexcmds
.sty"
Package: etexcmds 2016/05/16 v1.6 Avoid name clashes with e-TeX commands (HO)

("C:\Users\USER\AppData\Local\Programs\MiKTeX 2.9\tex/generic/oberdiek\ifluatex
.sty"
Package: ifluatex 2016/05/16 v1.4 Provides the ifluatex switch (HO)
Package ifluatex Info: LuaTeX not detected.
))))
("C:\Users\USER\AppData\Local\Programs\MiKTeX 2.9\tex/generic/oberdiek\pdftexcm
ds.sty"
Package: pdftexcmds 2018/09/10 v0.29 Utility functions of pdfTeX for LuaTeX (HO
)

("C:\Users\USER\AppData\Local\Programs\MiKTeX 2.9\tex/generic/oberdiek\ifpdf.st
y"
Package: ifpdf 2018/09/07 v3.3 Provides the ifpdf switch
)
Package pdftexcmds Info: LuaTeX not detected.
Package pdftexcmds Info: \pdf@primitive is available.
Package pdftexcmds Info: \pdf@ifprimitive is available.
Package pdftexcmds Info: \pdfdraftmode found.
)
Package epstopdf-base Info: Redefining graphics rule for `.eps' on input line 4
38.
Package grfext Info: Graphics extension search list:
(grfext)             [.pdf,.png,.jpg,.mps,.jpeg,.jbig2,.jb2,.PDF,.PNG,.JPG,.JPE
G,.JBIG2,.JB2,.eps]
(grfext)             \AppendGraphicsExtensions on input line 456.
)
Package caption Info: Begin \AtBeginDocument code.
Package caption Info: End \AtBeginDocument code.
<logo-poltekpos.png, id=1, 291.2481pt x 272.217pt>
File: logo-poltekpos.png Graphic file (type png)
<use logo-poltekpos.png>
Package pdftex.def Info: logo-poltekpos.png  used on input line 66.
(pdftex.def)             Requested size: 91.04881pt x 85.10081pt.
 [1


{C:/Users/USER/AppData/Local/MiKTeX/2.9/pdftex/config/pdftex.map} <./logo-polte
kpos.png>]
\openout2 = `section/chapter1.aux'.

 (section/chapter1.tex
Overfull \hbox (70.8703pt too wide) in paragraph at lines 17--18
[]\OT1/bch/m/n/12 Syntax un-tuk mem-inta in-putan Pada python 2 kita harus meng
-gu-nakan \raw[]input(\teks")",
 []

) [2



]
\openout2 = `section/chapter2.aux'.

 (section/chapter2.tex [3




]) [4]
\openout2 = `section/chapter3.aux'.

 (section/chapter3.tex
<figure/1.png, id=21, 374.90062pt x 289.08pt>
File: figure/1.png Graphic file (type png)
<use figure/1.png>
Package pdftex.def Info: figure/1.png  used on input line 8.
(pdftex.def)             Requested size: 113.81102pt x 87.75684pt.
<figure/2.png, id=22, 373.395pt x 289.08pt>
File: figure/2.png Graphic file (type png)
<use figure/2.png>
Package pdftex.def Info: figure/2.png  used on input line 14.
(pdftex.def)             Requested size: 113.81102pt x 88.10971pt.
<figure/3.png, id=23, 384.6872pt x 298.11375pt>
File: figure/3.png Graphic file (type png)
<use figure/3.png>
Package pdftex.def Info: figure/3.png  used on input line 20.
(pdftex.def)             Requested size: 113.81102pt x 88.19753pt.
<figure/4.png, id=24, 371.88937pt x 287.57437pt>
File: figure/4.png Graphic file (type png)
<use figure/4.png>
Package pdftex.def Info: figure/4.png  used on input line 26.
(pdftex.def)             Requested size: 113.81102pt x 88.00624pt.
 [5




 <./figure/1.png> <./figure/2.png> <./figure/3.png>]
<figure/5.png, id=30, 371.13657pt x 287.57437pt>
File: figure/5.png Graphic file (type png)
<use figure/5.png>
Package pdftex.def Info: figure/5.png  used on input line 32.
(pdftex.def)             Requested size: 113.81102pt x 88.18616pt.
<figure/7.png, id=31, 372.64218pt x 289.08pt>
File: figure/7.png Graphic file (type png)
<use figure/7.png>
Package pdftex.def Info: figure/7.png  used on input line 38.
(pdftex.def)             Requested size: 113.81102pt x 88.28615pt.
<figure/8.png, id=32, 369.63094pt x 287.57437pt>
File: figure/8.png Graphic file (type png)
<use figure/8.png>
Package pdftex.def Info: figure/8.png  used on input line 44.
(pdftex.def)             Requested size: 113.81102pt x 88.54597pt.


LaTeX Warning: `h' float specifier changed to `ht'.

<figure/9.png, id=33, 371.13657pt x 284.56313pt>
File: figure/9.png Graphic file (type png)
<use figure/9.png>
Package pdftex.def Info: figure/9.png  used on input line 50.
(pdftex.def)             Requested size: 113.81102pt x 87.26274pt.

LaTeX Warning: `h' float specifier changed to `ht'.

<figure/10.png, id=34, 371.13657pt x 286.82156pt>
File: figure/10.png Graphic file (type png)
<use figure/10.png>
Package pdftex.def Info: figure/10.png  used on input line 56.
(pdftex.def)             Requested size: 113.81102pt x 87.95529pt.

LaTeX Warning: `h' float specifier changed to `ht'.

<figure/pip1.png, id=35, 227.34938pt x 117.43875pt>
File: figure/pip1.png Graphic file (type png)
<use figure/pip1.png>
Package pdftex.def Info: figure/pip1.png  used on input line 67.
(pdftex.def)             Requested size: 113.81102pt x 58.7909pt.
[6 <./figure/4.png> <./figure/5.png> <./figure/7.png>]

LaTeX Warning: `h' float specifier changed to `ht'.

<figure/pip2.png, id=42, 396.7322pt x 89.58469pt>
File: figure/pip2.png Graphic file (type png)
<use figure/pip2.png>
Package pdftex.def Info: figure/pip2.png  used on input line 73.
(pdftex.def)             Requested size: 113.81102pt x 25.69865pt.

LaTeX Warning: `h' float specifier changed to `ht'.

<figure/pip3.png, id=43, 298.86656pt x 104.64093pt>
File: figure/pip3.png Graphic file (type png)
<use figure/pip3.png>
Package pdftex.def Info: figure/pip3.png  used on input line 79.
(pdftex.def)             Requested size: 113.81102pt x 39.84857pt.

LaTeX Warning: `h' float specifier changed to `ht'.

<figure/pip4.png, id=44, 307.90031pt x 179.92218pt>
File: figure/pip4.png Graphic file (type png)
<use figure/pip4.png>
Package pdftex.def Info: figure/pip4.png  used on input line 85.
(pdftex.def)             Requested size: 113.81102pt x 66.50427pt.

LaTeX Warning: `h' float specifier changed to `ht'.

<figure/setting1.png, id=45, 746.03719pt x 374.14781pt>
File: figure/setting1.png Graphic file (type png)
<use figure/setting1.png>
Package pdftex.def Info: figure/setting1.png  used on input line 98.
(pdftex.def)             Requested size: 596.83055pt x 299.31863pt.

Overfull \hbox (163.21056pt too wide) in paragraph at lines 98--99
 [][] 
 []


LaTeX Warning: `h' float specifier changed to `ht'.

<figure/setting2.png, id=46, 378.66469pt x 277.78781pt>
File: figure/setting2.png Graphic file (type png)
<use figure/setting2.png>
Package pdftex.def Info: figure/setting2.png  used on input line 105.
(pdftex.def)             Requested size: 302.93216pt x 222.23053pt.
<figure/setting3.png, id=47, 377.15906pt x 301.8778pt>
File: figure/setting3.png Graphic file (type png)
<use figure/setting3.png>
Package pdftex.def Info: figure/setting3.png  used on input line 111.
(pdftex.def)             Requested size: 113.81102pt x 91.09375pt.
<figure/setting4.png, id=48, 371.13657pt x 298.86656pt>
File: figure/setting4.png Graphic file (type png)
<use figure/setting4.png>
Package pdftex.def Info: figure/setting4.png  used on input line 118.
(pdftex.def)             Requested size: 113.81102pt x 91.64896pt.

LaTeX Warning: `h' float specifier changed to `ht'.


Overfull \hbox (5.49786pt too wide) in paragraph at lines 123--123
| \OT1/bch/b/it/17.28 men-coba en-trepreter/cli melakui ter-mi-nal atau cmd
 []

<figure/interpreter1.png, id=49, 227.34938pt x 117.43875pt>
File: figure/interpreter1.png Graphic file (type png)
<use figure/interpreter1.png>
Package pdftex.def Info: figure/interpreter1.png  used on input line 129.
(pdftex.def)             Requested size: 113.81102pt x 58.7909pt.
<figure/interpreter2.png, id=50, 387.69844pt x 67.0003pt>
File: figure/interpreter2.png Graphic file (type png)
<use figure/interpreter2.png>
Package pdftex.def Info: figure/interpreter2.png  used on input line 136.
(pdftex.def)             Requested size: 113.81102pt x 19.66779pt.
File: figure/setting3.png Graphic file (type png)
<use figure/setting3.png>
Package pdftex.def Info: figure/setting3.png  used on input line 143.
(pdftex.def)             Requested size: 113.81102pt x 91.09375pt.
[7 <./figure/8.png> <./figure/9.png>]
File: figure/setting4.png Graphic file (type png)
<use figure/setting4.png>
Package pdftex.def Info: figure/setting4.png  used on input line 150.
(pdftex.def)             Requested size: 113.81102pt x 91.64896pt.
<figure/update1.png, id=57, 752.0597pt x 386.19281pt>
File: figure/update1.png Graphic file (type png)
<use figure/update1.png>
Package pdftex.def Info: figure/update1.png  used on input line 163.
(pdftex.def)             Requested size: 113.81102pt x 58.43909pt.
<figure/update2.png, id=58, 464.4853pt x 330.48468pt>
File: figure/update2.png Graphic file (type png)
<use figure/update2.png>
Package pdftex.def Info: figure/update2.png  used on input line 170.
(pdftex.def)             Requested size: 113.81102pt x 80.97702pt.
<figure/update3.png, id=59, 462.97969pt x 333.49594pt>
File: figure/update3.png Graphic file (type png)
<use figure/update3.png>
Package pdftex.def Info: figure/update3.png  used on input line 177.
(pdftex.def)             Requested size: 113.81102pt x 81.97946pt.
<figure/update5.png, id=60, 459.96844pt x 330.48468pt>
File: figure/update5.png Graphic file (type png)
<use figure/update5.png>
Package pdftex.def Info: figure/update5.png  used on input line 184.
(pdftex.def)             Requested size: 113.81102pt x 81.76872pt.
<figure/pemakaian1.png, id=61, 278.54062pt x 140.02313pt>
File: figure/pemakaian1.png Graphic file (type png)
<use figure/pemakaian1.png>
Package pdftex.def Info: figure/pemakaian1.png  used on input line 197.
(pdftex.def)             Requested size: 113.81102pt x 57.21115pt.
<figure/pemakaian2.png, id=62, 155.83218pt x 83.5622pt>
File: figure/pemakaian2.png Graphic file (type png)
<use figure/pemakaian2.png>
Package pdftex.def Info: figure/pemakaian2.png  used on input line 204.
(pdftex.def)             Requested size: 113.81102pt x 61.03049pt.
<figure/pemakaian3.png, id=63, 336.50719pt x 110.66344pt>
File: figure/pemakaian3.png Graphic file (type png)
<use figure/pemakaian3.png>
Package pdftex.def Info: figure/pemakaian3.png  used on input line 211.
(pdftex.def)             Requested size: 113.81102pt x 37.42749pt.

Overfull \hbox (4.37462pt too wide) in paragraph at lines 218--218
\OT1/bch/b/it/17.28 akademik den-gan li-brary se-le-nium dan in-putan user| 
 []

File: figure/pemakaian1.png Graphic file (type png)
<use figure/pemakaian1.png>
Package pdftex.def Info: figure/pemakaian1.png  used on input line 224.
(pdftex.def)             Requested size: 113.81102pt x 57.21115pt.
[8 <./figure/10.png> <./figure/pip1.png>]
<figure/login.png, id=68, 441.90094pt x 161.10187pt>
File: figure/login.png Graphic file (type png)
<use figure/login.png>
Package pdftex.def Info: figure/login.png  used on input line 231.
(pdftex.def)             Requested size: 113.81102pt x 41.48972pt.
<figure/login1.png, id=69, 461.47406pt x 246.1697pt>
File: figure/login1.png Graphic file (type png)
<use figure/login1.png>
Package pdftex.def Info: figure/login1.png  used on input line 238.
(pdftex.def)             Requested size: 113.81102pt x 60.70837pt.
File: figure/pemakaian1.png Graphic file (type png)
<use figure/pemakaian1.png>
Package pdftex.def Info: figure/pemakaian1.png  used on input line 253.
(pdftex.def)             Requested size: 113.81102pt x 57.21115pt.
File: figure/login.png Graphic file (type png)
<use figure/login.png>
Package pdftex.def Info: figure/login.png  used on input line 260.
(pdftex.def)             Requested size: 113.81102pt x 41.48972pt.
File: figure/login1.png Graphic file (type png)
<use figure/login1.png>
Package pdftex.def Info: figure/login1.png  used on input line 267.
(pdftex.def)             Requested size: 113.81102pt x 60.70837pt.
File: figure/pemakaian1.png Graphic file (type png)
<use figure/pemakaian1.png>
Package pdftex.def Info: figure/pemakaian1.png  used on input line 280.
(pdftex.def)             Requested size: 113.81102pt x 57.21115pt.
<figure/pemakaian4.png, id=70, 151.3153pt x 94.10156pt>
File: figure/pemakaian4.png Graphic file (type png)
<use figure/pemakaian4.png>
Package pdftex.def Info: figure/pemakaian4.png  used on input line 287.
(pdftex.def)             Requested size: 113.81102pt x 70.77844pt.
<figure/pemakaian5.png, id=71, 240.14719pt x 44.41594pt>
File: figure/pemakaian5.png Graphic file (type png)
<use figure/pemakaian5.png>
Package pdftex.def Info: figure/pemakaian5.png  used on input line 294.
(pdftex.def)             Requested size: 113.81102pt x 21.04965pt.
) [9 <./figure/pip2.png> <./figure/pip3.png>] [10 <./figure/pip4.png> <./figure
/setting1.png>] [11 <./figure/setting2.png> <./figure/setting3.png> <./figure/s
etting4.png> <./figure/interpreter1.png> <./figure/interpreter2.png>] [12 <./fi
gure/update1.png> <./figure/update2.png> <./figure/update3.png>] [13 <./figure/
update5.png> <./figure/pemakaian1.png> <./figure/pemakaian2.png> <./figure/pema
kaian3.png> <./figure/login.png> <./figure/login1.png>] [14 <./figure/pemakaian
4.png> <./figure/pemakaian5.png>]
\openout2 = `section/chapter4.aux'.


(section/chapter4.tex
Overfull \hbox (3.35991pt too wide) in paragraph at lines 9--11
[]\OT1/bch/m/n/12 Penjelasan Iden-tasi In-den-tasi be-rasal dari ba-hasa Ing-gr
is In-den-ta-tion yang
 []

<figure/identasi1.png, id=91, 1012.5328pt x 327.47343pt>
File: figure/identasi1.png Graphic file (type png)
<use figure/identasi1.png>
Package pdftex.def Info: figure/identasi1.png  used on input line 23.
(pdftex.def)             Requested size: 810.02734pt x 261.97911pt.

Overfull \hbox (376.40735pt too wide) in paragraph at lines 23--24
[][] 
 []


LaTeX Warning: `h' float specifier changed to `ht'.


! LaTeX Error: Something's wrong--perhaps a missing \item.

See the LaTeX manual or LaTeX Companion for explanation.
Type  H <return>  for immediate help.
 ...                                              
                                                  
l.28 \item c
            ara menangani eror
Try typing  <return>  to proceed.
If that doesn't work, type  X <return>  to quit.


! LaTeX Error: Something's wrong--perhaps a missing \item.

See the LaTeX manual or LaTeX Companion for explanation.
Type  H <return>  for immediate help.
 ...                                              
                                                  
l.28 \item c
            ara menangani eror
Try typing  <return>  to proceed.
If that doesn't work, type  X <return>  to quit.


! LaTeX Error: Something's wrong--perhaps a missing \item.

See the LaTeX manual or LaTeX Companion for explanation.
Type  H <return>  for immediate help.
 ...                                              
                                                  
l.28 \item c
            ara menangani eror
Try typing  <return>  to proceed.
If that doesn't work, type  X <return>  to quit.

File: figure/identasi1.png Graphic file (type png)
<use figure/identasi1.png>
Package pdftex.def Info: figure/identasi1.png  used on input line 36.
(pdftex.def)             Requested size: 810.02734pt x 261.97911pt.

Overfull \hbox (376.40735pt too wide) in paragraph at lines 36--37
[][] 
 []

<figure/identasi2.png, id=92, 1012.5328pt x 213.04594pt>
File: figure/identasi2.png Graphic file (type png)
<use figure/identasi2.png>
Package pdftex.def Info: figure/identasi2.png  used on input line 42.
(pdftex.def)             Requested size: 810.02734pt x 170.43697pt.

Overfull \hbox (376.40735pt too wide) in paragraph at lines 42--43
[][] 
 []


! LaTeX Error: Something's wrong--perhaps a missing \item.

See the LaTeX manual or LaTeX Companion for explanation.
Type  H <return>  for immediate help.
 ...                                              
                                                  
l.47 \end{enumerate}
                    
Try typing  <return>  to proceed.
If that doesn't work, type  X <return>  to quit.


LaTeX Warning: `h' float specifier changed to `ht'.


LaTeX Warning: `h' float specifier changed to `ht'.

) [15




] [16 <./figure/identasi1.png>] [17 <./figure/identasi2.png>]

! LaTeX Error: \begin{enumerate} on input line 93 ended by \end{document}.

See the LaTeX manual or LaTeX Companion for explanation.
Type  H <return>  for immediate help.
 ...                                              
                                                  
l.74 \end{document}
                   
Your command was ignored.
Type  I <command> <return>  to replace it with another command,
or  <return>  to continue without it.

(python.aux (section/chapter1.aux) (section/chapter2.aux) (section/chapter3.aux
) (section/chapter4.aux)) )
(\end occurred inside a group at level 1)

### semi simple group (level 1) entered at line 93 (\begingroup)
### bottom level 
Here is how much of TeX's memory you used:
 3882 strings out of 492945
 60128 string characters out of 3126697
 132387 words of memory out of 3000000
 7677 multiletter control sequences out of 15000+200000
 18239 words of font info for 31 fonts, out of 3000000 for 9000
 1141 hyphenation exceptions out of 8191
 41i,7n,41p,773b,470s stack positions out of 5000i,500n,10000p,200000b,50000s
{C:/Users/USER/AppData/Local/Programs/MiKTeX 2.9/fonts/enc/dvip
s/base/8r.enc}<C:/Users/USER/AppData/Local/Programs/MiKTeX 2.9/fonts/type1/bits
trea/charter/bchb8a.pfb><C:/Users/USER/AppData/Local/Programs/MiKTeX 2.9/fonts/
type1/bitstrea/charter/bchbi8a.pfb><C:/Users/USER/AppData/Local/Programs/MiKTeX
 2.9/fonts/type1/bitstrea/charter/bchr8a.pfb><C:/Users/USER/AppData/Local/Progr
ams/MiKTeX 2.9/fonts/type1/bitstrea/charter/bchri8a.pfb>
Output written on python.pdf (17 pages, 2123507 bytes).
PDF statistics:
 117 PDF objects out of 1000 (max. 8388607)
 0 named destinations out of 1000 (max. 500000)
 166 words of extra memory for PDF output out of 10000 (max. 10000000)

