\BOOKMARK [0][-]{chapter.1}{Fungsi dan Kelas}{}% 1
\BOOKMARK [1][-]{section.1.1}{Fungsi}{chapter.1}% 2
\BOOKMARK [2][-]{subsection.1.1.1}{Fungsi}{section.1.1}% 3
\BOOKMARK [2][-]{subsection.1.1.2}{Parameter}{section.1.1}% 4
\BOOKMARK [2][-]{subsection.1.1.3}{Mengembalikan Nilai\(Return}{section.1.1}% 5
\BOOKMARK [1][-]{section.1.2}{Package}{chapter.1}% 6
\BOOKMARK [2][-]{subsection.1.2.1}{Package}{section.1.2}% 7
\BOOKMARK [1][-]{section.1.3}{Class}{chapter.1}% 8
\BOOKMARK [2][-]{subsection.1.3.1}{Class}{section.1.3}% 9
\BOOKMARK [2][-]{subsection.1.3.2}{Objek}{section.1.3}% 10
\BOOKMARK [2][-]{subsection.1.3.3}{Atribut}{section.1.3}% 11
\BOOKMARK [2][-]{subsection.1.3.4}{Method}{section.1.3}% 12
\BOOKMARK [1][-]{section.1.4}{Package}{chapter.1}% 13
\BOOKMARK [2][-]{subsection.1.4.1}{Penggunaan Package}{section.1.4}% 14
\BOOKMARK [1][-]{section.1.5}{Import}{chapter.1}% 15
\BOOKMARK [2][-]{subsection.1.5.1}{from kalkulator import penambahan}{section.1.5}% 16
\BOOKMARK [1][-]{section.1.6}{Library}{chapter.1}% 17
\BOOKMARK [2][-]{subsection.1.6.1}{Pemanggilan library dalam folder}{section.1.6}% 18
\BOOKMARK [2][-]{subsection.1.6.2}{Pemanggilan class dalam folder}{section.1.6}% 19
\BOOKMARK [0][-]{chapter.2}{Tugas}{}% 20
