This is pdfTeX, Version 3.14159265-2.6-1.40.20 (MiKTeX 2.9.7000 64-bit) (preloaded format=pdflatex 2019.7.2)  20 NOV 2019 20:52
entering extended mode
**./chapter4.tex
(chapter4.tex
LaTeX2e <2018-12-01>
("C:\Users\USER\AppData\Local\Programs\MiKTeX 2.9\tex/latex/base\report.cls"
Document Class: report 2018/09/03 v1.4i Standard LaTeX document class
("C:\Users\USER\AppData\Local\Programs\MiKTeX 2.9\tex/latex/base\size12.clo"
File: size12.clo 2018/09/03 v1.4i Standard LaTeX file (size option)
)
\c@part=\count80
\c@chapter=\count81
\c@section=\count82
\c@subsection=\count83
\c@subsubsection=\count84
\c@paragraph=\count85
\c@subparagraph=\count86
\c@figure=\count87
\c@table=\count88
\abovecaptionskip=\skip41
\belowcaptionskip=\skip42
\bibindent=\dimen102
)
("C:\Users\USER\AppData\Local\Programs\MiKTeX 2.9\tex/latex/listings\listings.s
ty"
("C:\Users\USER\AppData\Local\Programs\MiKTeX 2.9\tex/latex/graphics\keyval.sty
"
Package: keyval 2014/10/28 v1.15 key=value parser (DPC)
\KV@toks@=\toks14
)
\lst@mode=\count89
\lst@gtempboxa=\box27
\lst@token=\toks15
\lst@length=\count90
\lst@currlwidth=\dimen103
\lst@column=\count91
\lst@pos=\count92
\lst@lostspace=\dimen104
\lst@width=\dimen105
\lst@newlines=\count93
\lst@lineno=\count94
\lst@maxwidth=\dimen106

("C:\Users\USER\AppData\Local\Programs\MiKTeX 2.9\tex/latex/listings\lstmisc.st
y"
File: lstmisc.sty 2019/09/10 1.8c (Carsten Heinz)
\c@lstnumber=\count95
\lst@skipnumbers=\count96
\lst@framebox=\box28
)
("C:\Users\USER\AppData\Local\Programs\MiKTeX 2.9\tex/latex/listings\listings.c
fg"
File: listings.cfg 2019/09/10 1.8c listings configuration
))
Package: listings 2019/09/10 1.8c (Carsten Heinz)

("C:\Users\USER\AppData\Local\Programs\MiKTeX 2.9\tex/latex/graphics\graphicx.s
ty"
Package: graphicx 2017/06/01 v1.1a Enhanced LaTeX Graphics (DPC,SPQR)

("C:\Users\USER\AppData\Local\Programs\MiKTeX 2.9\tex/latex/graphics\graphics.s
ty"
Package: graphics 2017/06/25 v1.2c Standard LaTeX Graphics (DPC,SPQR)

("C:\Users\USER\AppData\Local\Programs\MiKTeX 2.9\tex/latex/graphics\trig.sty"
Package: trig 2016/01/03 v1.10 sin cos tan (DPC)
)
("C:\Users\USER\AppData\Local\Programs\MiKTeX 2.9\tex/latex/graphics-cfg\graphi
cs.cfg"
File: graphics.cfg 2016/06/04 v1.11 sample graphics configuration
)
Package graphics Info: Driver file: pdftex.def on input line 99.

("C:\Users\USER\AppData\Local\Programs\MiKTeX 2.9\tex/latex/graphics-def\pdftex
.def"
File: pdftex.def 2018/01/08 v1.0l Graphics/color driver for pdftex
))
\Gin@req@height=\dimen107
\Gin@req@width=\dimen108
)
("C:\Users\USER\AppData\Local\Programs\MiKTeX 2.9\tex/latex/graphics\color.sty"
Package: color 2016/07/10 v1.1e Standard LaTeX Color (DPC)

("C:\Users\USER\AppData\Local\Programs\MiKTeX 2.9\tex/latex/graphics-cfg\color.
cfg"
File: color.cfg 2016/01/02 v1.6 sample color configuration
)
Package color Info: Driver file: pdftex.def on input line 147.
)
("C:\Users\USER\AppData\Local\Programs\MiKTeX 2.9\tex/latex/listings\lstlang1.s
ty"
File: lstlang1.sty 2019/09/10 1.8c listings language file
) (chapter4.aux)
\openout1 = `chapter4.aux'.

LaTeX Font Info:    Checking defaults for OML/cmm/m/it on input line 36.
LaTeX Font Info:    ... okay on input line 36.
LaTeX Font Info:    Checking defaults for T1/cmr/m/n on input line 36.
LaTeX Font Info:    ... okay on input line 36.
LaTeX Font Info:    Checking defaults for OT1/cmr/m/n on input line 36.
LaTeX Font Info:    ... okay on input line 36.
LaTeX Font Info:    Checking defaults for OMS/cmsy/m/n on input line 36.
LaTeX Font Info:    ... okay on input line 36.
LaTeX Font Info:    Checking defaults for OMX/cmex/m/n on input line 36.
LaTeX Font Info:    ... okay on input line 36.
LaTeX Font Info:    Checking defaults for U/cmr/m/n on input line 36.
LaTeX Font Info:    ... okay on input line 36.
\c@lstlisting=\count97

("C:\Users\USER\AppData\Local\Programs\MiKTeX 2.9\tex/context/base/mkii\supp-pd
f.mkii"
[Loading MPS to PDF converter (version 2006.09.02).]
\scratchcounter=\count98
\scratchdimen=\dimen109
\scratchbox=\box29
\nofMPsegments=\count99
\nofMParguments=\count100
\everyMPshowfont=\toks16
\MPscratchCnt=\count101
\MPscratchDim=\dimen110
\MPnumerator=\count102
\makeMPintoPDFobject=\count103
\everyMPtoPDFconversion=\toks17
)
("C:\Users\USER\AppData\Local\Programs\MiKTeX 2.9\tex/latex/oberdiek\epstopdf-b
ase.sty"
Package: epstopdf-base 2016/05/15 v2.6 Base part for package epstopdf

("C:\Users\USER\AppData\Local\Programs\MiKTeX 2.9\tex/generic/oberdiek\infwarer
r.sty"
Package: infwarerr 2016/05/16 v1.4 Providing info/warning/error messages (HO)
)
("C:\Users\USER\AppData\Local\Programs\MiKTeX 2.9\tex/latex/oberdiek\grfext.sty
"
Package: grfext 2016/05/16 v1.2 Manage graphics extensions (HO)

("C:\Users\USER\AppData\Local\Programs\MiKTeX 2.9\tex/generic/oberdiek\kvdefine
keys.sty"
Package: kvdefinekeys 2016/05/16 v1.4 Define keys (HO)

("C:\Users\USER\AppData\Local\Programs\MiKTeX 2.9\tex/generic/oberdiek\ltxcmds.
sty"
Package: ltxcmds 2016/05/16 v1.23 LaTeX kernel commands for general use (HO)
)))
("C:\Users\USER\AppData\Local\Programs\MiKTeX 2.9\tex/latex/oberdiek\kvoptions.
sty"
Package: kvoptions 2016/05/16 v3.12 Key value format for package options (HO)

("C:\Users\USER\AppData\Local\Programs\MiKTeX 2.9\tex/generic/oberdiek\kvsetkey
s.sty"
Package: kvsetkeys 2016/05/16 v1.17 Key value parser (HO)

("C:\Users\USER\AppData\Local\Programs\MiKTeX 2.9\tex/generic/oberdiek\etexcmds
.sty"
Package: etexcmds 2016/05/16 v1.6 Avoid name clashes with e-TeX commands (HO)

("C:\Users\USER\AppData\Local\Programs\MiKTeX 2.9\tex/generic/oberdiek\ifluatex
.sty"
Package: ifluatex 2016/05/16 v1.4 Provides the ifluatex switch (HO)
Package ifluatex Info: LuaTeX not detected.
))))
("C:\Users\USER\AppData\Local\Programs\MiKTeX 2.9\tex/generic/oberdiek\pdftexcm
ds.sty"
Package: pdftexcmds 2018/09/10 v0.29 Utility functions of pdfTeX for LuaTeX (HO
)

("C:\Users\USER\AppData\Local\Programs\MiKTeX 2.9\tex/generic/oberdiek\ifpdf.st
y"
Package: ifpdf 2018/09/07 v3.3 Provides the ifpdf switch
)
Package pdftexcmds Info: LuaTeX not detected.
Package pdftexcmds Info: \pdf@primitive is available.
Package pdftexcmds Info: \pdf@ifprimitive is available.
Package pdftexcmds Info: \pdfdraftmode found.
)
Package epstopdf-base Info: Redefining graphics rule for `.eps' on input line 4
38.
Package grfext Info: Graphics extension search list:
(grfext)             [.pdf,.png,.jpg,.mps,.jpeg,.jbig2,.jb2,.PDF,.PNG,.JPG,.JPE
G,.JBIG2,.JB2,.eps]
(grfext)             \AppendGraphicsExtensions on input line 456.
)
LaTeX Font Info:    External font `cmex10' loaded for size
(Font)              <14.4> on input line 37.
LaTeX Font Info:    External font `cmex10' loaded for size
(Font)              <7> on input line 37.
 [1

{C:/Users/USER/AppData/Local/MiKTeX/2.9/pdftex/config/pdftex.map}]
<gambar/1.png, id=7, 167.12437pt x 60.225pt>
File: gambar/1.png Graphic file (type png)
<use gambar/1.png>
Package pdftex.def Info: gambar/1.png  used on input line 52.
(pdftex.def)             Requested size: 133.69966pt x 48.18005pt.

[1 <./gambar/1.png>]
Underfull \hbox (badness 10000) in paragraph at lines 68--70

 []

<gambar/2.png, id=14, 213.04594pt x 63.98906pt>
File: gambar/2.png Graphic file (type png)
<use gambar/2.png>
Package pdftex.def Info: gambar/2.png  used on input line 72.
(pdftex.def)             Requested size: 170.43697pt x 51.1913pt.
<gambar/3.png, id=15, 93.34875pt x 44.41594pt>
File: gambar/3.png Graphic file (type png)
<use gambar/3.png>
Package pdftex.def Info: gambar/3.png  used on input line 77.
(pdftex.def)             Requested size: 74.6791pt x 35.53278pt.
<gambar/4.png, id=16, 1016.29688pt x 109.91063pt>
File: gambar/4.png Graphic file (type png)
<use gambar/4.png>
Package pdftex.def Info: gambar/4.png  used on input line 82.
(pdftex.def)             Requested size: 304.89142pt x 32.97343pt.
[2 <./gambar/2.png> <./gambar/3.png> <./gambar/4.png>]
<gambar/5.png, id=23, 550.30594pt x 115.18031pt>
File: gambar/5.png Graphic file (type png)
<use gambar/5.png>
Package pdftex.def Info: gambar/5.png  used on input line 87.
(pdftex.def)             Requested size: 165.09305pt x 34.55435pt.
<gambar/6.png, id=24, 73.77562pt x 80.55093pt>
File: gambar/6.png Graphic file (type png)
<use gambar/6.png>
Package pdftex.def Info: gambar/6.png  used on input line 92.
(pdftex.def)             Requested size: 59.02055pt x 64.44083pt.
 [3 <./gambar/5.png> <./gambar/6.png>]
<gambar/e.png, id=30, 73.77562pt x 80.55093pt>
File: gambar/e.png Graphic file (type png)
<use gambar/e.png>
Package pdftex.def Info: gambar/e.png  used on input line 100.
(pdftex.def)             Requested size: 59.02055pt x 64.44083pt.
<gambar/r.png, id=31, 213.04594pt x 63.98906pt>
File: gambar/r.png Graphic file (type png)
<use gambar/r.png>
Package pdftex.def Info: gambar/r.png  used on input line 104.
(pdftex.def)             Requested size: 170.43697pt x 51.1913pt.
<gambar/7.png, id=32, 294.34969pt x 95.6072pt>
File: gambar/7.png Graphic file (type png)
<use gambar/7.png>
Package pdftex.def Info: gambar/7.png  used on input line 134.
(pdftex.def)             Requested size: 147.17447pt x 47.80347pt.
 [4 <./gambar/e.png> <./gambar/r.png>]
File: gambar/7.png Graphic file (type png)
<use gambar/7.png>
Package pdftex.def Info: gambar/7.png  used on input line 139.
(pdftex.def)             Requested size: 147.17447pt x 47.80347pt.
<gambar/8.png, id=38, 536.75531pt x 143.78719pt>
File: gambar/8.png Graphic file (type png)
<use gambar/8.png>
Package pdftex.def Info: gambar/8.png  used on input line 144.
(pdftex.def)             Requested size: 268.37698pt x 71.89342pt.
 [5 <./gambar/7.png> <./gambar/8.png>]
File: gambar/8.png Graphic file (type png)
<use gambar/8.png>
Package pdftex.def Info: gambar/8.png  used on input line 149.
(pdftex.def)             Requested size: 268.37698pt x 71.89342pt.
<gambar/9.png, id=44, 184.43906pt x 51.94406pt>
File: gambar/9.png Graphic file (type png)
<use gambar/9.png>
Package pdftex.def Info: gambar/9.png  used on input line 158.
(pdftex.def)             Requested size: 92.2193pt x 25.97195pt.
<gambar/10.png, id=45, 179.92218pt x 52.69687pt>
File: gambar/10.png Graphic file (type png)
<use gambar/10.png>
Package pdftex.def Info: gambar/10.png  used on input line 163.
(pdftex.def)             Requested size: 89.96086pt x 26.34836pt.
 (src/1184007csv.py) (src/1184007csv.py [6 <./gambar/9.png> <./gambar/10.png>]
LaTeX Font Info:    Try loading font information for OMS+cmr on input line 23.

("C:\Users\USER\AppData\Local\Programs\MiKTeX 2.9\tex/latex/base\omscmr.fd"
File: omscmr.fd 2014/09/29 v2.5h Standard LaTeX font definitions
)
LaTeX Font Info:    Font shape `OMS/cmr/m/n' in size <10> not available
(Font)              Font shape `OMS/cmsy/m/n' tried instead on input line 23.
)
(src/1184007pandas.py) (src/1184007pandas.py) [7] (src/1184007pandas.py)
(src/1184007pandas.py) (src/1184007pandas.py) (src/main.py [8]) (src/main.py)
<gambar/11.png, id=61, 457.71pt x 466.74374pt>
File: gambar/11.png Graphic file (type png)
<use gambar/11.png>
Package pdftex.def Info: gambar/11.png  used on input line 207.
(pdftex.def)             Requested size: 228.85445pt x 233.37129pt.

[9 <./gambar/11.png>] (chapter4.aux) ) 
Here is how much of TeX's memory you used:
 3384 strings out of 492945
 47850 string characters out of 3126697
 386594 words of memory out of 3000000
 7238 multiletter control sequences out of 15000+200000
 6671 words of font info for 24 fonts, out of 3000000 for 9000
 1141 hyphenation exceptions out of 8191
 41i,8n,47p,466b,1735s stack positions out of 5000i,500n,10000p,200000b,50000s
<C:/Users/USER/AppData/Local/Programs/MiK
TeX 2.9/fonts/type1/public/amsfonts/cm/cmbx12.pfb><C:/Users/USER/AppData/Local/
Programs/MiKTeX 2.9/fonts/type1/public/amsfonts/cm/cmr10.pfb><C:/Users/USER/App
Data/Local/Programs/MiKTeX 2.9/fonts/type1/public/amsfonts/cm/cmr12.pfb><C:/Use
rs/USER/AppData/Local/Programs/MiKTeX 2.9/fonts/type1/public/amsfonts/cm/cmr17.
pfb><C:/Users/USER/AppData/Local/Programs/MiKTeX 2.9/fonts/type1/public/amsfont
s/cm/cmr6.pfb><C:/Users/USER/AppData/Local/Programs/MiKTeX 2.9/fonts/type1/publ
ic/amsfonts/cm/cmsy10.pfb>
Output written on chapter4.pdf (10 pages, 197785 bytes).
PDF statistics:
 86 PDF objects out of 1000 (max. 8388607)
 0 named destinations out of 1000 (max. 500000)
 66 words of extra memory for PDF output out of 10000 (max. 10000000)

