This is pdfTeX, Version 3.14159265-2.6-1.40.20 (MiKTeX 2.9.7000 64-bit) (preloaded format=pdflatex 2019.10.12)  1 NOV 2019 12:21
entering extended mode
**./main.tex
(main.tex
LaTeX2e <2018-12-01>
(ociamthesis.cls
Document Class: ociamthesis 2010/11/22 v2.2 OCIAM thesis class
("C:\Users\ANIF\AppData\Local\Programs\MiKTeX 2.9\tex/latex/base\report.cls"
Document Class: report 2018/09/03 v1.4i Standard LaTeX document class
("C:\Users\ANIF\AppData\Local\Programs\MiKTeX 2.9\tex/latex/base\size12.clo"
File: size12.clo 2018/09/03 v1.4i Standard LaTeX file (size option)
)
\c@part=\count80
\c@chapter=\count81
\c@section=\count82
\c@subsection=\count83
\c@subsubsection=\count84
\c@paragraph=\count85
\c@subparagraph=\count86
\c@figure=\count87
\c@table=\count88
\abovecaptionskip=\skip41
\belowcaptionskip=\skip42
\bibindent=\dimen102
)
("C:\Users\ANIF\AppData\Local\Programs\MiKTeX 2.9\tex/latex/graphics\graphicx.s
ty"
Package: graphicx 2017/06/01 v1.1a Enhanced LaTeX Graphics (DPC,SPQR)

("C:\Users\ANIF\AppData\Local\Programs\MiKTeX 2.9\tex/latex/graphics\keyval.sty
"
Package: keyval 2014/10/28 v1.15 key=value parser (DPC)
\KV@toks@=\toks14
)
("C:\Users\ANIF\AppData\Local\Programs\MiKTeX 2.9\tex/latex/graphics\graphics.s
ty"
Package: graphics 2017/06/25 v1.2c Standard LaTeX Graphics (DPC,SPQR)

("C:\Users\ANIF\AppData\Local\Programs\MiKTeX 2.9\tex/latex/graphics\trig.sty"
Package: trig 2016/01/03 v1.10 sin cos tan (DPC)
)
("C:\Users\ANIF\AppData\Local\Programs\MiKTeX 2.9\tex/latex/graphics-cfg\graphi
cs.cfg"
File: graphics.cfg 2016/06/04 v1.11 sample graphics configuration
)
Package graphics Info: Driver file: pdftex.def on input line 99.

("C:\Users\ANIF\AppData\Local\Programs\MiKTeX 2.9\tex/latex/graphics-def\pdftex
.def"
File: pdftex.def 2018/01/08 v1.0l Graphics/color driver for pdftex
))
\Gin@req@height=\dimen103
\Gin@req@width=\dimen104
)
("C:\Users\ANIF\AppData\Local\Programs\MiKTeX 2.9\tex/latex/base\ifthen.sty"
Package: ifthen 2014/09/29 v1.1c Standard LaTeX ifthen package (DPC)
))
("C:\Users\ANIF\AppData\Local\Programs\MiKTeX 2.9\tex/latex/amsfonts\amssymb.st
y"
Package: amssymb 2013/01/14 v3.01 AMS font symbols

("C:\Users\ANIF\AppData\Local\Programs\MiKTeX 2.9\tex/latex/amsfonts\amsfonts.s
ty"
Package: amsfonts 2013/01/14 v3.01 Basic AMSFonts support
\@emptytoks=\toks15
\symAMSa=\mathgroup4
\symAMSb=\mathgroup5
LaTeX Font Info:    Overwriting math alphabet `\mathfrak' in version `bold'
(Font)                  U/euf/m/n --> U/euf/b/n on input line 106.
))
("C:\Users\ANIF\AppData\Local\Programs\MiKTeX 2.9\tex/latex/listings\listings.s
ty"
\lst@mode=\count89
\lst@gtempboxa=\box27
\lst@token=\toks16
\lst@length=\count90
\lst@currlwidth=\dimen105
\lst@column=\count91
\lst@pos=\count92
\lst@lostspace=\dimen106
\lst@width=\dimen107
\lst@newlines=\count93
\lst@lineno=\count94
\lst@maxwidth=\dimen108

("C:\Users\ANIF\AppData\Local\Programs\MiKTeX 2.9\tex/latex/listings\lstmisc.st
y"
File: lstmisc.sty 2019/09/10 1.8c (Carsten Heinz)
\c@lstnumber=\count95
\lst@skipnumbers=\count96
\lst@framebox=\box28
)
("C:\Users\ANIF\AppData\Local\Programs\MiKTeX 2.9\tex/latex/listings\listings.c
fg"
File: listings.cfg 2019/09/10 1.8c listings configuration
))
Package: listings 2019/09/10 1.8c (Carsten Heinz)

("C:\Users\ANIF\AppData\Local\Programs\MiKTeX 2.9\tex/latex/graphics\color.sty"
Package: color 2016/07/10 v1.1e Standard LaTeX Color (DPC)

("C:\Users\ANIF\AppData\Local\Programs\MiKTeX 2.9\tex/latex/graphics-cfg\color.
cfg"
File: color.cfg 2016/01/02 v1.6 sample color configuration
)
Package color Info: Driver file: pdftex.def on input line 147.
)
("C:\Users\ANIF\AppData\Local\Programs\MiKTeX 2.9\tex/latex/float\float.sty"
Package: float 2001/11/08 v1.3d Float enhancements (AL)
\c@float@type=\count97
\float@exts=\toks17
\float@box=\box29
\@float@everytoks=\toks18
\@floatcapt=\box30
)
("C:\Users\ANIF\AppData\Local\Programs\MiKTeX 2.9\tex/latex/listings\lstlang1.s
ty"
File: lstlang1.sty 2019/09/10 1.8c listings language file
) (main.aux
No file section/dedication.aux.
No file section/KataPengantar.aux.
(section/chapter2.aux))
\openout1 = `main.aux'.

LaTeX Font Info:    Checking defaults for OML/cmm/m/it on input line 54.
LaTeX Font Info:    ... okay on input line 54.
LaTeX Font Info:    Checking defaults for T1/cmr/m/n on input line 54.
LaTeX Font Info:    ... okay on input line 54.
LaTeX Font Info:    Checking defaults for OT1/cmr/m/n on input line 54.
LaTeX Font Info:    ... okay on input line 54.
LaTeX Font Info:    Checking defaults for OMS/cmsy/m/n on input line 54.
LaTeX Font Info:    ... okay on input line 54.
LaTeX Font Info:    Checking defaults for OMX/cmex/m/n on input line 54.
LaTeX Font Info:    ... okay on input line 54.
LaTeX Font Info:    Checking defaults for U/cmr/m/n on input line 54.
LaTeX Font Info:    ... okay on input line 54.

("C:\Users\ANIF\AppData\Local\Programs\MiKTeX 2.9\tex/context/base/mkii\supp-pd
f.mkii"
[Loading MPS to PDF converter (version 2006.09.02).]
\scratchcounter=\count98
\scratchdimen=\dimen109
\scratchbox=\box31
\nofMPsegments=\count99
\nofMParguments=\count100
\everyMPshowfont=\toks19
\MPscratchCnt=\count101
\MPscratchDim=\dimen110
\MPnumerator=\count102
\makeMPintoPDFobject=\count103
\everyMPtoPDFconversion=\toks20
)
("C:\Users\ANIF\AppData\Local\Programs\MiKTeX 2.9\tex/latex/oberdiek\epstopdf-b
ase.sty"
Package: epstopdf-base 2016/05/15 v2.6 Base part for package epstopdf

("C:\Users\ANIF\AppData\Local\Programs\MiKTeX 2.9\tex/generic/oberdiek\infwarer
r.sty"
Package: infwarerr 2016/05/16 v1.4 Providing info/warning/error messages (HO)
)
("C:\Users\ANIF\AppData\Local\Programs\MiKTeX 2.9\tex/latex/oberdiek\grfext.sty
"
Package: grfext 2016/05/16 v1.2 Manage graphics extensions (HO)

("C:\Users\ANIF\AppData\Local\Programs\MiKTeX 2.9\tex/generic/oberdiek\kvdefine
keys.sty"
Package: kvdefinekeys 2016/05/16 v1.4 Define keys (HO)

("C:\Users\ANIF\AppData\Local\Programs\MiKTeX 2.9\tex/generic/oberdiek\ltxcmds.
sty"
Package: ltxcmds 2016/05/16 v1.23 LaTeX kernel commands for general use (HO)
)))
("C:\Users\ANIF\AppData\Local\Programs\MiKTeX 2.9\tex/latex/oberdiek\kvoptions.
sty"
Package: kvoptions 2016/05/16 v3.12 Key value format for package options (HO)

("C:\Users\ANIF\AppData\Local\Programs\MiKTeX 2.9\tex/generic/oberdiek\kvsetkey
s.sty"
Package: kvsetkeys 2016/05/16 v1.17 Key value parser (HO)

("C:\Users\ANIF\AppData\Local\Programs\MiKTeX 2.9\tex/generic/oberdiek\etexcmds
.sty"
Package: etexcmds 2016/05/16 v1.6 Avoid name clashes with e-TeX commands (HO)

("C:\Users\ANIF\AppData\Local\Programs\MiKTeX 2.9\tex/generic/oberdiek\ifluatex
.sty"
Package: ifluatex 2016/05/16 v1.4 Provides the ifluatex switch (HO)
Package ifluatex Info: LuaTeX not detected.
))))
("C:\Users\ANIF\AppData\Local\Programs\MiKTeX 2.9\tex/generic/oberdiek\pdftexcm
ds.sty"
Package: pdftexcmds 2018/09/10 v0.29 Utility functions of pdfTeX for LuaTeX (HO
)

("C:\Users\ANIF\AppData\Local\Programs\MiKTeX 2.9\tex/generic/oberdiek\ifpdf.st
y"
Package: ifpdf 2018/09/07 v3.3 Provides the ifpdf switch
)
Package pdftexcmds Info: LuaTeX not detected.
Package pdftexcmds Info: \pdf@primitive is available.
Package pdftexcmds Info: \pdf@ifprimitive is available.
Package pdftexcmds Info: \pdfdraftmode found.
)
Package epstopdf-base Info: Redefining graphics rule for `.eps' on input line 4
38.
Package grfext Info: Graphics extension search list:
(grfext)             [.pdf,.png,.jpg,.mps,.jpeg,.jbig2,.jb2,.PDF,.PNG,.JPG,.JPE
G,.JBIG2,.JB2,.eps]
(grfext)             \AppendGraphicsExtensions on input line 456.
)
\c@lstlisting=\count104
<logo-poltekpos.png, id=1, 291.2481pt x 272.217pt>
File: logo-poltekpos.png Graphic file (type png)
<use logo-poltekpos.png>
Package pdftex.def Info: logo-poltekpos.png  used on input line 65.
(pdftex.def)             Requested size: 91.04881pt x 85.10081pt.
 [1


{C:/Users/ANIF/AppData/Local/MiKTeX/2.9/pdftex/config/pdftex.map} <./logo-polte
kpos.png>]
\openout2 = `section/dedication.aux'.


No file section/dedication.tex.
\openout2 = `section/KataPengantar.aux'.

No file section/KataPengantar.tex.
\openout2 = `section/chapter2.aux'.

(section/chapter2.tex
Chapter 1.
<figures/1184065/Var1.PNG, id=12, 243.91125pt x 103.13531pt>
File: figures/1184065/Var1.PNG Graphic file (type png)
<use figures/1184065/Var1.PNG>
Package pdftex.def Info: figures/1184065/Var1.PNG  used on input line 18.
(pdftex.def)             Requested size: 113.81102pt x 48.12422pt.
<figures/1184065/Var2.PNG, id=13, 319.1925pt x 48.93282pt>
File: figures/1184065/Var2.PNG Graphic file (type png)
<use figures/1184065/Var2.PNG>
Package pdftex.def Info: figures/1184065/Var2.PNG  used on input line 23.
(pdftex.def)             Requested size: 113.81102pt x 17.44704pt.
<figures/1184065/Var3.PNG, id=14, 335.75438pt x 21.83156pt>
File: figures/1184065/Var3.PNG Graphic file (type png)
<use figures/1184065/Var3.PNG>
Package pdftex.def Info: figures/1184065/Var3.PNG  used on input line 28.
(pdftex.def)             Requested size: 113.81102pt x 7.4003pt.
[2






 <./figures/1184065/Var1.PNG>]
Overfull \hbox (21.2578pt too wide) in paragraph at lines 32--32
[]\OT1/cmr/bx/n/12 Tuliskan Kode un-tuk mem-inta in-put dari user dan tuliskan 
bagaimana
 []

<figures/1184065/KodeInputOutput1.PNG, id=19, 371.88937pt x 158.09062pt>
File: figures/1184065/KodeInputOutput1.PNG Graphic file (type png)
<use figures/1184065/KodeInputOutput1.PNG>
Package pdftex.def Info: figures/1184065/KodeInputOutput1.PNG  used on input li
ne 35.
(pdftex.def)             Requested size: 113.81102pt x 48.38039pt.

Underfull \hbox (badness 1052) in paragraph at lines 37--37
[]\OT1/cmr/m/n/12 Figure 1.4: Kode per-in-tah un-tuk mem-inta in-put dari user 
dan kode un-tuk
 []

<figures/1184065/KodeHasilInputOutput2.PNG, id=20, 319.94531pt x 88.83188pt>
File: figures/1184065/KodeHasilInputOutput2.PNG Graphic file (type png)
<use figures/1184065/KodeHasilInputOutput2.PNG>
Package pdftex.def Info: figures/1184065/KodeHasilInputOutput2.PNG  used on inp
ut line 40.
(pdftex.def)             Requested size: 113.81102pt x 31.59991pt.

Underfull \hbox (badness 10000) in paragraph at lines 44--45

 []


Overfull \hbox (33.32172pt too wide) in paragraph at lines 45--45
[]\OT1/cmr/bx/n/12 Tuliskan op-er-a-tor ar-it-matika, tam-bah, kali, ku-rang, b
agi dan bagaimana
 []

<figures/1184065/IntKeStr.PNG, id=21, 304.88907pt x 323.70938pt>
File: figures/1184065/IntKeStr.PNG Graphic file (type png)
<use figures/1184065/IntKeStr.PNG>
Package pdftex.def Info: figures/1184065/IntKeStr.PNG  used on input line 47.
(pdftex.def)             Requested size: 113.81102pt x 120.8375pt.
<figures/1184065/IntKeStrHasil.PNG, id=22, 151.3153pt x 145.29282pt>
File: figures/1184065/IntKeStrHasil.PNG Graphic file (type png)
<use figures/1184065/IntKeStrHasil.PNG>
Package pdftex.def Info: figures/1184065/IntKeStrHasil.PNG  used on input line 
52.
(pdftex.def)             Requested size: 113.81102pt x 109.28192pt.
[3 <./figures/1184065/Var2.PNG> <./figures/1184065/Var3.PNG> <./figures/1184065
/KodeInputOutput1.PNG> <./figures/1184065/KodeHasilInputOutput2.PNG>]
<figures/1184065/StrKeIntNew.PNG, id=30, 360.59718pt x 80.55093pt>
File: figures/1184065/StrKeIntNew.PNG Graphic file (type png)
<use figures/1184065/StrKeIntNew.PNG>
Package pdftex.def Info: figures/1184065/StrKeIntNew.PNG  used on input line 57
.
(pdftex.def)             Requested size: 113.81102pt x 25.42284pt.
<figures/1184065/StrkeIntHasil.PNG, id=31, 74.52844pt x 11.29219pt>
File: figures/1184065/StrkeIntHasil.PNG Graphic file (type png)
<use figures/1184065/StrkeIntHasil.PNG>
Package pdftex.def Info: figures/1184065/StrkeIntHasil.PNG  used on input line 
62.
(pdftex.def)             Requested size: 113.81102pt x 17.24509pt.
<figures/1184065/PerFor.PNG, id=32, 320.69812pt x 121.95563pt>
File: figures/1184065/PerFor.PNG Graphic file (type png)
<use figures/1184065/PerFor.PNG>
Package pdftex.def Info: figures/1184065/PerFor.PNG  used on input line 72.
(pdftex.def)             Requested size: 113.81102pt x 43.27872pt.
 [4 <./figures/1184065/IntKeStr.PNG> <./figures/1184065/IntKeStrHasil.PNG> <./f
igures/1184065/StrKeIntNew.PNG> <./figures/1184065/StrkeIntHasil.PNG>]
<figures/1184065/PerForHasil.PNG, id=40, 425.33907pt x 170.13562pt>
File: figures/1184065/PerForHasil.PNG Graphic file (type png)
<use figures/1184065/PerForHasil.PNG>
Package pdftex.def Info: figures/1184065/PerForHasil.PNG  used on input line 77
.
(pdftex.def)             Requested size: 113.81102pt x 45.52444pt.
<figures/1184065/PerWhile.PNG, id=41, 325.96782pt x 259.7203pt>
File: figures/1184065/PerWhile.PNG Graphic file (type png)
<use figures/1184065/PerWhile.PNG>
Package pdftex.def Info: figures/1184065/PerWhile.PNG  used on input line 85.
(pdftex.def)             Requested size: 113.81102pt x 90.68153pt.
<figures/1184065/PerWhileHasil.PNG, id=42, 195.73125pt x 197.23688pt>
File: figures/1184065/PerWhileHasil.PNG Graphic file (type png)
<use figures/1184065/PerWhileHasil.PNG>
Package pdftex.def Info: figures/1184065/PerWhileHasil.PNG  used on input line 
90.
(pdftex.def)             Requested size: 113.81102pt x 114.68637pt.
<figures/1184065/IF.PNG, id=43, 367.3725pt x 125.71968pt>
File: figures/1184065/IF.PNG Graphic file (type png)
<use figures/1184065/IF.PNG>
Package pdftex.def Info: figures/1184065/IF.PNG  used on input line 100.
(pdftex.def)             Requested size: 113.81102pt x 38.94775pt.
 [5 <./figures/1184065/PerFor.PNG> <./figures/1184065/PerForHasil.PNG> <./figur
es/1184065/PerWhile.PNG> <./figures/1184065/PerWhileHasil.PNG>]
<figures/1184065/IF_Hasil.PNG, id=51, 433.62pt x 78.2925pt>
File: figures/1184065/IF_Hasil.PNG Graphic file (type png)
<use figures/1184065/IF_Hasil.PNG>
Package pdftex.def Info: figures/1184065/IF_Hasil.PNG  used on input line 105.
(pdftex.def)             Requested size: 113.81102pt x 20.54909pt.
<figures/1184065/IF_ELSE.PNG, id=52, 650.43pt x 220.57407pt>
File: figures/1184065/IF_ELSE.PNG Graphic file (type png)
<use figures/1184065/IF_ELSE.PNG>
Package pdftex.def Info: figures/1184065/IF_ELSE.PNG  used on input line 114.
(pdftex.def)             Requested size: 113.81102pt x 38.5943pt.
<figures/1184065/IF_ELSE_Hasil.PNG, id=53, 340.27126pt x 41.4047pt>
File: figures/1184065/IF_ELSE_Hasil.PNG Graphic file (type png)
<use figures/1184065/IF_ELSE_Hasil.PNG>
Package pdftex.def Info: figures/1184065/IF_ELSE_Hasil.PNG  used on input line 
119.
(pdftex.def)             Requested size: 113.81102pt x 13.8487pt.
<figures/1184065/IF_ELIF_ELSE.PNG, id=54, 377.15906pt x 373.395pt>
File: figures/1184065/IF_ELIF_ELSE.PNG Graphic file (type png)
<use figures/1184065/IF_ELIF_ELSE.PNG>
Package pdftex.def Info: figures/1184065/IF_ELIF_ELSE.PNG  used on input line 1
27.
(pdftex.def)             Requested size: 113.81102pt x 112.67458pt.
<figures/1184065/IF_ELIF_ELSE_HASIL.PNG, id=55, 335.75438pt x 49.68562pt>
File: figures/1184065/IF_ELIF_ELSE_HASIL.PNG Graphic file (type png)
<use figures/1184065/IF_ELIF_ELSE_HASIL.PNG>
Package pdftex.def Info: figures/1184065/IF_ELIF_ELSE_HASIL.PNG  used on input 
line 132.
(pdftex.def)             Requested size: 113.81102pt x 16.84209pt.
 [6 <./figures/1184065/IF.PNG> <./figures/1184065/IF_Hasil.PNG> <./figures/1184
065/IF_ELSE.PNG> <./figures/1184065/IF_ELSE_Hasil.PNG>]
Underfull \hbox (badness 10000) in paragraph at lines 136--137

 []

<figures/1184065/SintakError.PNG, id=63, 375.65344pt x 137.7647pt>
File: figures/1184065/SintakError.PNG Graphic file (type png)
<use figures/1184065/SintakError.PNG>
Package pdftex.def Info: figures/1184065/SintakError.PNG  used on input line 14
0.
(pdftex.def)             Requested size: 113.81102pt x 41.73753pt.
<figures/1184065/SintakPemberitahuanError.PNG, id=64, 438.8897pt x 112.92188pt>

File: figures/1184065/SintakPemberitahuanError.PNG Graphic file (type png)
<use figures/1184065/SintakPemberitahuanError.PNG>
Package pdftex.def Info: figures/1184065/SintakPemberitahuanError.PNG  used on 
input line 145.
(pdftex.def)             Requested size: 113.81102pt x 29.28145pt.
<figures/1184065/SintakErrorMenangani.PNG, id=65, 362.10281pt x 143.03438pt>
File: figures/1184065/SintakErrorMenangani.PNG Graphic file (type png)
<use figures/1184065/SintakErrorMenangani.PNG>
Package pdftex.def Info: figures/1184065/SintakErrorMenangani.PNG  used on inpu
t line 150.
(pdftex.def)             Requested size: 113.81102pt x 44.95566pt.
<figures/1184065/SintakHasilMenanganiError.PNG, id=66, 248.42813pt x 146.04562p
t>
File: figures/1184065/SintakHasilMenanganiError.PNG Graphic file (type png)
<use figures/1184065/SintakHasilMenanganiError.PNG>
Package pdftex.def Info: figures/1184065/SintakHasilMenanganiError.PNG  used on
 input line 155.
(pdftex.def)             Requested size: 113.81102pt x 66.90768pt.
[7 <./figures/1184065/IF_ELIF_ELSE.PNG> <./figures/1184065/IF_ELIF_ELSE_HASIL.P
NG> <./figures/1184065/SintakError.PNG> <./figures/1184065/SintakPemberitahuanE
rror.PNG> <./figures/1184065/SintakErrorMenangani.PNG>] (src/NPM1.py
LaTeX Font Info:    Try loading font information for U+msa on input line 1.

("C:\Users\ANIF\AppData\Local\Programs\MiKTeX 2.9\tex/latex/amsfonts\umsa.fd"
File: umsa.fd 2013/01/14 v3.01 AMS symbols A
)
LaTeX Font Info:    Try loading font information for U+msb on input line 1.

("C:\Users\ANIF\AppData\Local\Programs\MiKTeX 2.9\tex/latex/amsfonts\umsb.fd"
File: umsb.fd 2013/01/14 v3.01 AMS symbols B
)
LaTeX Font Info:    Try loading font information for OMS+cmr on input line 1.

("C:\Users\ANIF\AppData\Local\Programs\MiKTeX 2.9\tex/latex/base\omscmr.fd"
File: omscmr.fd 2014/09/29 v2.5h Standard LaTeX font definitions
)
LaTeX Font Info:    Font shape `OMS/cmr/m/n' in size <10> not available
(Font)              Font shape `OMS/cmsy/m/n' tried instead on input line 1.

[8 <./figures/1184065/SintakHasilMenanganiError.PNG>]) (src/NPM2.py
LaTeX Font Info:    Try loading font information for OML+cmr on input line 10.

("C:\Users\ANIF\AppData\Local\Programs\MiKTeX 2.9\tex/latex/base\omlcmr.fd"
File: omlcmr.fd 2014/09/29 v2.5h Standard LaTeX font definitions
)
LaTeX Font Info:    Font shape `OML/cmr/m/n' in size <10> not available
(Font)              Font shape `OML/cmm/m/it' tried instead on input line 10.
)
(src/NPM3.py) (src/NPM4.py) (src/NPM5.py [9]) (src/NPM6.py [10]) (src/NPM7.py)
(src/NPM8.py [11]) (src/NPM9.py) (src/NPM10.py) (src/NPM11.py [12])
Underfull \hbox (badness 10000) in paragraph at lines 187--188

 []

(src/2err.py) [13] (src/2err.py)
<figures/1184065/2er.PNG, id=100, 497.60907pt x 205.5178pt>
File: figures/1184065/2er.PNG Graphic file (type png)
<use figures/1184065/2er.PNG>
Package pdftex.def Info: figures/1184065/2er.PNG  used on input line 200.
(pdftex.def)             Requested size: 113.81102pt x 47.00467pt.
<figures/1184065/2erError.PNG, id=101, 471.26062pt x 68.50594pt>
File: figures/1184065/2erError.PNG Graphic file (type png)
<use figures/1184065/2erError.PNG>
Package pdftex.def Info: figures/1184065/2erError.PNG  used on input line 204.
(pdftex.def)             Requested size: 113.81102pt x 16.54419pt.
) [14 <./figures/1184065/2er.PNG> <./figures/1184065/2erError.PNG>] (main.aux (
section/dedication.aux)
(section/KataPengantar.aux) (section/chapter2.aux)) ) 
Here is how much of TeX's memory you used:
 3908 strings out of 492945
 57982 string characters out of 3126695
 437135 words of memory out of 3000000
 7684 multiletter control sequences out of 15000+200000
 8409 words of font info for 32 fonts, out of 3000000 for 9000
 1141 hyphenation exceptions out of 8191
 41i,8n,47p,440b,1845s stack positions out of 5000i,500n,10000p,200000b,50000s
<C:/Users/ANIF/AppData/Loc
al/Programs/MiKTeX 2.9/fonts/type1/public/amsfonts/cm/cmbx12.pfb><C:/Users/ANIF
/AppData/Local/Programs/MiKTeX 2.9/fonts/type1/public/amsfonts/cm/cmmi10.pfb><C
:/Users/ANIF/AppData/Local/Programs/MiKTeX 2.9/fonts/type1/public/amsfonts/cm/c
mr10.pfb><C:/Users/ANIF/AppData/Local/Programs/MiKTeX 2.9/fonts/type1/public/am
sfonts/cm/cmr12.pfb><C:/Users/ANIF/AppData/Local/Programs/MiKTeX 2.9/fonts/type
1/public/amsfonts/cm/cmr17.pfb><C:/Users/ANIF/AppData/Local/Programs/MiKTeX 2.9
/fonts/type1/public/amsfonts/cm/cmr6.pfb><C:/Users/ANIF/AppData/Local/Programs/
MiKTeX 2.9/fonts/type1/public/amsfonts/cm/cmsy10.pfb><C:/Users/ANIF/AppData/Loc
al/Programs/MiKTeX 2.9/fonts/type1/public/amsfonts/cm/cmti12.pfb>
Output written on main.pdf (14 pages, 346923 bytes).
PDF statistics:
 133 PDF objects out of 1000 (max. 8388607)
 0 named destinations out of 1000 (max. 500000)
 131 words of extra memory for PDF output out of 10000 (max. 10000000)

