This is pdfTeX, Version 3.14159265-2.6-1.40.19 (TeX Live 2019/dev/Debian) (preloaded format=pdflatex 2019.10.15)  17 OCT 2019 08:19
entering extended mode
 restricted \write18 enabled.
 %&-line parsing enabled.
**1184047.tex
(./1184047.tex
LaTeX2e <2018-12-01>
(./ociamthesis.cls
Document Class: ociamthesis 2010/11/22 v2.2 OCIAM thesis class
(/usr/share/texlive/texmf-dist/tex/latex/base/report.cls
Document Class: report 2018/09/03 v1.4i Standard LaTeX document class
(/usr/share/texlive/texmf-dist/tex/latex/base/size12.clo
File: size12.clo 2018/09/03 v1.4i Standard LaTeX file (size option)
)
\c@part=\count80
\c@chapter=\count81
\c@section=\count82
\c@subsection=\count83
\c@subsubsection=\count84
\c@paragraph=\count85
\c@subparagraph=\count86
\c@figure=\count87
\c@table=\count88
\abovecaptionskip=\skip41
\belowcaptionskip=\skip42
\bibindent=\dimen102
)
(/usr/share/texlive/texmf-dist/tex/latex/graphics/graphicx.sty
Package: graphicx 2017/06/01 v1.1a Enhanced LaTeX Graphics (DPC,SPQR)

(/usr/share/texlive/texmf-dist/tex/latex/graphics/keyval.sty
Package: keyval 2014/10/28 v1.15 key=value parser (DPC)
\KV@toks@=\toks14
)
(/usr/share/texlive/texmf-dist/tex/latex/graphics/graphics.sty
Package: graphics 2017/06/25 v1.2c Standard LaTeX Graphics (DPC,SPQR)

(/usr/share/texlive/texmf-dist/tex/latex/graphics/trig.sty
Package: trig 2016/01/03 v1.10 sin cos tan (DPC)
)
(/usr/share/texlive/texmf-dist/tex/latex/graphics-cfg/graphics.cfg
File: graphics.cfg 2016/06/04 v1.11 sample graphics configuration
)
Package graphics Info: Driver file: pdftex.def on input line 99.

(/usr/share/texlive/texmf-dist/tex/latex/graphics-def/pdftex.def
File: pdftex.def 2018/01/08 v1.0l Graphics/color driver for pdftex
))
\Gin@req@height=\dimen103
\Gin@req@width=\dimen104
)
(/usr/share/texlive/texmf-dist/tex/latex/base/ifthen.sty
Package: ifthen 2014/09/29 v1.1c Standard LaTeX ifthen package (DPC)
))
(/usr/share/texlive/texmf-dist/tex/latex/amsfonts/amssymb.sty
Package: amssymb 2013/01/14 v3.01 AMS font symbols

(/usr/share/texlive/texmf-dist/tex/latex/amsfonts/amsfonts.sty
Package: amsfonts 2013/01/14 v3.01 Basic AMSFonts support
\@emptytoks=\toks15
\symAMSa=\mathgroup4
\symAMSb=\mathgroup5
LaTeX Font Info:    Overwriting math alphabet `\mathfrak' in version `bold'
(Font)                  U/euf/m/n --> U/euf/b/n on input line 106.
))
(/usr/share/texlive/texmf-dist/tex/latex/amsmath/amsmath.sty
Package: amsmath 2018/12/01 v2.17b AMS math features
\@mathmargin=\skip43

For additional information on amsmath, use the `?' option.
(/usr/share/texlive/texmf-dist/tex/latex/amsmath/amstext.sty
Package: amstext 2000/06/29 v2.01 AMS text

(/usr/share/texlive/texmf-dist/tex/latex/amsmath/amsgen.sty
File: amsgen.sty 1999/11/30 v2.0 generic functions
\@emptytoks=\toks16
\ex@=\dimen105
))
(/usr/share/texlive/texmf-dist/tex/latex/amsmath/amsbsy.sty
Package: amsbsy 1999/11/29 v1.2d Bold Symbols
\pmbraise@=\dimen106
)
(/usr/share/texlive/texmf-dist/tex/latex/amsmath/amsopn.sty
Package: amsopn 2016/03/08 v2.02 operator names
)
\inf@bad=\count89
LaTeX Info: Redefining \frac on input line 223.
\uproot@=\count90
\leftroot@=\count91
LaTeX Info: Redefining \overline on input line 385.
\classnum@=\count92
\DOTSCASE@=\count93
LaTeX Info: Redefining \ldots on input line 482.
LaTeX Info: Redefining \dots on input line 485.
LaTeX Info: Redefining \cdots on input line 606.
\Mathstrutbox@=\box27
\strutbox@=\box28
\big@size=\dimen107
LaTeX Font Info:    Redeclaring font encoding OML on input line 729.
LaTeX Font Info:    Redeclaring font encoding OMS on input line 730.
\macc@depth=\count94
\c@MaxMatrixCols=\count95
\dotsspace@=\muskip10
\c@parentequation=\count96
\dspbrk@lvl=\count97
\tag@help=\toks17
\row@=\count98
\column@=\count99
\maxfields@=\count100
\andhelp@=\toks18
\eqnshift@=\dimen108
\alignsep@=\dimen109
\tagshift@=\dimen110
\tagwidth@=\dimen111
\totwidth@=\dimen112
\lineht@=\dimen113
\@envbody=\toks19
\multlinegap=\skip44
\multlinetaggap=\skip45
\mathdisplay@stack=\toks20
LaTeX Info: Redefining \[ on input line 2844.
LaTeX Info: Redefining \] on input line 2845.
)
(/usr/share/texlive/texmf-dist/tex/latex/tools/longtable.sty
Package: longtable 2014/10/28 v4.11 Multi-page Table package (DPC)+ FMi change
\LTleft=\skip46
\LTright=\skip47
\LTpre=\skip48
\LTpost=\skip49
\LTchunksize=\count101
\LTcapwidth=\dimen114
\LT@head=\box29
\LT@firsthead=\box30
\LT@foot=\box31
\LT@lastfoot=\box32
\LT@cols=\count102
\LT@rows=\count103
\c@LT@tables=\count104
\c@LT@chunks=\count105
\LT@p@ftn=\toks21
)
(/usr/share/texlive/texmf-dist/tex/latex/float/float.sty
Package: float 2001/11/08 v1.3d Float enhancements (AL)
\c@float@type=\count106
\float@exts=\toks22
\float@box=\box33
\@float@everytoks=\toks23
\@floatcapt=\box34
) (./1184047.aux
(./section/dedication.aux) (./section/chapter1.aux) (./section/chapter2.aux)
(./section/chapter3.aux) (./section/chapter4.aux) (./section/chapter5.aux))
\openout1 = `1184047.aux'.

LaTeX Font Info:    Checking defaults for OML/cmm/m/it on input line 25.
LaTeX Font Info:    ... okay on input line 25.
LaTeX Font Info:    Checking defaults for T1/cmr/m/n on input line 25.
LaTeX Font Info:    ... okay on input line 25.
LaTeX Font Info:    Checking defaults for OT1/cmr/m/n on input line 25.
LaTeX Font Info:    ... okay on input line 25.
LaTeX Font Info:    Checking defaults for OMS/cmsy/m/n on input line 25.
LaTeX Font Info:    ... okay on input line 25.
LaTeX Font Info:    Checking defaults for OMX/cmex/m/n on input line 25.
LaTeX Font Info:    ... okay on input line 25.
LaTeX Font Info:    Checking defaults for U/cmr/m/n on input line 25.
LaTeX Font Info:    ... okay on input line 25.

(/usr/share/texlive/texmf-dist/tex/context/base/mkii/supp-pdf.mkii
[Loading MPS to PDF converter (version 2006.09.02).]
\scratchcounter=\count107
\scratchdimen=\dimen115
\scratchbox=\box35
\nofMPsegments=\count108
\nofMParguments=\count109
\everyMPshowfont=\toks24
\MPscratchCnt=\count110
\MPscratchDim=\dimen116
\MPnumerator=\count111
\makeMPintoPDFobject=\count112
\everyMPtoPDFconversion=\toks25
) (/usr/share/texlive/texmf-dist/tex/latex/oberdiek/epstopdf-base.sty
Package: epstopdf-base 2016/05/15 v2.6 Base part for package epstopdf

(/usr/share/texlive/texmf-dist/tex/generic/oberdiek/infwarerr.sty
Package: infwarerr 2016/05/16 v1.4 Providing info/warning/error messages (HO)
)
(/usr/share/texlive/texmf-dist/tex/latex/oberdiek/grfext.sty
Package: grfext 2016/05/16 v1.2 Manage graphics extensions (HO)

(/usr/share/texlive/texmf-dist/tex/generic/oberdiek/kvdefinekeys.sty
Package: kvdefinekeys 2016/05/16 v1.4 Define keys (HO)

(/usr/share/texlive/texmf-dist/tex/generic/oberdiek/ltxcmds.sty
Package: ltxcmds 2016/05/16 v1.23 LaTeX kernel commands for general use (HO)
)))
(/usr/share/texlive/texmf-dist/tex/latex/oberdiek/kvoptions.sty
Package: kvoptions 2016/05/16 v3.12 Key value format for package options (HO)

(/usr/share/texlive/texmf-dist/tex/generic/oberdiek/kvsetkeys.sty
Package: kvsetkeys 2016/05/16 v1.17 Key value parser (HO)

(/usr/share/texlive/texmf-dist/tex/generic/oberdiek/etexcmds.sty
Package: etexcmds 2016/05/16 v1.6 Avoid name clashes with e-TeX commands (HO)

(/usr/share/texlive/texmf-dist/tex/generic/oberdiek/ifluatex.sty
Package: ifluatex 2016/05/16 v1.4 Provides the ifluatex switch (HO)
Package ifluatex Info: LuaTeX not detected.
))))
(/usr/share/texlive/texmf-dist/tex/generic/oberdiek/pdftexcmds.sty
Package: pdftexcmds 2018/09/10 v0.29 Utility functions of pdfTeX for LuaTeX (HO
)

(/usr/share/texlive/texmf-dist/tex/generic/oberdiek/ifpdf.sty
Package: ifpdf 2018/09/07 v3.3 Provides the ifpdf switch
)
Package pdftexcmds Info: LuaTeX not detected.
Package pdftexcmds Info: \pdf@primitive is available.
Package pdftexcmds Info: \pdf@ifprimitive is available.
Package pdftexcmds Info: \pdfdraftmode found.
)
Package epstopdf-base Info: Redefining graphics rule for `.eps' on input line 4
38.
Package grfext Info: Graphics extension search list:
(grfext)             [.pdf,.png,.jpg,.mps,.jpeg,.jbig2,.jb2,.PDF,.PNG,.JPG,.JPE
G,.JBIG2,.JB2,.eps]
(grfext)             \AppendGraphicsExtensions on input line 456.

(/usr/share/texlive/texmf-dist/tex/latex/latexconfig/epstopdf-sys.cfg
File: epstopdf-sys.cfg 2010/07/13 v1.3 Configuration of (r)epstopdf for TeX Liv
e
))
<poltekpos.png, id=1, 1161.33875pt x 1038.88126pt>
File: poltekpos.png Graphic file (type png)
<use poltekpos.png>
Package pdftex.def Info: poltekpos.png  used on input line 36.
(pdftex.def)             Requested size: 91.04881pt x 81.44772pt.

[1


{/var/lib/texmf/fonts/map/pdftex/updmap/pdftex.map} <./poltekpos.png>]
\openout2 = `section/dedication.aux'.


(./section/dedication.tex [2


]) (./1184047.toc
LaTeX Font Info:    Try loading font information for U+msa on input line 2.

(/usr/share/texlive/texmf-dist/tex/latex/amsfonts/umsa.fd
File: umsa.fd 2013/01/14 v3.01 AMS symbols A
)
LaTeX Font Info:    Try loading font information for U+msb on input line 2.

(/usr/share/texlive/texmf-dist/tex/latex/amsfonts/umsb.fd
File: umsb.fd 2013/01/14 v3.01 AMS symbols B
))
\tf@toc=\write3
\openout3 = `1184047.toc'.

 [1



] (./1184047.lof
[2

])
\tf@lof=\write4
\openout4 = `1184047.lof'.

 [3] (./1184047.lot)
\tf@lot=\write5
\openout5 = `1184047.lot'.

 [4

]
\openout2 = `section/chapter1.aux'.

 (./section/chapter1.tex
Chapter 1.
[1



]
<figures/print.png, id=33, 985.6825pt x 483.8075pt>
File: figures/print.png Graphic file (type png)
<use figures/print.png>
Package pdftex.def Info: figures/print.png  used on input line 18.
(pdftex.def)             Requested size: 433.62pt x 212.83905pt.
<figures/printnano.png, id=34, 742.775pt x 481.8pt>
File: figures/printnano.png Graphic file (type png)
<use figures/printnano.png>
Package pdftex.def Info: figures/printnano.png  used on input line 25.
(pdftex.def)             Requested size: 433.62pt x 281.27475pt.

Overfull \hbox (0.49667pt too wide) in paragraph at lines 30--32
[]\OT1/cmr/m/n/12 Perintah pem-ba-gian \OT1/cmr/bx/it/12 in-te-ger \OT1/cmr/m/n
/12 Hasil dari per-in-tah pem-ba-gian cukup je-las berbeda
 []

[2 <./figures/print.png> <./figures/printnano.png>]
<figures/div.png, id=40, 740.7675pt x 480.79625pt>
File: figures/div.png Graphic file (type png)
<use figures/div.png>
Package pdftex.def Info: figures/div.png  used on input line 35.
(pdftex.def)             Requested size: 433.62pt x 281.4444pt.
<figures/divnano.png, id=41, 739.76375pt x 481.8pt>
File: figures/divnano.png Graphic file (type png)
<use figures/divnano.png>
Package pdftex.def Info: figures/divnano.png  used on input line 42.
(pdftex.def)             Requested size: 433.62pt x 282.41426pt.
 [3 <./figures/div.png>]
<figures/error.png, id=46, 752.8125pt x 489.83pt>
File: figures/error.png Graphic file (type png)
<use figures/error.png>
Package pdftex.def Info: figures/error.png  used on input line 52.
(pdftex.def)             Requested size: 433.62pt x 282.15083pt.

[4 <./figures/divnano.png>]
<figures/errornano.png, id=51, 735.74875pt x 482.80376pt>
File: figures/errornano.png Graphic file (type png)
<use figures/errornano.png>
Package pdftex.def Info: figures/errornano.png  used on input line 59.
(pdftex.def)             Requested size: 433.62pt x 284.5497pt.
 [5 <./figures/error.png> <./figures/errornano.png>]
<figures/loop.png, id=57, 744.7825pt x 478.78876pt>
File: figures/loop.png Graphic file (type png)
<use figures/loop.png>
Package pdftex.def Info: figures/loop.png  used on input line 69.
(pdftex.def)             Requested size: 433.62pt x 278.7643pt.
<figures/loopnano.png, id=58, 757.83125pt x 497.86pt>
File: figures/loopnano.png Graphic file (type png)
<use figures/loopnano.png>
Package pdftex.def Info: figures/loopnano.png  used on input line 76.
(pdftex.def)             Requested size: 433.62pt x 284.86948pt.
[6 <./figures/loop.png>]
<figures/unicodebytes.png, id=63, 741.77126pt x 480.79625pt>
File: figures/unicodebytes.png Graphic file (type png)
<use figures/unicodebytes.png>
Package pdftex.def Info: figures/unicodebytes.png  used on input line 86.
(pdftex.def)             Requested size: 433.62pt x 281.06291pt.
 [7 <./figures/loopnano.png>]
<figures/unicodebytesnano.png, id=69, 737.75626pt x 479.7925pt>
File: figures/unicodebytesnano.png Graphic file (type png)
<use figures/unicodebytesnano.png>
Package pdftex.def Info: figures/unicodebytesnano.png  used on input line 93.
(pdftex.def)             Requested size: 433.62pt x 281.99892pt.
 [8 <./figures/unicodebytes.png> <./figures/unicodebytesnano.png>]
<figures/unicodeuni.png, id=75, 714.67pt x 418.56375pt>
File: figures/unicodeuni.png Graphic file (type png)
<use figures/unicodeuni.png>
Package pdftex.def Info: figures/unicodeuni.png  used on input line 101.
(pdftex.def)             Requested size: 433.62pt x 253.96312pt.
<figures/unicodeuninano.png, id=76, 752.8125pt x 486.81876pt>
File: figures/unicodeuninano.png Graphic file (type png)
<use figures/unicodeuninano.png>
Package pdftex.def Info: figures/unicodeuninano.png  used on input line 108.
(pdftex.def)             Requested size: 433.62pt x 280.4163pt.
 [9 <./figures/unicodeuni.png>])
[10 <./figures/unicodeuninano.png>]
\openout2 = `section/chapter2.aux'.

 (./section/chapter2.tex
Chapter 2.

Overfull \hbox (0.72968pt too wide) in paragraph at lines 19--20
[]\OT1/cmr/m/n/12 Dropbox, Drop-box meng-gu-nakan python baik di sisi server da
n di sisi pelayanan-
 []

) [11



]
\openout2 = `section/chapter3.aux'.

 (./section/chapter3.tex
Chapter 3.
<figures/anacondadownload.png, id=88, 921.4425pt x 375.4025pt>
File: figures/anacondadownload.png Graphic file (type png)
<use figures/anacondadownload.png>
Package pdftex.def Info: figures/anacondadownload.png  used on input line 17.
(pdftex.def)             Requested size: 433.62pt x 176.65686pt.

Overfull \hbox (58.64738pt too wide) in paragraph at lines 14--20
[]\OT1/cmr/m/n/12 Pertama kita kun-jungi si-tus \OT1/cmr/bx/it/12 https://www.a
naconda.com/distribution/#download-
 []

<figures/anacondabash.png, id=89, 922.44624pt x 475.7775pt>
File: figures/anacondabash.png Graphic file (type png)
<use figures/anacondabash.png>
Package pdftex.def Info: figures/anacondabash.png  used on input line 27.
(pdftex.def)             Requested size: 433.62pt x 223.65175pt.
[12



 <./figures/anacondadownload.png>]
<figures/anacondaenter.png, id=94, 940.51375pt x 481.8pt>
File: figures/anacondaenter.png Graphic file (type png)
<use figures/anacondaenter.png>
Package pdftex.def Info: figures/anacondaenter.png  used on input line 35.
(pdftex.def)             Requested size: 433.62pt x 222.1306pt.
<figures/entertrus.png, id=95, 924.45375pt x 474.77374pt>
File: figures/entertrus.png Graphic file (type png)
<use figures/entertrus.png>
Package pdftex.def Info: figures/entertrus.png  used on input line 43.
(pdftex.def)             Requested size: 433.62pt x 222.69453pt.
<figures/enterkekgini.png, id=96, 918.43124pt x 468.75125pt>
File: figures/enterkekgini.png Graphic file (type png)
<use figures/enterkekgini.png>
Package pdftex.def Info: figures/enterkekgini.png  used on input line 49.
(pdftex.def)             Requested size: 433.62pt x 221.31447pt.
 [13 <./figures/anacondabash.png> <./figures/anacondaenter.png>]
<figures/enterpath.png, id=103, 918.43124pt x 469.755pt>
File: figures/enterpath.png Graphic file (type png)
<use figures/enterpath.png>
Package pdftex.def Info: figures/enterpath.png  used on input line 59.
(pdftex.def)             Requested size: 433.62pt x 221.78838pt.
 [14 <./figures/entertrus.png> <./figures/enterkekgini.png>]
<figures/installspyder3.png, id=109, 750.805pt x 486.81876pt>
File: figures/installspyder3.png Graphic file (type png)
<use figures/installspyder3.png>
Package pdftex.def Info: figures/installspyder3.png  used on input line 70.
(pdftex.def)             Requested size: 433.62pt x 281.15912pt.
 [15 <./figures/enterpath.png> <./figures/installspyder3.png>]
<figures/setpath.png, id=115, 738.76pt x 482.80376pt>
File: figures/setpath.png Graphic file (type png)
<use figures/setpath.png>
Package pdftex.def Info: figures/setpath.png  used on input line 88.
(pdftex.def)             Requested size: 433.62pt x 283.38571pt.

Overfull \hbox (10.54637pt too wide) in paragraph at lines 85--91
\OT1/cmr/bx/n/12 PATH=$PYTHONPATH:\OT1/cmr/bx/it/12 pathinstallasipythonkalian 
\OT1/cmr/m/n/12 con-toh seperti gam-
 []

<figures/installpip.png, id=116, 751.80875pt x 488.82625pt>
File: figures/installpip.png Graphic file (type png)
<use figures/installpip.png>
Package pdftex.def Info: figures/installpip.png  used on input line 103.
(pdftex.def)             Requested size: 433.62pt x 281.94559pt.

Overfull \hbox (15.65186pt too wide) in paragraph at lines 100--106
[]\OT1/cmr/m/n/12 pertama kita buka ter-mi-nal kita lalu ketikkan per-in-tah \O
T1/cmr/bx/n/12 sudo apt in-stall python3-
 []

[16 <./figures/setpath.png>]
Overfull \hbox (1.83937pt too wide) in paragraph at lines 111--112
\OT1/cmr/m/n/12 Kadang kala ana-conda dan spy-der melakukan up-date soft-ware t
er-baru, lalu bagaimana
 []


LaTeX Warning: Reference `condauptade' on page 17 undefined on input line 114.

<figures/updateconda.png, id=121, 745.78625pt x 102.3825pt>
File: figures/updateconda.png Graphic file (type png)
<use figures/updateconda.png>
Package pdftex.def Info: figures/updateconda.png  used on input line 117.
(pdftex.def)             Requested size: 433.62pt x 59.52718pt.
<figures/pressy.png, id=122, 742.775pt x 487.8225pt>
File: figures/pressy.png Graphic file (type png)
<use figures/pressy.png>
Package pdftex.def Info: figures/pressy.png  used on input line 125.
(pdftex.def)             Requested size: 433.62pt x 284.7907pt.
[17 <./figures/installpip.png> <./figures/updateconda.png>]
<figures/updatespyder.png, id=128, 740.7675pt x 483.8075pt>
File: figures/updatespyder.png Graphic file (type png)
<use figures/updatespyder.png>
Package pdftex.def Info: figures/updatespyder.png  used on input line 140.
(pdftex.def)             Requested size: 433.62pt x 283.2071pt.
 [18 <./figures/pressy.png>]) [19 <./figures/updatespyder.png>]
\openout2 = `section/chapter4.aux'.

 (./section/chapter4.tex
Chapter 4.
<figures/cli.png, id=138, 734.745pt x 468.75125pt>
File: figures/cli.png Graphic file (type png)
<use figures/cli.png>
Package pdftex.def Info: figures/cli.png  used on input line 11.
(pdftex.def)             Requested size: 433.62pt x 276.64667pt.
[20



 <./figures/cli.png>]
<figures/helloworld.png, id=143, 1371.1225pt x 770.88pt>
File: figures/helloworld.png Graphic file (type png)
<use figures/helloworld.png>
Package pdftex.def Info: figures/helloworld.png  used on input line 25.
(pdftex.def)             Requested size: 433.62pt x 243.79303pt.

Overfull \hbox (45.6403pt too wide) in paragraph at lines 32--33
\OT1/cmr/m/n/12 Now, kita akan men-coba men-jalankan script python auto lo-gin 
ke ha-la-man siap.poltekpos.ac.id,
 []

<figures/webgithub.png, id=144, 1371.1225pt x 770.88pt>
File: figures/webgithub.png Graphic file (type png)
<use figures/webgithub.png>
Package pdftex.def Info: figures/webgithub.png  used on input line 38.
(pdftex.def)             Requested size: 433.62pt x 243.79303pt.
[21 <./figures/helloworld.png>]
<figures/openwithspyder.png, id=149, 1371.1225pt x 770.88pt>
File: figures/openwithspyder.png Graphic file (type png)
<use figures/openwithspyder.png>
Package pdftex.def Info: figures/openwithspyder.png  used on input line 47.
(pdftex.def)             Requested size: 433.62pt x 243.79303pt.
 [22 <./figures/webgithub.png> <./figures/openwithspyder.png>]
File: figures/helloworld.png Graphic file (type png)
<use figures/helloworld.png>
Package pdftex.def Info: figures/helloworld.png  used on input line 60.
(pdftex.def)             Requested size: 433.62pt x 243.79303pt.
<figures/indentasi.png, id=155, 88.4103pt x 48.6618pt>
File: figures/indentasi.png Graphic file (type png)
<use figures/indentasi.png>
Package pdftex.def Info: figures/indentasi.png  used on input line 83.
(pdftex.def)             Requested size: 433.62pt x 238.67798pt.
 [23]
<figures/errorindentasi.png, id=159, 1371.1225pt x 770.88pt>
File: figures/errorindentasi.png Graphic file (type png)
<use figures/errorindentasi.png>
Package pdftex.def Info: figures/errorindentasi.png  used on input line 91.
(pdftex.def)             Requested size: 433.62pt x 243.79303pt.
 [24 <./figures/indentasi.png> <./figures/errorindentasi.png>]
<figures/benerin1.png, id=165, 1371.1225pt x 770.88pt>
File: figures/benerin1.png Graphic file (type png)
<use figures/benerin1.png>
Package pdftex.def Info: figures/benerin1.png  used on input line 106.
(pdftex.def)             Requested size: 433.62pt x 243.79303pt.
<figures/benerin2.png, id=166, 1371.1225pt x 770.88pt>
File: figures/benerin2.png Graphic file (type png)
<use figures/benerin2.png>
Package pdftex.def Info: figures/benerin2.png  used on input line 114.
(pdftex.def)             Requested size: 433.62pt x 243.79303pt.
 [25 <./figures/benerin1.png>]) [26 <./figures/benerin2.png>]
\openout2 = `section/chapter5.aux'.


(./section/chapter5.tex
Chapter 5.
) [27



] (./1184047.aux (./section/dedication.aux) (./section/chapter1.aux)
(./section/chapter2.aux) (./section/chapter3.aux) (./section/chapter4.aux)
(./section/chapter5.aux))

LaTeX Warning: There were undefined references.

 ) 
Here is how much of TeX's memory you used:
 2841 strings out of 494518
 38985 string characters out of 6176312
 101104 words of memory out of 5000000
 6386 multiletter control sequences out of 15000+600000
 12172 words of font info for 44 fonts, out of 8000000 for 9000
 36 hyphenation exceptions out of 8191
 41i,8n,27p,896b,362s stack positions out of 5000i,500n,10000p,200000b,80000s
</usr/share/texlive/texmf-dist/fonts/type1/public/amsfonts/cm/cmbx12.pfb></us
r/share/texlive/texmf-dist/fonts/type1/public/amsfonts/cm/cmbxti10.pfb></usr/sh
are/texlive/texmf-dist/fonts/type1/public/amsfonts/cm/cmr12.pfb></usr/share/tex
live/texmf-dist/fonts/type1/public/amsfonts/cm/cmr17.pfb></usr/share/texlive/te
xmf-dist/fonts/type1/public/amsfonts/cm/cmti12.pfb>
Output written on 1184047.pdf (33 pages, 9313594 bytes).
PDF statistics:
 197 PDF objects out of 1000 (max. 8388607)
 90 compressed objects within 1 object stream
 0 named destinations out of 1000 (max. 500000)
 166 words of extra memory for PDF output out of 10000 (max. 10000000)

