This is pdfTeX, Version 3.14159265-2.6-1.40.20 (MiKTeX 2.9.7200 64-bit) (preloaded format=pdflatex 2019.10.23)  13 NOV 2019 14:59
entering extended mode
**"./chapter 4.tex"
("chapter 4.tex"
LaTeX2e <2019-10-01>
("D:\my stuff\MiKTektek\tex/latex/base\article.cls"
Document Class: article 2019/08/27 v1.4j Standard LaTeX document class
("D:\my stuff\MiKTektek\tex/latex/base\size12.clo"
File: size12.clo 2019/08/27 v1.4j Standard LaTeX file (size option)
)
\c@part=\count80
\c@section=\count81
\c@subsection=\count82
\c@subsubsection=\count83
\c@paragraph=\count84
\c@subparagraph=\count85
\c@figure=\count86
\c@table=\count87
\abovecaptionskip=\skip41
\belowcaptionskip=\skip42
\bibindent=\dimen102
)
("D:\my stuff\MiKTektek\tex/latex/base\fontenc.sty"
Package: fontenc 2018/08/11 v2.0j Standard LaTeX package

("D:\my stuff\MiKTektek\tex/latex/base\t1enc.def"
File: t1enc.def 2018/08/11 v2.0j Standard LaTeX file
LaTeX Font Info:    Redeclaring font encoding T1 on input line 48.
))
("D:\my stuff\MiKTektek\tex/latex/xcolor\xcolor.sty"
Package: xcolor 2016/05/11 v2.12 LaTeX color extensions (UK)

("D:\my stuff\MiKTektek\tex/latex/graphics-cfg\color.cfg"
File: color.cfg 2016/01/02 v1.6 sample color configuration
)
Package xcolor Info: Driver file: pdftex.def on input line 225.

("D:\my stuff\MiKTektek\tex/latex/graphics-def\pdftex.def"
File: pdftex.def 2018/01/08 v1.0l Graphics/color driver for pdftex
)
Package xcolor Info: Model `cmy' substituted by `cmy0' on input line 1348.
Package xcolor Info: Model `hsb' substituted by `rgb' on input line 1352.
Package xcolor Info: Model `RGB' extended on input line 1364.
Package xcolor Info: Model `HTML' substituted by `rgb' on input line 1366.
Package xcolor Info: Model `Hsb' substituted by `hsb' on input line 1367.
Package xcolor Info: Model `tHsb' substituted by `hsb' on input line 1368.
Package xcolor Info: Model `HSB' substituted by `hsb' on input line 1369.
Package xcolor Info: Model `Gray' substituted by `gray' on input line 1370.
Package xcolor Info: Model `wave' substituted by `hsb' on input line 1371.
)
("D:\my stuff\MiKTektek\tex/latex/listings\listings.sty"
("D:\my stuff\MiKTektek\tex/latex/graphics\keyval.sty"
Package: keyval 2014/10/28 v1.15 key=value parser (DPC)
\KV@toks@=\toks14
)
\lst@mode=\count88
\lst@gtempboxa=\box27
\lst@token=\toks15
\lst@length=\count89
\lst@currlwidth=\dimen103
\lst@column=\count90
\lst@pos=\count91
\lst@lostspace=\dimen104
\lst@width=\dimen105
\lst@newlines=\count92
\lst@lineno=\count93
\lst@maxwidth=\dimen106

("D:\my stuff\MiKTektek\tex/latex/listings\lstmisc.sty"
File: lstmisc.sty 2019/09/10 1.8c (Carsten Heinz)
\c@lstnumber=\count94
\lst@skipnumbers=\count95
\lst@framebox=\box28
)
("D:\my stuff\MiKTektek\tex/latex/listings\listings.cfg"
File: listings.cfg 2019/09/10 1.8c listings configuration
))
Package: listings 2019/09/10 1.8c (Carsten Heinz)
 ("chapter 4.aux")
\openout1 = `"chapter 4.aux"'.

LaTeX Font Info:    Checking defaults for OML/cmm/m/it on input line 7.
LaTeX Font Info:    ... okay on input line 7.
LaTeX Font Info:    Checking defaults for T1/cmr/m/n on input line 7.
LaTeX Font Info:    ... okay on input line 7.
LaTeX Font Info:    Checking defaults for OT1/cmr/m/n on input line 7.
LaTeX Font Info:    ... okay on input line 7.
LaTeX Font Info:    Checking defaults for OMS/cmsy/m/n on input line 7.
LaTeX Font Info:    ... okay on input line 7.
LaTeX Font Info:    Checking defaults for OMX/cmex/m/n on input line 7.
LaTeX Font Info:    ... okay on input line 7.
LaTeX Font Info:    Checking defaults for U/cmr/m/n on input line 7.
LaTeX Font Info:    ... okay on input line 7.

("D:\my stuff\MiKTektek\tex/context/base/mkii\supp-pdf.mkii"
[Loading MPS to PDF converter (version 2006.09.02).]
\scratchcounter=\count96
\scratchdimen=\dimen107
\scratchbox=\box29
\nofMPsegments=\count97
\nofMParguments=\count98
\everyMPshowfont=\toks16
\MPscratchCnt=\count99
\MPscratchDim=\dimen108
\MPnumerator=\count100
\makeMPintoPDFobject=\count101
\everyMPtoPDFconversion=\toks17
)
\c@lstlisting=\count102
LaTeX Font Info:    External font `cmex10' loaded for size
(Font)              <14.4> on input line 12.
LaTeX Font Info:    External font `cmex10' loaded for size
(Font)              <7> on input line 12.

Underfull \hbox (badness 10000) in paragraph at lines 17--19

 []

LaTeX Font Info:    Trying to load font information for OMS+cmr on input line 2
3.
("D:\my stuff\MiKTektek\tex/latex/base\omscmr.fd"
File: omscmr.fd 2014/09/29 v2.5h Standard LaTeX font definitions
)
LaTeX Font Info:    Font shape `OMS/cmr/m/n' in size <12> not available
(Font)              Font shape `OMS/cmsy/m/n' tried instead on input line 23.

Overfull \hbox (18.27197pt too wide) in paragraph at lines 41--42
\T1/cmr/m/n/12 yang berbeda. Perbedaan-perbedaan ini da-p-at-mem-bu-at-nya men-
jengkelkan
 []

[1

{C:/Users/SAM/AppData/Local/MiKTeX/2.9/pdftex/config/pdftex.map}]
Overfull \hbox (9.87212pt too wide) in paragraph at lines 47--48
[]\T1/cmr/m/n/12 (csv.get_dialect) me-mang-gil di-alek yang berhubun-gan den-ga
n nama 
 []


Overfull \hbox (2.8238pt too wide) in paragraph at lines 52--53
[]\T1/cmr/m/n/12 (csv.unregister_dialect) meng-ha-pus di-alok yang berhubun-gan
 den-
 []


Overfull \hbox (8.75848pt too wide) in paragraph at lines 55--56
[]\T1/cmr/m/n/12 (csv.QUOTE_NONNUMERIC) mengutip se-mua yang bukan angka 
 []

[2] ("D:\my stuff\MiKTektek\tex/latex/listings\lstlang1.sty"
File: lstlang1.sty 2019/09/10 1.8c listings language file
)
(src/1184072_csv1.py
Overfull \hbox (5.88837pt too wide) in paragraph at lines 4--5
[][][][][][][][][][][][][][][][][][][][] 
 []

) (src/1184072_csv2.py) (src/1184072_pandas1.py) (src/1184072_pandas2.py)
(src/1184072_pandas_dates.py
Overfull \hbox (76.37177pt too wide) in paragraph at lines 2--3
[][][][][][][][][][][][][][][][][][][][][][][][][] 
 []

) (src/1184072_pandas_index_col.py [3]
Overfull \hbox (12.9367pt too wide) in paragraph at lines 2--3
[][][][][][][][][][][][][][][][][][][][][][][] 
 []

) (src/1184072_pandas_attribute.py
Overfull \hbox (41.13007pt too wide) in paragraph at lines 6--7
[][][][][][][][][][][][][][][][][][][][][][][] 
 []

) (src/1184072_csv_membuat_dan_membuat.py
Overfull \hbox (55.22675pt too wide) in paragraph at lines 3--4
[][][][][][][][][][][][][][][][][][][][][][][][] 
 []


Overfull \hbox (5.88837pt too wide) in paragraph at lines 4--5
[][][][][][][][][][][][][][][][][][][][][][] 
 []


Overfull \hbox (62.27509pt too wide) in paragraph at lines 5--7
[][][][][][][][][][][][][][][][][][] 
 []


Overfull \hbox (266.67694pt too wide) in paragraph at lines 8--9
[][][][][][][][][][][][][][][][][][][][][][][][][][][][][][][][][][][][] 
 []

)
Overfull \hbox (231.43524pt too wide) in paragraph at lines 9--85
[][][][][][][][][][][][][][][][][][][][][][][][][][][][][][][][][][][][] 
 []

(src/1184072_pandas_membuat_dan_membaca.py
Overfull \hbox (41.13007pt too wide) in paragraph at lines 6--7
[][][][][][][][][][][][][][][][][][][][][][][] 
 []

)
Overfull \hbox (149.76234pt too wide) in paragraph at lines 94--96
[]\T1/cmr/m/n/12 File "C:/Users/SAM/Desktop/M. Farhan Fad-lur-rah-man(1184072)/
src/1184072_pandas_dates.py",
 []


Overfull \hbox (35.44438pt too wide) in paragraph at lines 94--96
\T1/cmr/m/n/12 line 2, in <mod-ule> df = pan-das.read_csv('source2.csv', phrase
_dates=['Hire
 []


Overfull \hbox (23.79749pt too wide) in paragraph at lines 97--98
[]\T1/cmr/m/n/12 TypeError: parser_f() got an un-ex-pected key-word ar-gu-ment 
'phrase_dates' 
 []


Overfull \hbox (1.12117pt too wide) in paragraph at lines 98--99
 \T1/cmr/m/n/12 cara penan-gan er-ror terse-but adalah den-gan meng-ganti tulis
an phrase
 []

[4] [5] ("chapter 4.aux") ) 
Here is how much of TeX's memory you used:
 3249 strings out of 492452
 40617 string characters out of 3132597
 308235 words of memory out of 3000000
 7609 multiletter control sequences out of 15000+200000
 10417 words of font info for 26 fonts, out of 3000000 for 9000
 1141 hyphenation exceptions out of 8191
 28i,6n,42p,919b,1729s stack positions out of 5000i,500n,10000p,200000b,50000s
 <C:\Users\SAM\AppData\Local\MiKTeX\2.9\fonts/pk/ljf
our/jknappen/ec/dpi600\ecbx1200.pk> <C:\Users\SAM\AppData\Local\MiKTeX\2.9\font
s/pk/ljfour/jknappen/ec/dpi600\ecti1200.pk> <C:\Users\SAM\AppData\Local\MiKTeX\
2.9\fonts/pk/ljfour/jknappen/ec/dpi600\ecrm1200.pk> <C:\Users\SAM\AppData\Local
\MiKTeX\2.9\fonts/pk/ljfour/jknappen/ec/dpi600\ecbx1728.pk> <C:\Users\SAM\AppDa
ta\Local\MiKTeX\2.9\fonts/pk/ljfour/jknappen/ec/dpi600\ecrm1440.pk> <C:\Users\S
AM\AppData\Local\MiKTeX\2.9\fonts/pk/ljfour/jknappen/ec/dpi600\ecrm2074.pk><D:/
my stuff/MiKTektek/fonts/type1/public/amsfonts/cm/cmsy10.pfb>
Output written on "chapter 4.pdf" (5 pages, 71017 bytes).
PDF statistics:
 196 PDF objects out of 1000 (max. 8388607)
 0 named destinations out of 1000 (max. 500000)
 1 words of extra memory for PDF output out of 10000 (max. 10000000)

