This is pdfTeX, Version 3.14159265-2.6-1.40.20 (MiKTeX 2.9.7050 64-bit) (preloaded format=pdflatex 2019.7.2)  17 OCT 2019 12:36
entering extended mode
**./python.tex
(python.tex
LaTeX2e <2018-12-01>
(ociamthesis.cls
Document Class: ociamthesis 2010/11/22 v2.2 OCIAM thesis class
("C:\Program Files\MiKTeX 2.9\tex/latex/base\report.cls"
Document Class: report 2018/09/03 v1.4i Standard LaTeX document class
("C:\Program Files\MiKTeX 2.9\tex/latex/base\size12.clo"
File: size12.clo 2018/09/03 v1.4i Standard LaTeX file (size option)
)
\c@part=\count80
\c@chapter=\count81
\c@section=\count82
\c@subsection=\count83
\c@subsubsection=\count84
\c@paragraph=\count85
\c@subparagraph=\count86
\c@figure=\count87
\c@table=\count88
\abovecaptionskip=\skip41
\belowcaptionskip=\skip42
\bibindent=\dimen102
)
("C:\Program Files\MiKTeX 2.9\tex/latex/graphics\graphicx.sty"
Package: graphicx 2017/06/01 v1.1a Enhanced LaTeX Graphics (DPC,SPQR)

("C:\Program Files\MiKTeX 2.9\tex/latex/graphics\keyval.sty"
Package: keyval 2014/10/28 v1.15 key=value parser (DPC)
\KV@toks@=\toks14
)
("C:\Program Files\MiKTeX 2.9\tex/latex/graphics\graphics.sty"
Package: graphics 2017/06/25 v1.2c Standard LaTeX Graphics (DPC,SPQR)

("C:\Program Files\MiKTeX 2.9\tex/latex/graphics\trig.sty"
Package: trig 2016/01/03 v1.10 sin cos tan (DPC)
)
("C:\Program Files\MiKTeX 2.9\tex/latex/graphics-cfg\graphics.cfg"
File: graphics.cfg 2016/06/04 v1.11 sample graphics configuration
)
Package graphics Info: Driver file: pdftex.def on input line 99.

("C:\Program Files\MiKTeX 2.9\tex/latex/graphics-def\pdftex.def"
File: pdftex.def 2018/01/08 v1.0l Graphics/color driver for pdftex
))
\Gin@req@height=\dimen103
\Gin@req@width=\dimen104
)
("C:\Program Files\MiKTeX 2.9\tex/latex/base\ifthen.sty"
Package: ifthen 2014/09/29 v1.1c Standard LaTeX ifthen package (DPC)
))
("C:\Program Files\MiKTeX 2.9\tex/latex/float\float.sty"
Package: float 2001/11/08 v1.3d Float enhancements (AL)
\c@float@type=\count89
\float@exts=\toks15
\float@box=\box27
\@float@everytoks=\toks16
\@floatcapt=\box28
)
("C:\Program Files\MiKTeX 2.9\tex/latex/amsfonts\amssymb.sty"
Package: amssymb 2013/01/14 v3.01 AMS font symbols

("C:\Program Files\MiKTeX 2.9\tex/latex/amsfonts\amsfonts.sty"
Package: amsfonts 2013/01/14 v3.01 Basic AMSFonts support
\@emptytoks=\toks17
\symAMSa=\mathgroup4
\symAMSb=\mathgroup5
LaTeX Font Info:    Overwriting math alphabet `\mathfrak' in version `bold'
(Font)                  U/euf/m/n --> U/euf/b/n on input line 106.
))
("C:\Program Files\MiKTeX 2.9\tex/latex/multirow\multirow.sty"
Package: multirow 2019/05/31 v2.5 Span multiple rows of a table
\multirow@colwidth=\skip43
\multirow@cntb=\count90
\multirow@dima=\skip44
\bigstrutjot=\dimen105
)
("C:\Program Files\MiKTeX 2.9\tex/latex/caption\caption.sty"
Package: caption 2019/09/01 v3.3d Customizing captions (AR)

("C:\Program Files\MiKTeX 2.9\tex/latex/caption\caption3.sty"
Package: caption3 2019/09/01 v1.8d caption3 kernel (AR)
Package caption3 Info: TeX engine: e-TeX on input line 64.
\captionmargin=\dimen106
\captionmargin@=\dimen107
\captionwidth=\dimen108
\caption@tempdima=\dimen109
\caption@indent=\dimen110
\caption@parindent=\dimen111
\caption@hangindent=\dimen112
)
\c@caption@flags=\count91
\c@ContinuedFloat=\count92
Package caption Info: float package is loaded.
)
("C:\Program Files\MiKTeX 2.9\tex/latex/titlesec\titlesec.sty"
Package: titlesec 2019/09/09 v2.12 Sectioning titles
\ttl@box=\box29
\beforetitleunit=\skip45
\aftertitleunit=\skip46
\ttl@plus=\dimen113
\ttl@minus=\dimen114
\ttl@toksa=\toks18
\titlewidth=\dimen115
\titlewidthlast=\dimen116
\titlewidthfirst=\dimen117
)
("C:\Program Files\MiKTeX 2.9\tex/latex/psnfss\charter.sty"
Package: charter 2005/04/12 PSNFSS-v9.2a (P.Dyballa) 
)
("C:\Program Files\MiKTeX 2.9\tex/latex/subfiles\subfiles.sty"
Package: subfiles 2018/07/31 Federico Garcia, Gernot Salzer

("C:\Program Files\MiKTeX 2.9\tex/latex/tools\verbatim.sty"
Package: verbatim 2014/10/28 v1.5q LaTeX2e package for verbatim enhancements
\every@verbatim=\toks19
\verbatim@line=\toks20
\verbatim@in@stream=\read1
))
("C:\Program Files\MiKTeX 2.9\tex/latex/etoolbox\etoolbox.sty"
Package: etoolbox 2019/09/21 v2.5h e-TeX tools for LaTeX (JAW)
\etb@tempcnta=\count93
) (python.aux
(section/chapter1.aux) (section/chapter2.aux) (section/chapter3.aux))
\openout1 = `python.aux'.

LaTeX Font Info:    Checking defaults for OML/cmm/m/it on input line 54.
LaTeX Font Info:    ... okay on input line 54.
LaTeX Font Info:    Checking defaults for T1/cmr/m/n on input line 54.
LaTeX Font Info:    ... okay on input line 54.
LaTeX Font Info:    Checking defaults for OT1/cmr/m/n on input line 54.
LaTeX Font Info:    ... okay on input line 54.
LaTeX Font Info:    Checking defaults for OMS/cmsy/m/n on input line 54.
LaTeX Font Info:    ... okay on input line 54.
LaTeX Font Info:    Checking defaults for OMX/cmex/m/n on input line 54.
LaTeX Font Info:    ... okay on input line 54.
LaTeX Font Info:    Checking defaults for U/cmr/m/n on input line 54.
LaTeX Font Info:    ... okay on input line 54.
LaTeX Font Info:    Try loading font information for OT1+bch on input line 54.

("C:\Program Files\MiKTeX 2.9\tex/latex/psnfss\ot1bch.fd"
File: ot1bch.fd 2004/10/18 font definitions for OT1/bch.
)
("C:\Program Files\MiKTeX 2.9\tex/context/base/mkii\supp-pdf.mkii"
[Loading MPS to PDF converter (version 2006.09.02).]
\scratchcounter=\count94
\scratchdimen=\dimen118
\scratchbox=\box30
\nofMPsegments=\count95
\nofMParguments=\count96
\everyMPshowfont=\toks21
\MPscratchCnt=\count97
\MPscratchDim=\dimen119
\MPnumerator=\count98
\makeMPintoPDFobject=\count99
\everyMPtoPDFconversion=\toks22
) ("C:\Program Files\MiKTeX 2.9\tex/latex/oberdiek\epstopdf-base.sty"
Package: epstopdf-base 2016/05/15 v2.6 Base part for package epstopdf

("C:\Program Files\MiKTeX 2.9\tex/generic/oberdiek\infwarerr.sty"
Package: infwarerr 2016/05/16 v1.4 Providing info/warning/error messages (HO)
)
("C:\Program Files\MiKTeX 2.9\tex/latex/oberdiek\grfext.sty"
Package: grfext 2016/05/16 v1.2 Manage graphics extensions (HO)

("C:\Program Files\MiKTeX 2.9\tex/generic/oberdiek\kvdefinekeys.sty"
Package: kvdefinekeys 2016/05/16 v1.4 Define keys (HO)

("C:\Program Files\MiKTeX 2.9\tex/generic/oberdiek\ltxcmds.sty"
Package: ltxcmds 2016/05/16 v1.23 LaTeX kernel commands for general use (HO)
)))
("C:\Program Files\MiKTeX 2.9\tex/latex/oberdiek\kvoptions.sty"
Package: kvoptions 2016/05/16 v3.12 Key value format for package options (HO)

("C:\Program Files\MiKTeX 2.9\tex/generic/oberdiek\kvsetkeys.sty"
Package: kvsetkeys 2016/05/16 v1.17 Key value parser (HO)

("C:\Program Files\MiKTeX 2.9\tex/generic/oberdiek\etexcmds.sty"
Package: etexcmds 2016/05/16 v1.6 Avoid name clashes with e-TeX commands (HO)

("C:\Program Files\MiKTeX 2.9\tex/generic/oberdiek\ifluatex.sty"
Package: ifluatex 2016/05/16 v1.4 Provides the ifluatex switch (HO)
Package ifluatex Info: LuaTeX not detected.
))))
("C:\Program Files\MiKTeX 2.9\tex/generic/oberdiek\pdftexcmds.sty"
Package: pdftexcmds 2018/09/10 v0.29 Utility functions of pdfTeX for LuaTeX (HO
)

("C:\Program Files\MiKTeX 2.9\tex/generic/oberdiek\ifpdf.sty"
Package: ifpdf 2018/09/07 v3.3 Provides the ifpdf switch
)
Package pdftexcmds Info: LuaTeX not detected.
Package pdftexcmds Info: \pdf@primitive is available.
Package pdftexcmds Info: \pdf@ifprimitive is available.
Package pdftexcmds Info: \pdfdraftmode found.
)
Package epstopdf-base Info: Redefining graphics rule for `.eps' on input line 4
38.
Package grfext Info: Graphics extension search list:
(grfext)             [.pdf,.png,.jpg,.mps,.jpeg,.jbig2,.jb2,.PDF,.PNG,.JPG,.JPE
G,.JBIG2,.JB2,.eps]
(grfext)             \AppendGraphicsExtensions on input line 456.
)
Package caption Info: Begin \AtBeginDocument code.
Package caption Info: End \AtBeginDocument code.
<logo-poltekpos.png, id=1, 291.2481pt x 272.217pt>
File: logo-poltekpos.png Graphic file (type png)
<use logo-poltekpos.png>
Package pdftex.def Info: logo-poltekpos.png  used on input line 65.
(pdftex.def)             Requested size: 91.04881pt x 85.10081pt.
 [1


{C:/Users/Risal/AppData/Local/MiKTeX/2.9/pdftex/config/pdftex.map} <./logo-polt
ekpos.png>]
\openout2 = `section/chapter1.aux'.


(section/chapter1.tex [2



]) [3]
\openout2 = `section/chapter2.aux'.

 (section/chapter2.tex [4




]) [5]
\openout2 = `section/chapter3.aux'.


(section/chapter3.tex
<figure/1.png, id=22, 374.90062pt x 289.08pt>
File: figure/1.png Graphic file (type png)
<use figure/1.png>
Package pdftex.def Info: figure/1.png  used on input line 8.
(pdftex.def)             Requested size: 170.71652pt x 131.63747pt.
<figure/2.png, id=23, 373.395pt x 289.08pt>
File: figure/2.png Graphic file (type png)
<use figure/2.png>
Package pdftex.def Info: figure/2.png  used on input line 14.
(pdftex.def)             Requested size: 170.71652pt x 132.16678pt.
<figure/3.png, id=24, 384.6872pt x 298.11375pt>
File: figure/3.png Graphic file (type png)
<use figure/3.png>
Package pdftex.def Info: figure/3.png  used on input line 20.
(pdftex.def)             Requested size: 170.71652pt x 132.29857pt.


LaTeX Warning: `h' float specifier changed to `ht'.

<figure/4.png, id=25, 371.88937pt x 287.57437pt>
File: figure/4.png Graphic file (type png)
<use figure/4.png>
Package pdftex.def Info: figure/4.png  used on input line 26.
(pdftex.def)             Requested size: 170.71652pt x 132.01375pt.

LaTeX Warning: `h' float specifier changed to `ht'.

<figure/5.png, id=26, 371.13657pt x 287.57437pt>
File: figure/5.png Graphic file (type png)
<use figure/5.png>
Package pdftex.def Info: figure/5.png  used on input line 32.
(pdftex.def)             Requested size: 170.71652pt x 132.28142pt.
[6




 <./figure/1.png> <./figure/2.png>]
<figure/7.png, id=33, 372.64218pt x 289.08pt>
File: figure/7.png Graphic file (type png)
<use figure/7.png>
Package pdftex.def Info: figure/7.png  used on input line 38.
(pdftex.def)             Requested size: 170.71652pt x 132.43144pt.


LaTeX Warning: `h' float specifier changed to `ht'.

<figure/8.png, id=34, 369.63094pt x 287.57437pt>
File: figure/8.png Graphic file (type png)
<use figure/8.png>
Package pdftex.def Info: figure/8.png  used on input line 44.
(pdftex.def)             Requested size: 170.71652pt x 132.81676pt.

LaTeX Warning: `h' float specifier changed to `ht'.

<figure/9.png, id=35, 371.13657pt x 284.56313pt>
File: figure/9.png Graphic file (type png)
<use figure/9.png>
Package pdftex.def Info: figure/9.png  used on input line 50.
(pdftex.def)             Requested size: 170.71652pt x 130.89627pt.
[7 <./figure/3.png> <./figure/4.png> <./figure/5.png>]
<figure/10.png, id=42, 371.13657pt x 286.82156pt>
File: figure/10.png Graphic file (type png)
<use figure/10.png>
Package pdftex.def Info: figure/10.png  used on input line 56.
(pdftex.def)             Requested size: 170.71652pt x 131.93513pt.


LaTeX Warning: `h' float specifier changed to `ht'.


LaTeX Warning: File `figure/pip 1.png' not found on input line 67.

<figure/pip 1.png, id=43, 227.34938pt x 117.43875pt>
File: figure/pip 1.png Graphic file (type png)
<use figure/pip 1.png>
Package pdftex.def Info: figure/pip 1.png  used on input line 67.
(pdftex.def)             Requested size: 170.71652pt x 88.18634pt.
[8 <./figure/7.png> <./figure/8.png> <./figure/9.png>]

LaTeX Warning: File `figure/pip 2.png' not found on input line 73.

<figure/pip 2.png, id=50, 428.09938pt x 281.55188pt>
File: figure/pip 2.png Graphic file (type png)
<use figure/pip 2.png>
Package pdftex.def Info: figure/pip 2.png  used on input line 73.
(pdftex.def)             Requested size: 170.71652pt x 112.27505pt.

LaTeX Warning: File `figure/pip 3.png' not found on input line 79.

<figure/pip 3.png, id=51, 427.09563pt x 280.54813pt>
File: figure/pip 3.png Graphic file (type png)
<use figure/pip 3.png>
Package pdftex.def Info: figure/pip 3.png  used on input line 79.
(pdftex.def)             Requested size: 170.71652pt x 112.13591pt.

LaTeX Warning: `h' float specifier changed to `ht'.


LaTeX Warning: File `figure/pip 4.png' not found on input line 86.

<figure/pip 4.png, id=52, 422.07687pt x 410.03188pt>
File: figure/pip 4.png Graphic file (type png)
<use figure/pip 4.png>
Package pdftex.def Info: figure/pip 4.png  used on input line 86.
(pdftex.def)             Requested size: 170.71652pt x 165.84927pt.

LaTeX Warning: `h' float specifier changed to `ht'.

<figure/setting1.png, id=53, 746.03719pt x 374.14781pt>
File: figure/setting1.png Graphic file (type png)
<use figure/setting1.png>
Package pdftex.def Info: figure/setting1.png  used on input line 98.
(pdftex.def)             Requested size: 596.83055pt x 299.31863pt.

Overfull \hbox (163.21056pt too wide) in paragraph at lines 98--99
 [][] 
 []

[9 <./figure/10.png> <./figure/pip 1.png> <./figure/pip 2.png>]

LaTeX Warning: `h' float specifier changed to `ht'.

<figure/setting2.png, id=59, 378.66469pt x 277.78781pt>
File: figure/setting2.png Graphic file (type png)
<use figure/setting2.png>
Package pdftex.def Info: figure/setting2.png  used on input line 105.
(pdftex.def)             Requested size: 302.93216pt x 222.23053pt.
<figure/setting3.png, id=60, 377.15906pt x 301.8778pt>
File: figure/setting3.png Graphic file (type png)
<use figure/setting3.png>
Package pdftex.def Info: figure/setting3.png  used on input line 111.
(pdftex.def)             Requested size: 170.71652pt x 136.64064pt.
<figure/setting4.png, id=61, 371.13657pt x 298.86656pt>
File: figure/setting4.png Graphic file (type png)
<use figure/setting4.png>
Package pdftex.def Info: figure/setting4.png  used on input line 118.
(pdftex.def)             Requested size: 170.71652pt x 137.47571pt.

LaTeX Warning: `h' float specifier changed to `ht'.

<figure/entrepeter.png, id=62, 227.34938pt x 117.43875pt>
File: figure/entrepeter.png Graphic file (type png)
<use figure/entrepeter.png>
Package pdftex.def Info: figure/entrepeter.png  used on input line 128.
(pdftex.def)             Requested size: 170.71652pt x 88.18634pt.

LaTeX Warning: `h' float specifier changed to `ht'.

<figure/entrepreter1.png, id=63, 424.58624pt x 280.04625pt>
File: figure/entrepreter1.png Graphic file (type png)
<use figure/entrepreter1.png>
Package pdftex.def Info: figure/entrepreter1.png  used on input line 135.
(pdftex.def)             Requested size: 170.71652pt x 112.60193pt.

LaTeX Warning: `h' float specifier changed to `ht'.

<figure/entrepreter2.png, id=64, 427.09563pt x 280.04625pt>
File: figure/entrepreter2.png Graphic file (type png)
<use figure/entrepreter2.png>
Package pdftex.def Info: figure/entrepreter2.png  used on input line 141.
(pdftex.def)             Requested size: 170.71652pt x 111.93532pt.

LaTeX Warning: `h' float specifier changed to `ht'.

<figure/entrepreter3.png, id=65, 426.59375pt x 277.53688pt>
File: figure/entrepreter3.png Graphic file (type png)
<use figure/entrepreter3.png>
Package pdftex.def Info: figure/entrepreter3.png  used on input line 148.
(pdftex.def)             Requested size: 170.71652pt x 111.06783pt.

LaTeX Warning: `h' float specifier changed to `ht'.

<figure/anaconda.png, id=66, 1927.2pt x 1084.05pt>
File: figure/anaconda.png Graphic file (type png)
<use figure/anaconda.png>
Package pdftex.def Info: figure/anaconda.png  used on input line 161.
(pdftex.def)             Requested size: 170.71652pt x 96.02194pt.
[10 <./figure/pip 3.png> <./figure/pip 4.png>]

LaTeX Warning: `h' float specifier changed to `ht'.

<figure/spyder.png, id=72, 957.07562pt x 254.45062pt>
File: figure/spyder.png Graphic file (type png)
<use figure/spyder.png>
Package pdftex.def Info: figure/spyder.png  used on input line 168.
(pdftex.def)             Requested size: 765.66154pt x 203.56076pt.

Overfull \hbox (332.04155pt too wide) in paragraph at lines 168--170
 [][] 
 []


LaTeX Warning: `h' float specifier changed to `ht'.

<figure/siap1.png, id=73, 463.7325pt x 443.6575pt>
File: figure/siap1.png Graphic file (type png)
<use figure/siap1.png>
Package pdftex.def Info: figure/siap1.png  used on input line 178.
(pdftex.def)             Requested size: 398.33858pt x 381.10474pt.

LaTeX Warning: `h' float specifier changed to `ht'.

<figure/siap2.png, id=74, 947.54pt x 471.26062pt>
File: figure/siap2.png Graphic file (type png)
<use figure/siap2.png>
Package pdftex.def Info: figure/siap2.png  used on input line 184.
(pdftex.def)             Requested size: 521.1486pt x 259.19414pt.

Overfull \hbox (87.52861pt too wide) in paragraph at lines 184--186
 [][] 
 []


LaTeX Warning: `h' float specifier changed to `ht'.

<figure/variabel.png, id=75, 951.05313pt x 182.18062pt>
File: figure/variabel.png Graphic file (type png)
<use figure/variabel.png>
Package pdftex.def Info: figure/variabel.png  used on input line 194.
(pdftex.def)             Requested size: 284.52756pt x 54.50171pt.

LaTeX Warning: `h' float specifier changed to `ht'.


Overfull \hbox (1968.45619pt too wide) in paragraph at lines 202--202
[]\OT1/cmtt/m/n/12 Indentasi merupakan salah satu cara untuk merapikan sintaks 
pemrograman yang hendak ditulis yang selalu berhubungan dengan kurung kurawal `
{}' dalam memulai dan mengakhiri suatu scope pemrograman dan compiler, seperti 
salah satunya bahasa pemrograman python. error indentasi dapat terjadi apabila 
syntax tidak menggunakan space. Contoh yang benar (menggunakan tab/spasi sebaga
i indentasi):[] 
 []

[11 <./figure/setting1.png>]
<figure/Error1.png, id=80, 322.20375pt x 284.56313pt>
File: figure/Error1.png Graphic file (type png)
<use figure/Error1.png>
Package pdftex.def Info: figure/Error1.png  used on input line 229.
(pdftex.def)             Requested size: 284.52756pt x 251.29776pt.


LaTeX Warning: `h' float specifier changed to `ht'.

<figure/Error2.png, id=81, 377.91188pt x 298.11375pt>
File: figure/Error2.png Graphic file (type png)
<use figure/Error2.png>
Package pdftex.def Info: figure/Error2.png  used on input line 235.
(pdftex.def)             Requested size: 284.52756pt x 224.44904pt.

LaTeX Warning: `h' float specifier changed to `ht'.

<figure/Error3.png, id=82, 377.91188pt x 298.11375pt>
File: figure/Error3.png Graphic file (type png)
<use figure/Error3.png>
Package pdftex.def Info: figure/Error3.png  used on input line 244.
(pdftex.def)             Requested size: 284.52756pt x 224.44904pt.

LaTeX Warning: `h' float specifier changed to `ht'.

<figure/Error4.png, id=83, 322.20375pt x 284.56313pt>
File: figure/Error4.png Graphic file (type png)
<use figure/Error4.png>
Package pdftex.def Info: figure/Error4.png  used on input line 253.
(pdftex.def)             Requested size: 284.52756pt x 251.29776pt.

LaTeX Warning: `h' float specifier changed to `ht'.

<figure/Error5.png, id=84, 365.86688pt x 279.0425pt>
File: figure/Error5.png Graphic file (type png)
<use figure/Error5.png>
Package pdftex.def Info: figure/Error5.png  used on input line 259.
(pdftex.def)             Requested size: 284.52756pt x 217.01784pt.

LaTeX Warning: `h' float specifier changed to `ht'.

) [12] [13] [14 <./figure/setting2.png> <./figure/setting3.png> <./figure/setti
ng4.png>] [15 <./figure/entrepeter.png> <./figure/entrepreter1.png> <./figure/e
ntrepreter2.png> <./figure/entrepreter3.png>] [16 <./figure/anaconda.png> <./fi
gure/spyder.png>] [17 <./figure/siap1.png>] [18 <./figure/siap2.png> <./figure/
variabel.png>] [19 <./figure/Error1.png> <./figure/Error2.png>] [20 <./figure/E
rror3.png> <./figure/Error4.png>] [21 <./figure/Error5.png>] (python.aux
(section/chapter1.aux) (section/chapter2.aux) (section/chapter3.aux)) ) 
Here is how much of TeX's memory you used:
 3873 strings out of 492895
 58202 string characters out of 3133480
 130824 words of memory out of 3000000
 7698 multiletter control sequences out of 15000+200000
 16570 words of font info for 30 fonts, out of 3000000 for 9000
 1141 hyphenation exceptions out of 8191
 41i,7n,41p,773b,350s stack positions out of 5000i,500n,10000p,200000b,50000s
{C:/Prog
ram Files/MiKTeX 2.9/fonts/enc/dvips/base/8r.enc}<C:/Program Files/MiKTeX 2.9/f
onts/type1/bitstrea/charter/bchb8a.pfb><C:/Program Files/MiKTeX 2.9/fonts/type1
/bitstrea/charter/bchbi8a.pfb><C:/Program Files/MiKTeX 2.9/fonts/type1/bitstrea
/charter/bchr8a.pfb><C:/Program Files/MiKTeX 2.9/fonts/type1/public/amsfonts/cm
/cmtt12.pfb>
Output written on python.pdf (21 pages, 1417957 bytes).
PDF statistics:
 145 PDF objects out of 1000 (max. 8388607)
 0 named destinations out of 1000 (max. 500000)
 161 words of extra memory for PDF output out of 10000 (max. 10000000)

