This is pdfTeX, Version 3.14159265-2.6-1.40.20 (MiKTeX 2.9.7000 64-bit) (preloaded format=pdflatex 2019.7.2)  24 OCT 2019 12:15
entering extended mode
**"./Tugas chapter 2.tex"
("Tugas chapter 2.tex"
LaTeX2e <2018-12-01>
("C:\Users\USER\AppData\Local\Programs\MiKTeX 2.9\tex/latex/base\report.cls"
Document Class: report 2018/09/03 v1.4i Standard LaTeX document class
("C:\Users\USER\AppData\Local\Programs\MiKTeX 2.9\tex/latex/base\size12.clo"
File: size12.clo 2018/09/03 v1.4i Standard LaTeX file (size option)
)
\c@part=\count80
\c@chapter=\count81
\c@section=\count82
\c@subsection=\count83
\c@subsubsection=\count84
\c@paragraph=\count85
\c@subparagraph=\count86
\c@figure=\count87
\c@table=\count88
\abovecaptionskip=\skip41
\belowcaptionskip=\skip42
\bibindent=\dimen102
)
("C:\Users\USER\AppData\Local\Programs\MiKTeX 2.9\tex/latex/listings\listings.s
ty"
("C:\Users\USER\AppData\Local\Programs\MiKTeX 2.9\tex/latex/graphics\keyval.sty
"
Package: keyval 2014/10/28 v1.15 key=value parser (DPC)
\KV@toks@=\toks14
)
\lst@mode=\count89
\lst@gtempboxa=\box27
\lst@token=\toks15
\lst@length=\count90
\lst@currlwidth=\dimen103
\lst@column=\count91
\lst@pos=\count92
\lst@lostspace=\dimen104
\lst@width=\dimen105
\lst@newlines=\count93
\lst@lineno=\count94
\lst@maxwidth=\dimen106

("C:\Users\USER\AppData\Local\Programs\MiKTeX 2.9\tex/latex/listings\lstmisc.st
y"
File: lstmisc.sty 2019/09/10 1.8c (Carsten Heinz)
\c@lstnumber=\count95
\lst@skipnumbers=\count96
\lst@framebox=\box28
)
("C:\Users\USER\AppData\Local\Programs\MiKTeX 2.9\tex/latex/listings\listings.c
fg"
File: listings.cfg 2019/09/10 1.8c listings configuration
))
Package: listings 2019/09/10 1.8c (Carsten Heinz)

No file "Tugas chapter 2".aux.
\openout1 = `"Tugas chapter 2.aux"'.

LaTeX Font Info:    Checking defaults for OML/cmm/m/it on input line 6.
LaTeX Font Info:    ... okay on input line 6.
LaTeX Font Info:    Checking defaults for T1/cmr/m/n on input line 6.
LaTeX Font Info:    ... okay on input line 6.
LaTeX Font Info:    Checking defaults for OT1/cmr/m/n on input line 6.
LaTeX Font Info:    ... okay on input line 6.
LaTeX Font Info:    Checking defaults for OMS/cmsy/m/n on input line 6.
LaTeX Font Info:    ... okay on input line 6.
LaTeX Font Info:    Checking defaults for OMX/cmex/m/n on input line 6.
LaTeX Font Info:    ... okay on input line 6.
LaTeX Font Info:    Checking defaults for U/cmr/m/n on input line 6.
LaTeX Font Info:    ... okay on input line 6.
\c@lstlisting=\count97
LaTeX Font Info:    External font `cmex10' loaded for size
(Font)              <14.4> on input line 7.
LaTeX Font Info:    External font `cmex10' loaded for size
(Font)              <7> on input line 7.
[1

{C:/Users/USER/AppData/Local/MiKTeX/2.9/pdftex/config/pdftex.map}]
Underfull \hbox (badness 10000) in paragraph at lines 11--12

 []

LaTeX Font Info:    Try loading font information for OMS+cmr on input line 13.
("C:\Users\USER\AppData\Local\Programs\MiKTeX 2.9\tex/latex/base\omscmr.fd"
File: omscmr.fd 2014/09/29 v2.5h Standard LaTeX font definitions
)
LaTeX Font Info:    Font shape `OMS/cmr/m/n' in size <12> not available
(Font)              Font shape `OMS/cmsy/m/n' tried instead on input line 13.

Underfull \hbox (badness 10000) in paragraph at lines 13--14

 []


Underfull \hbox (badness 10000) in paragraph at lines 14--15

 []


Underfull \hbox (badness 10000) in paragraph at lines 15--16

 []


Underfull \hbox (badness 10000) in paragraph at lines 17--22

 []


Overfull \hbox (4.59325pt too wide) in paragraph at lines 26--27
 \OT1/cmr/bx/n/12 Cara menampilkan hasil in-putan ke la-yar, yaitu:[] \OT1/cmr/
m/n/12 Print (\halo",A,"apa
 []


Underfull \hbox (badness 10000) in paragraph at lines 29--45

 []

[1

]
Overfull \hbox (11.67639pt too wide) in paragraph at lines 47--54
[]\OT1/cmr/m/n/12 While Loop adalah pe-ru-lan-gan yang dalam ba-hasa pem-pro-gr
a-man python
 []


Underfull \hbox (badness 10000) in paragraph at lines 47--54

 []


Underfull \hbox (badness 10000) in paragraph at lines 55--60

 []

[2]
Underfull \hbox (badness 10000) in paragraph at lines 66--76

 []


Underfull \hbox (badness 10000) in paragraph at lines 77--90

 []


Underfull \hbox (badness 10000) in paragraph at lines 91--99

 []

[3]
Underfull \hbox (badness 10000) in paragraph at lines 101--105

 []


Underfull \hbox (badness 10000) in paragraph at lines 106--116

 []


("C:\Users\USER\AppData\Local\Programs\MiKTeX 2.9\tex/latex/listings\lstlang1.s
ty"
File: lstlang1.sty 2019/09/10 1.8c listings language file
) [4] (src/soal1.py
LaTeX Font Info:    External font `cmex10' loaded for size
(Font)              <12> on input line 1.
LaTeX Font Info:    External font `cmex10' loaded for size
(Font)              <8> on input line 1.
LaTeX Font Info:    External font `cmex10' loaded for size
(Font)              <6> on input line 1.
LaTeX Font Info:    Font shape `OMS/cmr/m/it' in size <12> not available
(Font)              Font shape `OMS/cmsy/m/n' tried instead on input line 1.

Overfull \hbox (110.54913pt too wide) in paragraph at lines 9--10
[][][][][][][][][][][][][][][][][][][][][][][][][][][][][][][][][][][][][][][][
] 
 []


Overfull \hbox (110.54913pt too wide) in paragraph at lines 10--11
[][][][][][][][][][][][][][][][][][][][][][][][][][][][][][][][][][][][][][][][
][][][][][][][][] 
 []


Overfull \hbox (110.54913pt too wide) in paragraph at lines 11--12
[][][][][][][][][][][][][][][][][][][][][][][][][][][][][][][][][][][][][] 
 []


Overfull \hbox (110.54913pt too wide) in paragraph at lines 12--13
[][][][][][][][][][][][][][][][][][][][][][][][][][][][][][][][][][][][][][][][
][][][][][][][][][] 
 []

)
Overfull \hbox (110.54913pt too wide) in paragraph at lines 13--119
[][][][][][][][][][][][][][][][][][][][][][][][][][][][][][][][][][][][][][][][
][][] 
 []

(src/soal2.py) (src/soal3.py [5]
LaTeX Font Info:    Try loading font information for OML+cmr on input line 17.

("C:\Users\USER\AppData\Local\Programs\MiKTeX 2.9\tex/latex/base\omlcmr.fd"
File: omlcmr.fd 2014/09/29 v2.5h Standard LaTeX font definitions
)
LaTeX Font Info:    Font shape `OML/cmr/m/n' in size <12> not available
(Font)              Font shape `OML/cmm/m/it' tried instead on input line 17.
)
Overfull \hbox (96.44916pt too wide) in paragraph at lines 20--123
[][][][][][][][][][][][][][][][][][][][][][][][][][][][][][][][][][][][][][][][
][] 
 []

(src/soal4.py) (src/soal5.py [6]) (src/soal6.py [7]) (src/soal7.py [8])
(src/soal8.py) (src/soal9.py [9]) (src/soal10.py [10]) (src/soal11.py [11])
(src/2err.py)
Overfull \hbox (40.04926pt too wide) in paragraph at lines 7--141
[][][][][][][][][][][][][][][][][][][][][] 
 []

[12] ("Tugas chapter 2.aux") ) 
Here is how much of TeX's memory you used:
 2138 strings out of 492945
 27629 string characters out of 3126697
 299625 words of memory out of 3000000
 6047 multiletter control sequences out of 15000+200000
 9761 words of font info for 34 fonts, out of 3000000 for 9000
 1141 hyphenation exceptions out of 8191
 31i,6n,42p,266b,1688s stack positions out of 5000i,500n,10000p,200000b,50000s
<C:/Users/USER/AppData/Local/Programs/MiKTeX 2.9/
fonts/type1/public/amsfonts/cm/cmbx12.pfb><C:/Users/USER/AppData/Local/Programs
/MiKTeX 2.9/fonts/type1/public/amsfonts/cm/cmmi12.pfb><C:/Users/USER/AppData/Lo
cal/Programs/MiKTeX 2.9/fonts/type1/public/amsfonts/cm/cmr12.pfb><C:/Users/USER
/AppData/Local/Programs/MiKTeX 2.9/fonts/type1/public/amsfonts/cm/cmr17.pfb><C:
/Users/USER/AppData/Local/Programs/MiKTeX 2.9/fonts/type1/public/amsfonts/cm/cm
sy10.pfb><C:/Users/USER/AppData/Local/Programs/MiKTeX 2.9/fonts/type1/public/am
sfonts/cm/cmti12.pfb>
Output written on "Tugas chapter 2.pdf" (13 pages, 101219 bytes).
PDF statistics:
 69 PDF objects out of 1000 (max. 8388607)
 0 named destinations out of 1000 (max. 500000)
 1 words of extra memory for PDF output out of 10000 (max. 10000000)

