This is pdfTeX, Version 3.14159265-2.6-1.40.20 (MiKTeX 2.9.7050 64-bit) (preloaded format=pdflatex 2019.7.1)  24 OCT 2019 05:16
entering extended mode
**./tugas.tex
(tugas.tex
LaTeX2e <2018-12-01>
("C:\Users\Jenly\AppData\Local\Programs\MiKTeX 2.9\tex/latex/base\report.cls"
Document Class: report 2018/09/03 v1.4i Standard LaTeX document class
("C:\Users\Jenly\AppData\Local\Programs\MiKTeX 2.9\tex/latex/base\size12.clo"
File: size12.clo 2018/09/03 v1.4i Standard LaTeX file (size option)
)
\c@part=\count80
\c@chapter=\count81
\c@section=\count82
\c@subsection=\count83
\c@subsubsection=\count84
\c@paragraph=\count85
\c@subparagraph=\count86
\c@figure=\count87
\c@table=\count88
\abovecaptionskip=\skip41
\belowcaptionskip=\skip42
\bibindent=\dimen102
)
("C:\Users\Jenly\AppData\Local\Programs\MiKTeX 2.9\tex/latex/graphics\graphicx.
sty"
Package: graphicx 2017/06/01 v1.1a Enhanced LaTeX Graphics (DPC,SPQR)

("C:\Users\Jenly\AppData\Local\Programs\MiKTeX 2.9\tex/latex/graphics\keyval.st
y"
Package: keyval 2014/10/28 v1.15 key=value parser (DPC)
\KV@toks@=\toks14
)
("C:\Users\Jenly\AppData\Local\Programs\MiKTeX 2.9\tex/latex/graphics\graphics.
sty"
Package: graphics 2017/06/25 v1.2c Standard LaTeX Graphics (DPC,SPQR)

("C:\Users\Jenly\AppData\Local\Programs\MiKTeX 2.9\tex/latex/graphics\trig.sty"
Package: trig 2016/01/03 v1.10 sin cos tan (DPC)
)
("C:\Users\Jenly\AppData\Local\Programs\MiKTeX 2.9\tex/latex/graphics-cfg\graph
ics.cfg"
File: graphics.cfg 2016/06/04 v1.11 sample graphics configuration
)
Package graphics Info: Driver file: pdftex.def on input line 99.

("C:\Users\Jenly\AppData\Local\Programs\MiKTeX 2.9\tex/latex/graphics-def\pdfte
x.def"
File: pdftex.def 2018/01/08 v1.0l Graphics/color driver for pdftex
))
\Gin@req@height=\dimen103
\Gin@req@width=\dimen104
)
("C:\Users\Jenly\AppData\Local\Programs\MiKTeX 2.9\tex/latex/listings\listings.
sty"
\lst@mode=\count89
\lst@gtempboxa=\box27
\lst@token=\toks15
\lst@length=\count90
\lst@currlwidth=\dimen105
\lst@column=\count91
\lst@pos=\count92
\lst@lostspace=\dimen106
\lst@width=\dimen107
\lst@newlines=\count93
\lst@lineno=\count94
\lst@maxwidth=\dimen108

("C:\Users\Jenly\AppData\Local\Programs\MiKTeX 2.9\tex/latex/listings\lstmisc.s
ty"
File: lstmisc.sty 2019/09/10 1.8c (Carsten Heinz)
\c@lstnumber=\count95
\lst@skipnumbers=\count96
\lst@framebox=\box28
)
("C:\Users\Jenly\AppData\Local\Programs\MiKTeX 2.9\tex/latex/listings\listings.
cfg"
File: listings.cfg 2019/09/10 1.8c listings configuration
))
Package: listings 2019/09/10 1.8c (Carsten Heinz)
 (tugas.aux)
\openout1 = `tugas.aux'.

LaTeX Font Info:    Checking defaults for OML/cmm/m/it on input line 7.
LaTeX Font Info:    ... okay on input line 7.
LaTeX Font Info:    Checking defaults for T1/cmr/m/n on input line 7.
LaTeX Font Info:    ... okay on input line 7.
LaTeX Font Info:    Checking defaults for OT1/cmr/m/n on input line 7.
LaTeX Font Info:    ... okay on input line 7.
LaTeX Font Info:    Checking defaults for OMS/cmsy/m/n on input line 7.
LaTeX Font Info:    ... okay on input line 7.
LaTeX Font Info:    Checking defaults for OMX/cmex/m/n on input line 7.
LaTeX Font Info:    ... okay on input line 7.
LaTeX Font Info:    Checking defaults for U/cmr/m/n on input line 7.
LaTeX Font Info:    ... okay on input line 7.

("C:\Users\Jenly\AppData\Local\Programs\MiKTeX 2.9\tex/context/base/mkii\supp-p
df.mkii"
[Loading MPS to PDF converter (version 2006.09.02).]
\scratchcounter=\count97
\scratchdimen=\dimen109
\scratchbox=\box29
\nofMPsegments=\count98
\nofMParguments=\count99
\everyMPshowfont=\toks16
\MPscratchCnt=\count100
\MPscratchDim=\dimen110
\MPnumerator=\count101
\makeMPintoPDFobject=\count102
\everyMPtoPDFconversion=\toks17
)
("C:\Users\Jenly\AppData\Local\Programs\MiKTeX 2.9\tex/latex/oberdiek\epstopdf-
base.sty"
Package: epstopdf-base 2016/05/15 v2.6 Base part for package epstopdf

("C:\Users\Jenly\AppData\Local\Programs\MiKTeX 2.9\tex/generic/oberdiek\infware
rr.sty"
Package: infwarerr 2016/05/16 v1.4 Providing info/warning/error messages (HO)
)
("C:\Users\Jenly\AppData\Local\Programs\MiKTeX 2.9\tex/latex/oberdiek\grfext.st
y"
Package: grfext 2016/05/16 v1.2 Manage graphics extensions (HO)

("C:\Users\Jenly\AppData\Local\Programs\MiKTeX 2.9\tex/generic/oberdiek\kvdefin
ekeys.sty"
Package: kvdefinekeys 2016/05/16 v1.4 Define keys (HO)

("C:\Users\Jenly\AppData\Local\Programs\MiKTeX 2.9\tex/generic/oberdiek\ltxcmds
.sty"
Package: ltxcmds 2016/05/16 v1.23 LaTeX kernel commands for general use (HO)
)))
("C:\Users\Jenly\AppData\Local\Programs\MiKTeX 2.9\tex/latex/oberdiek\kvoptions
.sty"
Package: kvoptions 2016/05/16 v3.12 Key value format for package options (HO)

("C:\Users\Jenly\AppData\Local\Programs\MiKTeX 2.9\tex/generic/oberdiek\kvsetke
ys.sty"
Package: kvsetkeys 2016/05/16 v1.17 Key value parser (HO)

("C:\Users\Jenly\AppData\Local\Programs\MiKTeX 2.9\tex/generic/oberdiek\etexcmd
s.sty"
Package: etexcmds 2016/05/16 v1.6 Avoid name clashes with e-TeX commands (HO)

("C:\Users\Jenly\AppData\Local\Programs\MiKTeX 2.9\tex/generic/oberdiek\ifluate
x.sty"
Package: ifluatex 2016/05/16 v1.4 Provides the ifluatex switch (HO)
Package ifluatex Info: LuaTeX not detected.
))))
("C:\Users\Jenly\AppData\Local\Programs\MiKTeX 2.9\tex/generic/oberdiek\pdftexc
mds.sty"
Package: pdftexcmds 2018/09/10 v0.29 Utility functions of pdfTeX for LuaTeX (HO
)

("C:\Users\Jenly\AppData\Local\Programs\MiKTeX 2.9\tex/generic/oberdiek\ifpdf.s
ty"
Package: ifpdf 2018/09/07 v3.3 Provides the ifpdf switch
)
Package pdftexcmds Info: LuaTeX not detected.
Package pdftexcmds Info: \pdf@primitive is available.
Package pdftexcmds Info: \pdf@ifprimitive is available.
Package pdftexcmds Info: \pdfdraftmode found.
)
Package epstopdf-base Info: Redefining graphics rule for `.eps' on input line 4
38.
Package grfext Info: Graphics extension search list:
(grfext)             [.pdf,.png,.jpg,.mps,.jpeg,.jbig2,.jb2,.PDF,.PNG,.JPG,.JPE
G,.JBIG2,.JB2,.eps]
(grfext)             \AppendGraphicsExtensions on input line 456.
)
\c@lstlisting=\count103
LaTeX Font Info:    External font `cmex10' loaded for size
(Font)              <14.4> on input line 8.
LaTeX Font Info:    External font `cmex10' loaded for size
(Font)              <7> on input line 8.
 [1

{C:/Users/Jenly/AppData/Local/MiKTeX/2.9/pdftex/config/pdftex.map}]
Chapter 1.
<images/variabel.png, id=7, 85.31876pt x 87.32625pt>
File: images/variabel.png Graphic file (type png)
<use images/variabel.png>
Package pdftex.def Info: images/variabel.png  used on input line 13.
(pdftex.def)             Requested size: 85.31853pt x 87.32603pt.

Overfull \hbox (10.79723pt too wide) in paragraph at lines 12--14
 [] \OT1/cmr/m/n/12 Vari-abel adalah se-buah tem-pat un-tuk menam-pung value di
mem-ori, ibaratkan
 []


Underfull \hbox (badness 10000) in paragraph at lines 12--14

 []


Underfull \hbox (badness 10000) in paragraph at lines 17--18

 []

LaTeX Font Info:    Try loading font information for OMS+cmr on input line 19.
("C:\Users\Jenly\AppData\Local\Programs\MiKTeX 2.9\tex/latex/base\omscmr.fd"
File: omscmr.fd 2014/09/29 v2.5h Standard LaTeX font definitions
)
LaTeX Font Info:    Font shape `OMS/cmr/m/n' in size <12> not available
(Font)              Font shape `OMS/cmsy/m/n' tried instead on input line 19.

Underfull \hbox (badness 10000) in paragraph at lines 19--20

 []


Underfull \hbox (badness 10000) in paragraph at lines 21--22

 []

[1

 <./images/variabel.png>]
Underfull \hbox (badness 10000) in paragraph at lines 23--24

 []


Underfull \hbox (badness 10000) in paragraph at lines 25--28

 []


Underfull \hbox (badness 10000) in paragraph at lines 29--31

 []


Overfull \hbox (2.05426pt too wide) in paragraph at lines 32--33
\OT1/cmr/m/n/12 atau mungkin di-ga-bung yaitu den-gan menam-bahkan koma un-tuk 
memisahkan
 []


Underfull \hbox (badness 10000) in paragraph at lines 32--33

 []


Underfull \hbox (badness 10000) in paragraph at lines 34--36

 []


Underfull \hbox (badness 10000) in paragraph at lines 40--42

 []

[2]
Underfull \hbox (badness 10000) in paragraph at lines 53--56

 []


Underfull \hbox (badness 10000) in paragraph at lines 62--63

 []


Underfull \hbox (badness 10000) in paragraph at lines 64--68

 []


Underfull \hbox (badness 10000) in paragraph at lines 69--70

 []


Underfull \hbox (badness 10000) in paragraph at lines 71--77

 []

[3]
<images/if.png, id=19, 311.1625pt x 50.1875pt>
File: images/if.png Graphic file (type png)
<use images/if.png>
Package pdftex.def Info: images/if.png  used on input line 82.
(pdftex.def)             Requested size: 311.16174pt x 50.18736pt.

Underfull \hbox (badness 10000) in paragraph at lines 81--83

 []


LaTeX Warning: File `images/if else.png' not found on input line 86.

<images/if else.png, id=20, 311.1625pt x 82.80937pt>
File: images/if else.png Graphic file (type png)
<use images/if else.png>
Package pdftex.def Info: images/if else.png  used on input line 86.
(pdftex.def)             Requested size: 311.16174pt x 82.80916pt.

Underfull \hbox (badness 10000) in paragraph at lines 85--87

 []


Overfull \hbox (10.06915pt too wide) in paragraph at lines 85--87
[] 
 []

<images/elif.png, id=21, 311.1625pt x 81.80562pt>
File: images/elif.png Graphic file (type png)
<use images/elif.png>
Package pdftex.def Info: images/elif.png  used on input line 90.
(pdftex.def)             Requested size: 311.16174pt x 81.8054pt.

Underfull \hbox (badness 10000) in paragraph at lines 89--91

 []

[4 <./images/if.png> <./images/if else.png>]

LaTeX Warning: File `images/nested if.png' not found on input line 95.

<images/nested if.png, id=25, 311.1625pt x 67.25125pt>
File: images/nested if.png Graphic file (type png)
<use images/nested if.png>
Package pdftex.def Info: images/nested if.png  used on input line 95.
(pdftex.def)             Requested size: 311.16174pt x 67.25107pt.

Underfull \hbox (badness 10000) in paragraph at lines 93--96

 []

<images/for.png, id=26, 128.48pt x 34.1275pt>
File: images/for.png Graphic file (type png)
<use images/for.png>
Package pdftex.def Info: images/for.png  used on input line 102.
(pdftex.def)             Requested size: 128.47968pt x 34.1274pt.
<images/while.png, id=27, 127.97812pt x 53.70062pt>
File: images/while.png Graphic file (type png)
<use images/while.png>
Package pdftex.def Info: images/while.png  used on input line 106.
(pdftex.def)             Requested size: 127.9778pt x 53.70049pt.
[5 <./images/elif.png> <./images/nested if.png> <./images/for.png>]

LaTeX Warning: File `images/try except.png' not found on input line 121.

<images/try except.png, id=31, 326.21875pt x 88.83188pt>
File: images/try except.png Graphic file (type png)
<use images/try except.png>
Package pdftex.def Info: images/try except.png  used on input line 121.
(pdftex.def)             Requested size: 326.21794pt x 88.83165pt.

Underfull \hbox (badness 10000) in paragraph at lines 120--122

 []


Overfull \hbox (54.36949pt too wide) in paragraph at lines 120--122
[] 
 []

[6 <./images/while.png> <./images/try except.png>]
Chapter 2.

("C:\Users\Jenly\AppData\Local\Programs\MiKTeX 2.9\tex/latex/listings\lstlang1.
sty"
File: lstlang1.sty 2019/09/10 1.8c listings language file
) (src/NPM1.py) (src/NPM2.py) (src/NPM3.py
Overfull \hbox (75.2992pt too wide) in paragraph at lines 3--5
[][][][][][][][][][][][][][][][][][][][][][][][][][][][][][][] 
 []

LaTeX Font Info:    External font `cmex10' loaded for size
(Font)              <12> on input line 5.
LaTeX Font Info:    External font `cmex10' loaded for size
(Font)              <8> on input line 5.
LaTeX Font Info:    External font `cmex10' loaded for size
(Font)              <6> on input line 5.

Overfull \hbox (96.44916pt too wide) in paragraph at lines 5--6
[][][][][][][][][][][][][][][][][][][][][][][][][][][][] 
 []

)
Overfull \hbox (103.49915pt too wide) in paragraph at lines 6--129
[][][][][][][][][][][][][][][][][][][][][][][][][][][][][][][][] 
 []

(src/NPM4.py [7

]) (src/NPM5.py
LaTeX Font Info:    Try loading font information for OML+cmr on input line 3.

("C:\Users\Jenly\AppData\Local\Programs\MiKTeX 2.9\tex/latex/base\omlcmr.fd"
File: omlcmr.fd 2014/09/29 v2.5h Standard LaTeX font definitions
)
LaTeX Font Info:    Font shape `OML/cmr/m/n' in size <12> not available
(Font)              Font shape `OML/cmm/m/it' tried instead on input line 3.
)
(src/NPM6.py [8]) (src/NPM7.py) (src/NPM8.py [9]) (src/NPM9.py [10])
(src/NPM10.py) (src/NPM11.py [11]) (src/2err.py)
Overfull \hbox (68.2492pt too wide) in paragraph at lines 7--147
[][][][][][][][][][][][][][][][][][][][][][] 
 []

[12] (tugas.aux) ) 
Here is how much of TeX's memory you used:
 3335 strings out of 492895
 47411 string characters out of 3123736
 311866 words of memory out of 3000000
 7194 multiletter control sequences out of 15000+200000
 9414 words of font info for 33 fonts, out of 3000000 for 9000
 1141 hyphenation exceptions out of 8191
 41i,6n,42p,727b,1662s stack positions out of 5000i,500n,10000p,200000b,50000s
<C:/Users/Jenly/AppData/Local/Programs/MiKTeX 2.9/fonts/type1
/public/amsfonts/cm/cmbx12.pfb><C:/Users/Jenly/AppData/Local/Programs/MiKTeX 2.
9/fonts/type1/public/amsfonts/cm/cmmi12.pfb><C:/Users/Jenly/AppData/Local/Progr
ams/MiKTeX 2.9/fonts/type1/public/amsfonts/cm/cmr12.pfb><C:/Users/Jenly/AppData
/Local/Programs/MiKTeX 2.9/fonts/type1/public/amsfonts/cm/cmr17.pfb><C:/Users/J
enly/AppData/Local/Programs/MiKTeX 2.9/fonts/type1/public/amsfonts/cm/cmsy10.pf
b>
Output written on tugas.pdf (13 pages, 109480 bytes).
PDF statistics:
 73 PDF objects out of 1000 (max. 8388607)
 0 named destinations out of 1000 (max. 500000)
 41 words of extra memory for PDF output out of 10000 (max. 10000000)

