This is pdfTeX, Version 3.14159265-2.6-1.40.20 (MiKTeX 2.9.7200 64-bit) (preloaded format=pdflatex 2019.10.9)  17 OCT 2019 06:39
entering extended mode
**"./Laporan Python.tex"
("Laporan Python.tex"
LaTeX2e <2019-10-01>
(ociamthesis.cls
Document Class: ociamthesis 2010/11/22 v2.2 OCIAM thesis class
("C:\Users\innal\AppData\Local\Programs\MiKTeX 2.9\tex/latex/base\report.cls"
Document Class: report 2019/08/27 v1.4j Standard LaTeX document class
("C:\Users\innal\AppData\Local\Programs\MiKTeX 2.9\tex/latex/base\size12.clo"
File: size12.clo 2019/08/27 v1.4j Standard LaTeX file (size option)
)
\c@part=\count80
\c@chapter=\count81
\c@section=\count82
\c@subsection=\count83
\c@subsubsection=\count84
\c@paragraph=\count85
\c@subparagraph=\count86
\c@figure=\count87
\c@table=\count88
\abovecaptionskip=\skip41
\belowcaptionskip=\skip42
\bibindent=\dimen102
)
("C:\Users\innal\AppData\Local\Programs\MiKTeX 2.9\tex/latex/graphics\graphicx.
sty"
Package: graphicx 2017/06/01 v1.1a Enhanced LaTeX Graphics (DPC,SPQR)

("C:\Users\innal\AppData\Local\Programs\MiKTeX 2.9\tex/latex/graphics\keyval.st
y"
Package: keyval 2014/10/28 v1.15 key=value parser (DPC)
\KV@toks@=\toks14
)
("C:\Users\innal\AppData\Local\Programs\MiKTeX 2.9\tex/latex/graphics\graphics.
sty"
Package: graphics 2019/07/20 v1.3b Standard LaTeX Graphics (DPC,SPQR)

("C:\Users\innal\AppData\Local\Programs\MiKTeX 2.9\tex/latex/graphics\trig.sty"
Package: trig 2016/01/03 v1.10 sin cos tan (DPC)
)
("C:\Users\innal\AppData\Local\Programs\MiKTeX 2.9\tex/latex/graphics-cfg\graph
ics.cfg"
File: graphics.cfg 2016/06/04 v1.11 sample graphics configuration
)
Package graphics Info: Driver file: pdftex.def on input line 105.

("C:\Users\innal\AppData\Local\Programs\MiKTeX 2.9\tex/latex/graphics-def\pdfte
x.def"
File: pdftex.def 2018/01/08 v1.0l Graphics/color driver for pdftex
))
\Gin@req@height=\dimen103
\Gin@req@width=\dimen104
)
("C:\Users\innal\AppData\Local\Programs\MiKTeX 2.9\tex/latex/base\ifthen.sty"
Package: ifthen 2014/09/29 v1.1c Standard LaTeX ifthen package (DPC)
))
("C:\Users\innal\AppData\Local\Programs\MiKTeX 2.9\tex/latex/amsfonts\amssymb.s
ty"
Package: amssymb 2013/01/14 v3.01 AMS font symbols

("C:\Users\innal\AppData\Local\Programs\MiKTeX 2.9\tex/latex/amsfonts\amsfonts.
sty"
Package: amsfonts 2013/01/14 v3.01 Basic AMSFonts support
\@emptytoks=\toks15
\symAMSa=\mathgroup4
\symAMSb=\mathgroup5
LaTeX Font Info:    Redeclaring math symbol \hbar on input line 98.
LaTeX Font Info:    Overwriting math alphabet `\mathfrak' in version `bold'
(Font)                  U/euf/m/n --> U/euf/b/n on input line 106.
))
("C:\Users\innal\AppData\Local\Programs\MiKTeX 2.9\tex/latex/amsmath\amsmath.st
y"
Package: amsmath 2019/04/01 v2.17c AMS math features
\@mathmargin=\skip43

For additional information on amsmath, use the `?' option.

("C:\Users\innal\AppData\Local\Programs\MiKTeX 2.9\tex/latex/amsmath\amstext.st
y"
Package: amstext 2000/06/29 v2.01 AMS text

("C:\Users\innal\AppData\Local\Programs\MiKTeX 2.9\tex/latex/amsmath\amsgen.sty
"
File: amsgen.sty 1999/11/30 v2.0 generic functions
\@emptytoks=\toks16
\ex@=\dimen105
))
("C:\Users\innal\AppData\Local\Programs\MiKTeX 2.9\tex/latex/amsmath\amsbsy.sty
"
Package: amsbsy 1999/11/29 v1.2d Bold Symbols
\pmbraise@=\dimen106
)
("C:\Users\innal\AppData\Local\Programs\MiKTeX 2.9\tex/latex/amsmath\amsopn.sty
"
Package: amsopn 2016/03/08 v2.02 operator names
)
\inf@bad=\count89
LaTeX Info: Redefining \frac on input line 227.
\uproot@=\count90
\leftroot@=\count91
LaTeX Info: Redefining \overline on input line 389.
\classnum@=\count92
\DOTSCASE@=\count93
LaTeX Info: Redefining \ldots on input line 486.
LaTeX Info: Redefining \dots on input line 489.
LaTeX Info: Redefining \cdots on input line 610.
\Mathstrutbox@=\box27
\strutbox@=\box28
\big@size=\dimen107
LaTeX Font Info:    Redeclaring font encoding OML on input line 733.
LaTeX Font Info:    Redeclaring font encoding OMS on input line 734.
\macc@depth=\count94
\c@MaxMatrixCols=\count95
\dotsspace@=\muskip10
\c@parentequation=\count96
\dspbrk@lvl=\count97
\tag@help=\toks17
\row@=\count98
\column@=\count99
\maxfields@=\count100
\andhelp@=\toks18
\eqnshift@=\dimen108
\alignsep@=\dimen109
\tagshift@=\dimen110
\tagwidth@=\dimen111
\totwidth@=\dimen112
\lineht@=\dimen113
\@envbody=\toks19
\multlinegap=\skip44
\multlinetaggap=\skip45
\mathdisplay@stack=\toks20
LaTeX Info: Redefining \[ on input line 2855.
LaTeX Info: Redefining \] on input line 2856.
)
("C:\Users\innal\AppData\Local\Programs\MiKTeX 2.9\tex/latex/tools\longtable.st
y"
Package: longtable 2019/02/06 v4.12 Multi-page Table package (DPC)
\LTleft=\skip46
\LTright=\skip47
\LTpre=\skip48
\LTpost=\skip49
\LTchunksize=\count101
\LTcapwidth=\dimen114
\LT@head=\box29
\LT@firsthead=\box30
\LT@foot=\box31
\LT@lastfoot=\box32
\LT@cols=\count102
\LT@rows=\count103
\c@LT@tables=\count104
\c@LT@chunks=\count105
\LT@p@ftn=\toks21
) ("C:\Users\innal\AppData\Local\Programs\MiKTeX 2.9\tex/latex/float\float.sty"
Package: float 2001/11/08 v1.3d Float enhancements (AL)
\c@float@type=\count106
\float@exts=\toks22
\float@box=\box33
\@float@everytoks=\toks23
\@floatcapt=\box34
) ("Laporan Python.aux" (section/chapter1.aux

LaTeX Warning: Label `langkah2' multiply defined.


LaTeX Warning: Label `Figureanaconda70' multiply defined.


LaTeX Warning: Label `Figureanaconda70' multiply defined.


LaTeX Warning: Label `Figureanaconda70' multiply defined.


LaTeX Warning: Label `Figureanaconda70' multiply defined.


LaTeX Warning: Label `Update spyder selesai' multiply defined.


LaTeX Warning: Label `Syntax Error' multiply defined.

))
\openout1 = `"Laporan Python.aux"'.

LaTeX Font Info:    Checking defaults for OML/cmm/m/it on input line 27.
LaTeX Font Info:    ... okay on input line 27.
LaTeX Font Info:    Checking defaults for T1/cmr/m/n on input line 27.
LaTeX Font Info:    ... okay on input line 27.
LaTeX Font Info:    Checking defaults for OT1/cmr/m/n on input line 27.
LaTeX Font Info:    ... okay on input line 27.
LaTeX Font Info:    Checking defaults for OMS/cmsy/m/n on input line 27.
LaTeX Font Info:    ... okay on input line 27.
LaTeX Font Info:    Checking defaults for OMX/cmex/m/n on input line 27.
LaTeX Font Info:    ... okay on input line 27.
LaTeX Font Info:    Checking defaults for U/cmr/m/n on input line 27.
LaTeX Font Info:    ... okay on input line 27.

("C:\Users\innal\AppData\Local\Programs\MiKTeX 2.9\tex/context/base/mkii\supp-p
df.mkii"
[Loading MPS to PDF converter (version 2006.09.02).]
\scratchcounter=\count107
\scratchdimen=\dimen115
\scratchbox=\box35
\nofMPsegments=\count108
\nofMParguments=\count109
\everyMPshowfont=\toks24
\MPscratchCnt=\count110
\MPscratchDim=\dimen116
\MPnumerator=\count111
\makeMPintoPDFobject=\count112
\everyMPtoPDFconversion=\toks25
)
("C:\Users\innal\AppData\Local\Programs\MiKTeX 2.9\tex/latex/oberdiek\epstopdf-
base.sty"
Package: epstopdf-base 2016/05/15 v2.6 Base part for package epstopdf

("C:\Users\innal\AppData\Local\Programs\MiKTeX 2.9\tex/generic/oberdiek\infware
rr.sty"
Package: infwarerr 2016/05/16 v1.4 Providing info/warning/error messages (HO)
)
("C:\Users\innal\AppData\Local\Programs\MiKTeX 2.9\tex/latex/oberdiek\grfext.st
y"
Package: grfext 2016/05/16 v1.2 Manage graphics extensions (HO)

("C:\Users\innal\AppData\Local\Programs\MiKTeX 2.9\tex/generic/oberdiek\kvdefin
ekeys.sty"
Package: kvdefinekeys 2016/05/16 v1.4 Define keys (HO)

("C:\Users\innal\AppData\Local\Programs\MiKTeX 2.9\tex/generic/oberdiek\ltxcmds
.sty"
Package: ltxcmds 2016/05/16 v1.23 LaTeX kernel commands for general use (HO)
)))
("C:\Users\innal\AppData\Local\Programs\MiKTeX 2.9\tex/latex/oberdiek\kvoptions
.sty"
Package: kvoptions 2016/05/16 v3.12 Key value format for package options (HO)

("C:\Users\innal\AppData\Local\Programs\MiKTeX 2.9\tex/generic/oberdiek\kvsetke
ys.sty"
Package: kvsetkeys 2016/05/16 v1.17 Key value parser (HO)

("C:\Users\innal\AppData\Local\Programs\MiKTeX 2.9\tex/generic/oberdiek\etexcmd
s.sty"
Package: etexcmds 2016/05/16 v1.6 Avoid name clashes with e-TeX commands (HO)

("C:\Users\innal\AppData\Local\Programs\MiKTeX 2.9\tex/generic/oberdiek\ifluate
x.sty"
Package: ifluatex 2016/05/16 v1.4 Provides the ifluatex switch (HO)
Package ifluatex Info: LuaTeX not detected.
))))
("C:\Users\innal\AppData\Local\Programs\MiKTeX 2.9\tex/generic/oberdiek\pdftexc
mds.sty"
Package: pdftexcmds 2019/07/25 v0.30 Utility functions of pdfTeX for LuaTeX (HO
)

("C:\Users\innal\AppData\Local\Programs\MiKTeX 2.9\tex/generic/oberdiek\ifpdf.s
ty"
Package: ifpdf 2018/09/07 v3.3 Provides the ifpdf switch
)
Package pdftexcmds Info: LuaTeX not detected.
Package pdftexcmds Info: \pdf@primitive is available.
Package pdftexcmds Info: \pdf@ifprimitive is available.
Package pdftexcmds Info: \pdfdraftmode found.
)
Package epstopdf-base Info: Redefining graphics rule for `.eps' on input line 4
38.
Package grfext Info: Graphics extension search list:
(grfext)             [.pdf,.png,.jpg,.mps,.jpeg,.jbig2,.jb2,.PDF,.PNG,.JPG,.JPE
G,.JBIG2,.JB2,.eps]
(grfext)             \AppendGraphicsExtensions on input line 456.
)
<logo-poltekpos.png, id=1, 291.2481pt x 272.217pt>
File: logo-poltekpos.png Graphic file (type png)
<use logo-poltekpos.png>
Package pdftex.def Info: logo-poltekpos.png  used on input line 38.
(pdftex.def)             Requested size: 91.04881pt x 85.10081pt.
 [1


{C:/Users/innal/AppData/Local/MiKTeX/2.9/pdftex/config/pdftex.map} <./logo-polt
ekpos.png>]
\openout2 = `section/chapter1.aux'.

 (section/chapter1.tex
Chapter 1.
[1




] [2]
<figures/1.png, id=18, 332.74312pt x 246.9225pt>
File: figures/1.png Graphic file (type png)
<use figures/1.png>
Package pdftex.def Info: figures/1.png  used on input line 44.
(pdftex.def)             Requested size: 166.37114pt x 123.46094pt.
 [3]
<figures/2.png, id=22, 317.68687pt x 219.06844pt>
File: figures/2.png Graphic file (type png)
<use figures/2.png>
Package pdftex.def Info: figures/2.png  used on input line 51.
(pdftex.def)             Requested size: 158.84303pt x 109.53394pt.
<figures/3.png, id=23, 354.57469pt x 277.78781pt>
File: figures/3.png Graphic file (type png)
<use figures/3.png>
Package pdftex.def Info: figures/3.png  used on input line 59.
(pdftex.def)             Requested size: 177.28691pt x 138.89355pt.
<figures/4.png, id=24, 356.83313pt x 277.78781pt>
File: figures/4.png Graphic file (type png)
<use figures/4.png>
Package pdftex.def Info: figures/4.png  used on input line 70.
(pdftex.def)             Requested size: 178.41612pt x 138.89355pt.
 [4 <./figures/1.png> <./figures/2.png> <./figures/3.png>]
<figures/5.png, id=31, 355.3275pt x 276.28218pt>
File: figures/5.png Graphic file (type png)
<use figures/5.png>
Package pdftex.def Info: figures/5.png  used on input line 81.
(pdftex.def)             Requested size: 177.6633pt x 138.14075pt.
<figures/6.png, id=32, 465.23813pt x 364.36125pt>
File: figures/6.png Graphic file (type png)
<use figures/6.png>
Package pdftex.def Info: figures/6.png  used on input line 92.
(pdftex.def)             Requested size: 232.61848pt x 182.18018pt.
 [5 <./figures/4.png> <./figures/5.png>]
<figures/7.png, id=38, 359.84438pt x 279.29344pt>
File: figures/7.png Graphic file (type png)
<use figures/7.png>
Package pdftex.def Info: figures/7.png  used on input line 102.
(pdftex.def)             Requested size: 179.92174pt x 139.64638pt.
<figures/8.png, id=39, 356.83313pt x 276.28218pt>
File: figures/8.png Graphic file (type png)
<use figures/8.png>
Package pdftex.def Info: figures/8.png  used on input line 112.
(pdftex.def)             Requested size: 178.41612pt x 138.14075pt.
 [6 <./figures/6.png> <./figures/7.png>]
<figures/9.png, id=46, 358.33875pt x 277.035pt>
File: figures/9.png Graphic file (type png)
<use figures/9.png>
Package pdftex.def Info: figures/9.png  used on input line 120.
(pdftex.def)             Requested size: 179.16893pt x 138.51715pt.
<figures/10.png, id=47, 358.33875pt x 278.54062pt>
File: figures/10.png Graphic file (type png)
<use figures/10.png>
Package pdftex.def Info: figures/10.png  used on input line 128.
(pdftex.def)             Requested size: 179.16893pt x 139.26996pt.
<figures/11.png, id=48, 356.83313pt x 277.78781pt>
File: figures/11.png Graphic file (type png)
<use figures/11.png>
Package pdftex.def Info: figures/11.png  used on input line 138.
(pdftex.def)             Requested size: 178.41612pt x 138.89355pt.
 [7 <./figures/8.png> <./figures/9.png> <./figures/10.png>]
<figures/installpip.png, id=55, 839.38594pt x 449.42906pt>
File: figures/installpip.png Graphic file (type png)
<use figures/installpip.png>
Package pdftex.def Info: figures/installpip.png  used on input line 150.
(pdftex.def)             Requested size: 419.69194pt x 224.71397pt.
<figures/pipselesai.png, id=56, 839.38594pt x 460.72125pt>
File: figures/pipselesai.png Graphic file (type png)
<use figures/pipselesai.png>
Package pdftex.def Info: figures/pipselesai.png  used on input line 157.
(pdftex.def)             Requested size: 419.69194pt x 230.36006pt.
 [8 <./figures/11.png> <./figures/installpip.png>]
<figures/pipversion.png, id=62, 831.105pt x 487.06969pt>
File: figures/pipversion.png Graphic file (type png)
<use figures/pipversion.png>
Package pdftex.def Info: figures/pipversion.png  used on input line 164.
(pdftex.def)             Requested size: 415.55148pt x 243.53424pt.
<figures/properties.png, id=63, 463.7325pt x 510.40688pt>
File: figures/properties.png Graphic file (type png)
<use figures/properties.png>
Package pdftex.def Info: figures/properties.png  used on input line 177.
(pdftex.def)             Requested size: 324.61052pt x 357.28238pt.
 [9 <./figures/pipselesai.png> <./figures/pipversion.png>]
<figures/advanced.png, id=69, 209.28188pt x 286.82156pt>
File: figures/advanced.png Graphic file (type png)
<use figures/advanced.png>
Package pdftex.def Info: figures/advanced.png  used on input line 184.
(pdftex.def)             Requested size: 146.49629pt x 200.77371pt.
[10 <./figures/properties.png>]
<figures/environment.png, id=74, 529.98pt x 583.42969pt>
File: figures/environment.png Graphic file (type png)
<use figures/environment.png>
Package pdftex.def Info: figures/environment.png  used on input line 191.
(pdftex.def)             Requested size: 211.98824pt x 233.36774pt.
<figures/path.png, id=75, 454.69875pt x 497.60907pt>
File: figures/path.png Graphic file (type png)
<use figures/path.png>
Package pdftex.def Info: figures/path.png  used on input line 198.
(pdftex.def)             Requested size: 181.87627pt x 199.0401pt.
 [11 <./figures/advanced.png> <./figures/environment.png>]
<figures/ok.png, id=81, 377.15906pt x 356.83313pt>
File: figures/ok.png Graphic file (type png)
<use figures/ok.png>
Package pdftex.def Info: figures/ok.png  used on input line 205.
(pdftex.def)             Requested size: 150.86095pt x 142.73071pt.
<figures/cli.png, id=82, 824.32968pt x 481.04718pt>
File: figures/cli.png Graphic file (type png)
<use figures/cli.png>
Package pdftex.def Info: figures/cli.png  used on input line 218.
(pdftex.def)             Requested size: 412.16383pt x 240.523pt.
 [12 <./figures/path.png> <./figures/ok.png>]
<figures/updatepython.png, id=89, 581.17125pt x 286.671pt>
File: figures/updatepython.png Graphic file (type png)
<use figures/updatepython.png>
Package pdftex.def Info: figures/updatepython.png  used on input line 230.
(pdftex.def)             Requested size: 232.46437pt x 114.66635pt.
<figures/updatepythonyes.png, id=90, 560.0925pt x 287.27325pt>
File: figures/updatepythonyes.png Graphic file (type png)
<use figures/updatepythonyes.png>
Package pdftex.def Info: figures/updatepythonyes.png  used on input line 237.
(pdftex.def)             Requested size: 224.03302pt x 114.90726pt.
 [13 <./figures/cli.png> <./figures/updatepython.png>]
<figures/updatepythonselesai.png, id=96, 579.3645pt x 347.49825pt>
File: figures/updatepythonselesai.png Graphic file (type png)
<use figures/updatepythonselesai.png>
Package pdftex.def Info: figures/updatepythonselesai.png  used on input line 24
4.
(pdftex.def)             Requested size: 231.74168pt x 138.99683pt.
<figures/updatespyder.png, id=97, 842.39719pt x 493.0922pt>
File: figures/updatespyder.png Graphic file (type png)
<use figures/updatespyder.png>
Package pdftex.def Info: figures/updatespyder.png  used on input line 254.
(pdftex.def)             Requested size: 336.9529pt x 197.23338pt.
<figures/updatespyderselesai.png, id=98, 658.25925pt x 343.88475pt>
File: figures/updatespyderselesai.png Graphic file (type png)
<use figures/updatespyderselesai.png>
Package pdftex.def Info: figures/updatespyderselesai.png  used on input line 26
1.
(pdftex.def)             Requested size: 263.29903pt x 137.55145pt.
 [14 <./figures/updatepythonyes.png> <./figures/updatepythonselesai.png> <./fig
ures/updatespyder.png>]
<figures/navigator.png, id=105, 1155.71774pt x 623.32875pt>
File: figures/navigator.png Graphic file (type png)
<use figures/navigator.png>
Package pdftex.def Info: figures/navigator.png  used on input line 272.
(pdftex.def)             Requested size: 346.718pt x 187.00006pt.
<figures/helloworld.png, id=106, 471.26062pt x 205.5178pt>
File: figures/helloworld.png Graphic file (type png)
<use figures/helloworld.png>
Package pdftex.def Info: figures/helloworld.png  used on input line 279.
(pdftex.def)             Requested size: 282.75856pt x 123.31163pt.
 [15 <./figures/updatespyderselesai.png> <./figures/navigator.png>]
<figures/run.png, id=112, 405.01312pt x 293.59688pt>
File: figures/run.png Graphic file (type png)
<use figures/run.png>
Package pdftex.def Info: figures/run.png  used on input line 286.
(pdftex.def)             Requested size: 243.00974pt x 176.15947pt.

Overfull \hbox (48.03024pt too wide) in paragraph at lines 323--323
[]\OT1/cmtt/m/n/12 from selenium.webdriver.common.desired_capabilities import D
esiredCapabilities[] 
 []

[16 <./figures/helloworld.png> <./figures/run.png>]
Overfull \hbox (17.15523pt too wide) in paragraph at lines 323--323
[]\OT1/cmtt/m/n/12 binary = FirefoxBinary("C:\\Program Files\\Mozilla Firefox\\
firefox.exe")[] 
 []

<figures/login.png, id=119, 752.8125pt x 440.39531pt>
File: figures/login.png Graphic file (type png)
<use figures/login.png>
Package pdftex.def Info: figures/login.png  used on input line 327.
(pdftex.def)             Requested size: 376.40532pt x 220.19711pt.
<figures/running.png, id=120, 616.55344pt x 481.8pt>
File: figures/running.png Graphic file (type png)
<use figures/running.png>
Package pdftex.def Info: figures/running.png  used on input line 334.
(pdftex.def)             Requested size: 308.27596pt x 240.8994pt.
[17 <./figures/login.png>]
<figures/isi.png, id=125, 1927.2pt x 1084.05pt>
File: figures/isi.png Graphic file (type png)
<use figures/isi.png>
Package pdftex.def Info: figures/isi.png  used on input line 341.
(pdftex.def)             Requested size: 385.43318pt x 216.80615pt.
<figures/loginselesai.png, id=126, 1927.2pt x 1084.05pt>
File: figures/loginselesai.png Graphic file (type png)
<use figures/loginselesai.png>
Package pdftex.def Info: figures/loginselesai.png  used on input line 348.
(pdftex.def)             Requested size: 385.43318pt x 216.80615pt.
 [18 <./figures/running.png> <./figures/isi.png>]
<figures/variable.png, id=133, 1445.4pt x 244.66406pt>
File: figures/variable.png Graphic file (type png)
<use figures/variable.png>
Package pdftex.def Info: figures/variable.png  used on input line 357.
(pdftex.def)             Requested size: 433.62335pt x 73.39978pt.

[19 <./figures/loginselesai.png> <./figures/variable.png>]
<figures/indentasi.png, id=139, 640.64343pt x 338.01282pt>
File: figures/indentasi.png Graphic file (type png)
<use figures/indentasi.png>
Package pdftex.def Info: figures/indentasi.png  used on input line 392.
(pdftex.def)             Requested size: 128.1264pt x 67.60135pt.
<figures/errorindentasi.png, id=140, 618.81187pt x 499.8675pt>
File: figures/errorindentasi.png Graphic file (type png)
<use figures/errorindentasi.png>
Package pdftex.def Info: figures/errorindentasi.png  used on input line 399.
(pdftex.def)             Requested size: 247.52036pt x 199.94345pt.
 [20 <./figures/indentasi.png>]
File: figures/errorindentasi.png Graphic file (type png)
<use figures/errorindentasi.png>
Package pdftex.def Info: figures/errorindentasi.png  used on input line 408.
(pdftex.def)             Requested size: 247.52036pt x 199.94345pt.
File: figures/indentasi.png Graphic file (type png)
<use figures/indentasi.png>
Package pdftex.def Info: figures/indentasi.png  used on input line 418.
(pdftex.def)             Requested size: 256.25282pt x 135.20271pt.
 [21 <./figures/errorindentasi.png>]
<figures/indentasicoy.png, id=149, 1927.2pt x 1084.05pt>
File: figures/indentasicoy.png Graphic file (type png)
<use figures/indentasicoy.png>
Package pdftex.def Info: figures/indentasicoy.png  used on input line 425.
(pdftex.def)             Requested size: 385.43318pt x 216.80615pt.
) [22 <./figures/indentasicoy.png>]
No file "Laporan Python".bbl.
("Laporan Python.aux" (section/chapter1.aux))

LaTeX Warning: There were multiply-defined labels.

 ) 
Here is how much of TeX's memory you used:
 3150 strings out of 492452
 44327 string characters out of 3120064
 104877 words of memory out of 3000000
 7442 multiletter control sequences out of 15000+200000
 6925 words of font info for 25 fonts, out of 3000000 for 9000
 1141 hyphenation exceptions out of 8191
 46i,7n,31p,1043b,297s stack positions out of 5000i,500n,10000p,200000b,50000s
<C:/Users/innal/AppData/Local/Programs/MiKTeX 2.9/fonts/type1/public/amsfonts
/cm/cmbx12.pfb><C:/Users/innal/AppData/Local/Programs/MiKTeX 2.9/fonts/type1/pu
blic/amsfonts/cm/cmr12.pfb><C:/Users/innal/AppData/Local/Programs/MiKTeX 2.9/fo
nts/type1/public/amsfonts/cm/cmr17.pfb><C:/Users/innal/AppData/Local/Programs/M
iKTeX 2.9/fonts/type1/public/amsfonts/cm/cmti12.pfb><C:/Users/innal/AppData/Loc
al/Programs/MiKTeX 2.9/fonts/type1/public/amsfonts/cm/cmtt12.pfb>
Output written on "Laporan Python.pdf" (23 pages, 3385495 bytes).
PDF statistics:
 171 PDF objects out of 1000 (max. 8388607)
 0 named destinations out of 1000 (max. 500000)
 186 words of extra memory for PDF output out of 10000 (max. 10000000)

