This is pdfTeX, Version 3.14159265-2.6-1.40.20 (MiKTeX 2.9.7200 64-bit) (preloaded format=pdflatex 2019.10.16)  18 OCT 2019 12:21
entering extended mode
**./tugas.tex
(tugas.tex
LaTeX2e <2019-10-01>

("C:\Users\Aditya Luthfi\AppData\Local\Programs\MiKTeX 2.9\tex/latex/base\artic
le.cls"
Document Class: article 2019/08/27 v1.4j Standard LaTeX document class

("C:\Users\Aditya Luthfi\AppData\Local\Programs\MiKTeX 2.9\tex/latex/base\size1
2.clo"
File: size12.clo 2019/08/27 v1.4j Standard LaTeX file (size option)
)
\c@part=\count80
\c@section=\count81
\c@subsection=\count82
\c@subsubsection=\count83
\c@paragraph=\count84
\c@subparagraph=\count85
\c@figure=\count86
\c@table=\count87
\abovecaptionskip=\skip41
\belowcaptionskip=\skip42
\bibindent=\dimen102
)
("C:\Users\Aditya Luthfi\AppData\Local\Programs\MiKTeX 2.9\tex/latex/base\input
enc.sty"
Package: inputenc 2018/08/11 v1.3c Input encoding file
\inpenc@prehook=\toks14
\inpenc@posthook=\toks15
)
("C:\Users\Aditya Luthfi\AppData\Local\Programs\MiKTeX 2.9\tex/latex/graphics\g
raphicx.sty"
Package: graphicx 2017/06/01 v1.1a Enhanced LaTeX Graphics (DPC,SPQR)

("C:\Users\Aditya Luthfi\AppData\Local\Programs\MiKTeX 2.9\tex/latex/graphics\k
eyval.sty"
Package: keyval 2014/10/28 v1.15 key=value parser (DPC)
\KV@toks@=\toks16
)
("C:\Users\Aditya Luthfi\AppData\Local\Programs\MiKTeX 2.9\tex/latex/graphics\g
raphics.sty"
Package: graphics 2019/07/20 v1.3b Standard LaTeX Graphics (DPC,SPQR)

("C:\Users\Aditya Luthfi\AppData\Local\Programs\MiKTeX 2.9\tex/latex/graphics\t
rig.sty"
Package: trig 2016/01/03 v1.10 sin cos tan (DPC)
)
("C:\Users\Aditya Luthfi\AppData\Local\Programs\MiKTeX 2.9\tex/latex/graphics-c
fg\graphics.cfg"
File: graphics.cfg 2016/06/04 v1.11 sample graphics configuration
)
Package graphics Info: Driver file: pdftex.def on input line 105.

("C:\Users\Aditya Luthfi\AppData\Local\Programs\MiKTeX 2.9\tex/latex/graphics-d
ef\pdftex.def"
File: pdftex.def 2018/01/08 v1.0l Graphics/color driver for pdftex
))
\Gin@req@height=\dimen103
\Gin@req@width=\dimen104
)

LaTeX Warning: Unused global option(s):
    [timesnewroman].

(tugas.aux)
\openout1 = `tugas.aux'.

LaTeX Font Info:    Checking defaults for OML/cmm/m/it on input line 7.
LaTeX Font Info:    ... okay on input line 7.
LaTeX Font Info:    Checking defaults for T1/cmr/m/n on input line 7.
LaTeX Font Info:    ... okay on input line 7.
LaTeX Font Info:    Checking defaults for OT1/cmr/m/n on input line 7.
LaTeX Font Info:    ... okay on input line 7.
LaTeX Font Info:    Checking defaults for OMS/cmsy/m/n on input line 7.
LaTeX Font Info:    ... okay on input line 7.
LaTeX Font Info:    Checking defaults for OMX/cmex/m/n on input line 7.
LaTeX Font Info:    ... okay on input line 7.
LaTeX Font Info:    Checking defaults for U/cmr/m/n on input line 7.
LaTeX Font Info:    ... okay on input line 7.

("C:\Users\Aditya Luthfi\AppData\Local\Programs\MiKTeX 2.9\tex/context/base/mki
i\supp-pdf.mkii"
[Loading MPS to PDF converter (version 2006.09.02).]
\scratchcounter=\count88
\scratchdimen=\dimen105
\scratchbox=\box27
\nofMPsegments=\count89
\nofMParguments=\count90
\everyMPshowfont=\toks17
\MPscratchCnt=\count91
\MPscratchDim=\dimen106
\MPnumerator=\count92
\makeMPintoPDFobject=\count93
\everyMPtoPDFconversion=\toks18
)
("C:\Users\Aditya Luthfi\AppData\Local\Programs\MiKTeX 2.9\tex/latex/oberdiek\e
pstopdf-base.sty"
Package: epstopdf-base 2016/05/15 v2.6 Base part for package epstopdf

("C:\Users\Aditya Luthfi\AppData\Local\Programs\MiKTeX 2.9\tex/generic/oberdiek
\infwarerr.sty"
Package: infwarerr 2016/05/16 v1.4 Providing info/warning/error messages (HO)
)
("C:\Users\Aditya Luthfi\AppData\Local\Programs\MiKTeX 2.9\tex/latex/oberdiek\g
rfext.sty"
Package: grfext 2016/05/16 v1.2 Manage graphics extensions (HO)

("C:\Users\Aditya Luthfi\AppData\Local\Programs\MiKTeX 2.9\tex/generic/oberdiek
\kvdefinekeys.sty"
Package: kvdefinekeys 2016/05/16 v1.4 Define keys (HO)

("C:\Users\Aditya Luthfi\AppData\Local\Programs\MiKTeX 2.9\tex/generic/oberdiek
\ltxcmds.sty"
Package: ltxcmds 2016/05/16 v1.23 LaTeX kernel commands for general use (HO)
)))
("C:\Users\Aditya Luthfi\AppData\Local\Programs\MiKTeX 2.9\tex/latex/oberdiek\k
voptions.sty"
Package: kvoptions 2016/05/16 v3.12 Key value format for package options (HO)

("C:\Users\Aditya Luthfi\AppData\Local\Programs\MiKTeX 2.9\tex/generic/oberdiek
\kvsetkeys.sty"
Package: kvsetkeys 2016/05/16 v1.17 Key value parser (HO)

("C:\Users\Aditya Luthfi\AppData\Local\Programs\MiKTeX 2.9\tex/generic/oberdiek
\etexcmds.sty"
Package: etexcmds 2016/05/16 v1.6 Avoid name clashes with e-TeX commands (HO)

("C:\Users\Aditya Luthfi\AppData\Local\Programs\MiKTeX 2.9\tex/generic/oberdiek
\ifluatex.sty"
Package: ifluatex 2016/05/16 v1.4 Provides the ifluatex switch (HO)
Package ifluatex Info: LuaTeX not detected.
))))
("C:\Users\Aditya Luthfi\AppData\Local\Programs\MiKTeX 2.9\tex/generic/oberdiek
\pdftexcmds.sty"
Package: pdftexcmds 2019/07/25 v0.30 Utility functions of pdfTeX for LuaTeX (HO
)

("C:\Users\Aditya Luthfi\AppData\Local\Programs\MiKTeX 2.9\tex/generic/oberdiek
\ifpdf.sty"
Package: ifpdf 2018/09/07 v3.3 Provides the ifpdf switch
)
Package pdftexcmds Info: LuaTeX not detected.
Package pdftexcmds Info: \pdf@primitive is available.
Package pdftexcmds Info: \pdf@ifprimitive is available.
Package pdftexcmds Info: \pdfdraftmode found.
)
Package epstopdf-base Info: Redefining graphics rule for `.eps' on input line 4
38.
Package grfext Info: Graphics extension search list:
(grfext)             [.pdf,.png,.jpg,.mps,.jpeg,.jbig2,.jb2,.PDF,.PNG,.JPG,.JPE
G,.JBIG2,.JB2,.eps]
(grfext)             \AppendGraphicsExtensions on input line 456.
)
Overfull \hbox (7.83154pt too wide) in paragraph at lines 17--18
\OT1/cmr/m/n/12 adalah 1.6. Guido dan para pengem-bang pokok Python pin-dah ke 
BeOpen.com
 []


Overfull \hbox (15.56247pt too wide) in paragraph at lines 17--18
\OT1/cmr/m/n/12 yang meru-pakan se-buah pe-rusa-haan komer-sial dan mem-ben-tuk
 BeOpen Python-
 []


Overfull \hbox (7.99266pt too wide) in paragraph at lines 19--20
\OT1/cmr/m/n/12 ro-gram yang diko-man-doi oleh Guido dan Python Soft-ware Foun-
da-tion. Python
 []


Underfull \hbox (badness 10000) in paragraph at lines 19--20

 []

[1

{C:/Users/Aditya Luthfi/AppData/Local/MiKTeX/2.9/pdftex/config/pdftex.map}]
Underfull \hbox (badness 10000) in paragraph at lines 46--58

 []

[2]
Overfull \hbox (8.32086pt too wide) in paragraph at lines 62--63
\OT1/cmr/m/n/12 gani satu li-brary den-gan li-brary lain-nya agar sal-ing bek-e
r-jasama, dan mengkon-
 []

[3]
Underfull \hbox (badness 10000) in paragraph at lines 74--83

 []

[4]
<Gambar/p1.png, id=16, 503.63156pt x 308.65312pt>
File: Gambar/p1.png Graphic file (type png)
<use Gambar/p1.png>
Package pdftex.def Info: Gambar/p1.png  used on input line 91.
(pdftex.def)             Requested size: 352.53969pt x 216.0557pt.
<Gambar/p2.png, id=18, 503.63156pt x 304.88907pt>
File: Gambar/p2.png Graphic file (type png)
<use Gambar/p2.png>
Package pdftex.def Info: Gambar/p2.png  used on input line 97.
(pdftex.def)             Requested size: 276.99821pt x 167.6895pt.
 [5 <./Gambar/p1.png>]
<Gambar/p3.png, id=23, 502.12593pt x 307.1475pt>
File: Gambar/p3.png Graphic file (type png)
<use Gambar/p3.png>
Package pdftex.def Info: Gambar/p3.png  used on input line 103.
(pdftex.def)             Requested size: 276.17012pt x 168.93164pt.
<Gambar/y.png, id=24, 408.77719pt x 167.12437pt>
File: Gambar/y.png Graphic file (type png)
<use Gambar/y.png>
Package pdftex.def Info: Gambar/y.png  used on input line 115.
(pdftex.def)             Requested size: 245.2682pt x 100.27538pt.
 [6 <./Gambar/p2.png> <./Gambar/p3.png>]
<Gambar/e.png, id=30, 506.6428pt x 252.19218pt>
File: Gambar/e.png Graphic file (type png)
<use Gambar/e.png>
Package pdftex.def Info: Gambar/e.png  used on input line 126.
(pdftex.def)             Requested size: 202.65353pt x 100.87508pt.
<Gambar/c1.png, id=31, 506.6428pt x 249.93375pt>
File: Gambar/c1.png Graphic file (type png)
<use Gambar/c1.png>
Package pdftex.def Info: Gambar/c1.png  used on input line 135.
(pdftex.def)             Requested size: 151.994pt x 74.9807pt.
 [7 <./Gambar/y.png> <./Gambar/e.png>]
<Gambar/c2.png, id=38, 509.65407pt x 255.95625pt>
File: Gambar/c2.png Graphic file (type png)
<use Gambar/c2.png>
Package pdftex.def Info: Gambar/c2.png  used on input line 141.
(pdftex.def)             Requested size: 152.8974pt x 76.78746pt.
<Gambar/c3.png, id=39, 509.65407pt x 408.02437pt>
File: Gambar/c3.png Graphic file (type png)
<use Gambar/c3.png>
Package pdftex.def Info: Gambar/c3.png  used on input line 147.
(pdftex.def)             Requested size: 101.929pt x 81.60342pt.
<Gambar/h1.png, id=40, 440.39531pt x 179.92218pt>
File: Gambar/h1.png Graphic file (type png)
<use Gambar/h1.png>
Package pdftex.def Info: Gambar/h1.png  used on input line 156.
(pdftex.def)             Requested size: 308.27461pt x 125.94466pt.
 [8 <./Gambar/c1.png> <./Gambar/c2.png> <./Gambar/c3.png>]
<Gambar/h2.png, id=47, 481.8pt x 225.09094pt>
File: Gambar/h2.png Graphic file (type png)
<use Gambar/h2.png>
Package pdftex.def Info: Gambar/h2.png  used on input line 162.
(pdftex.def)             Requested size: 337.25769pt x 157.56258pt.
<Gambar/v.png, id=48, 436.63126pt x 157.33781pt>
File: Gambar/v.png Graphic file (type png)
<use Gambar/v.png>
Package pdftex.def Info: Gambar/v.png  used on input line 172.
(pdftex.def)             Requested size: 218.3151pt x 78.6687pt.
 [9 <./Gambar/h1.png> <./Gambar/h2.png>]
<Gambar/a.png, id=54, 216.05719pt x 70.01157pt>
File: Gambar/a.png Graphic file (type png)
<use Gambar/a.png>
Package pdftex.def Info: Gambar/a.png  used on input line 182.
(pdftex.def)             Requested size: 151.23898pt x 49.00775pt.
<Gambar/b.png, id=55, 278.54062pt x 109.91063pt>
File: Gambar/b.png Graphic file (type png)
<use Gambar/b.png>
Package pdftex.def Info: Gambar/b.png  used on input line 188.
(pdftex.def)             Requested size: 250.68423pt x 98.91862pt.
 [10 <./Gambar/v.png> <./Gambar/a.png>]
<Gambar/c.png, id=61, 170.13562pt x 67.0003pt>
File: Gambar/c.png Graphic file (type png)
<use Gambar/c.png>
Package pdftex.def Info: Gambar/c.png  used on input line 197.
(pdftex.def)             Requested size: 170.1352pt x 67.00012pt.
 [11 <./Gambar/b.png> <./Gambar/c.png>] (tugas.aux) ) 
Here is how much of TeX's memory you used:
 1577 strings out of 492452
 23908 string characters out of 3116325
 86573 words of memory out of 3000000
 5937 multiletter control sequences out of 15000+200000
 5456 words of font info for 20 fonts, out of 3000000 for 9000
 1141 hyphenation exceptions out of 8191
 46i,7n,30p,649b,224s stack positions out of 5000i,500n,10000p,200000b,50000s
<C:/Users/Aditya Luthfi/Ap
pData/Local/Programs/MiKTeX 2.9/fonts/type1/public/amsfonts/cm/cmbx12.pfb><C:/U
sers/Aditya Luthfi/AppData/Local/Programs/MiKTeX 2.9/fonts/type1/public/amsfont
s/cm/cmr12.pfb>
Output written on tugas.pdf (11 pages, 390704 bytes).
PDF statistics:
 75 PDF objects out of 1000 (max. 8388607)
 0 named destinations out of 1000 (max. 500000)
 71 words of extra memory for PDF output out of 10000 (max. 10000000)

