This is pdfTeX, Version 3.14159265-2.6-1.40.20 (MiKTeX 2.9.7200 64-bit) (preloaded format=pdflatex 2019.10.9)  20 NOV 2019 21:28
entering extended mode
**./main.tex
(main.tex
LaTeX2e <2019-10-01>
(ociamthesis.cls
Document Class: ociamthesis 2010/11/22 v2.2 OCIAM thesis class
("C:\Users\innal\AppData\Local\Programs\MiKTeX 2.9\tex/latex/base\report.cls"
Document Class: report 2019/08/27 v1.4j Standard LaTeX document class
("C:\Users\innal\AppData\Local\Programs\MiKTeX 2.9\tex/latex/base\size12.clo"
File: size12.clo 2019/08/27 v1.4j Standard LaTeX file (size option)
)
\c@part=\count80
\c@chapter=\count81
\c@section=\count82
\c@subsection=\count83
\c@subsubsection=\count84
\c@paragraph=\count85
\c@subparagraph=\count86
\c@figure=\count87
\c@table=\count88
\abovecaptionskip=\skip41
\belowcaptionskip=\skip42
\bibindent=\dimen102
)
("C:\Users\innal\AppData\Local\Programs\MiKTeX 2.9\tex/latex/graphics\graphicx.
sty"
Package: graphicx 2017/06/01 v1.1a Enhanced LaTeX Graphics (DPC,SPQR)

("C:\Users\innal\AppData\Local\Programs\MiKTeX 2.9\tex/latex/graphics\keyval.st
y"
Package: keyval 2014/10/28 v1.15 key=value parser (DPC)
\KV@toks@=\toks14
)
("C:\Users\innal\AppData\Local\Programs\MiKTeX 2.9\tex/latex/graphics\graphics.
sty"
Package: graphics 2019/07/20 v1.3b Standard LaTeX Graphics (DPC,SPQR)

("C:\Users\innal\AppData\Local\Programs\MiKTeX 2.9\tex/latex/graphics\trig.sty"
Package: trig 2016/01/03 v1.10 sin cos tan (DPC)
)
("C:\Users\innal\AppData\Local\Programs\MiKTeX 2.9\tex/latex/graphics-cfg\graph
ics.cfg"
File: graphics.cfg 2016/06/04 v1.11 sample graphics configuration
)
Package graphics Info: Driver file: pdftex.def on input line 105.

("C:\Users\innal\AppData\Local\Programs\MiKTeX 2.9\tex/latex/graphics-def\pdfte
x.def"
File: pdftex.def 2018/01/08 v1.0l Graphics/color driver for pdftex
))
\Gin@req@height=\dimen103
\Gin@req@width=\dimen104
)
("C:\Users\innal\AppData\Local\Programs\MiKTeX 2.9\tex/latex/base\ifthen.sty"
Package: ifthen 2014/09/29 v1.1c Standard LaTeX ifthen package (DPC)
))
("C:\Users\innal\AppData\Local\Programs\MiKTeX 2.9\tex/latex/amsfonts\amssymb.s
ty"
Package: amssymb 2013/01/14 v3.01 AMS font symbols

("C:\Users\innal\AppData\Local\Programs\MiKTeX 2.9\tex/latex/amsfonts\amsfonts.
sty"
Package: amsfonts 2013/01/14 v3.01 Basic AMSFonts support
\@emptytoks=\toks15
\symAMSa=\mathgroup4
\symAMSb=\mathgroup5
LaTeX Font Info:    Redeclaring math symbol \hbar on input line 98.
LaTeX Font Info:    Overwriting math alphabet `\mathfrak' in version `bold'
(Font)                  U/euf/m/n --> U/euf/b/n on input line 106.
))
("C:\Users\innal\AppData\Local\Programs\MiKTeX 2.9\tex/latex/multirow\multirow.
sty"
Package: multirow 2019/05/31 v2.5 Span multiple rows of a table
\multirow@colwidth=\skip43
\multirow@cntb=\count89
\multirow@dima=\skip44
\bigstrutjot=\dimen105
)
("C:\Users\innal\AppData\Local\Programs\MiKTeX 2.9\tex/latex/listings\listings.
sty"
\lst@mode=\count90
\lst@gtempboxa=\box27
\lst@token=\toks16
\lst@length=\count91
\lst@currlwidth=\dimen106
\lst@column=\count92
\lst@pos=\count93
\lst@lostspace=\dimen107
\lst@width=\dimen108
\lst@newlines=\count94
\lst@lineno=\count95
\lst@maxwidth=\dimen109

("C:\Users\innal\AppData\Local\Programs\MiKTeX 2.9\tex/latex/listings\lstmisc.s
ty"
File: lstmisc.sty 2019/09/10 1.8c (Carsten Heinz)
\c@lstnumber=\count96
\lst@skipnumbers=\count97
\lst@framebox=\box28
)
("C:\Users\innal\AppData\Local\Programs\MiKTeX 2.9\tex/latex/listings\listings.
cfg"
File: listings.cfg 2019/09/10 1.8c listings configuration
))
Package: listings 2019/09/10 1.8c (Carsten Heinz)

("C:\Users\innal\AppData\Local\Programs\MiKTeX 2.9\tex/latex/graphics\color.sty
"
Package: color 2016/07/10 v1.1e Standard LaTeX Color (DPC)

("C:\Users\innal\AppData\Local\Programs\MiKTeX 2.9\tex/latex/graphics-cfg\color
.cfg"
File: color.cfg 2016/01/02 v1.6 sample color configuration
)
Package color Info: Driver file: pdftex.def on input line 147.
)
("C:\Users\innal\AppData\Local\Programs\MiKTeX 2.9\tex/latex/listings\lstlang1.
sty"
File: lstlang1.sty 2019/09/10 1.8c listings language file
)
No file main.aux.
\openout1 = `main.aux'.

LaTeX Font Info:    Checking defaults for OML/cmm/m/it on input line 52.
LaTeX Font Info:    ... okay on input line 52.
LaTeX Font Info:    Checking defaults for T1/cmr/m/n on input line 52.
LaTeX Font Info:    ... okay on input line 52.
LaTeX Font Info:    Checking defaults for OT1/cmr/m/n on input line 52.
LaTeX Font Info:    ... okay on input line 52.
LaTeX Font Info:    Checking defaults for OMS/cmsy/m/n on input line 52.
LaTeX Font Info:    ... okay on input line 52.
LaTeX Font Info:    Checking defaults for OMX/cmex/m/n on input line 52.
LaTeX Font Info:    ... okay on input line 52.
LaTeX Font Info:    Checking defaults for U/cmr/m/n on input line 52.
LaTeX Font Info:    ... okay on input line 52.

("C:\Users\innal\AppData\Local\Programs\MiKTeX 2.9\tex/context/base/mkii\supp-p
df.mkii"
[Loading MPS to PDF converter (version 2006.09.02).]
\scratchcounter=\count98
\scratchdimen=\dimen110
\scratchbox=\box29
\nofMPsegments=\count99
\nofMParguments=\count100
\everyMPshowfont=\toks17
\MPscratchCnt=\count101
\MPscratchDim=\dimen111
\MPnumerator=\count102
\makeMPintoPDFobject=\count103
\everyMPtoPDFconversion=\toks18
)
("C:\Users\innal\AppData\Local\Programs\MiKTeX 2.9\tex/latex/oberdiek\epstopdf-
base.sty"
Package: epstopdf-base 2016/05/15 v2.6 Base part for package epstopdf

("C:\Users\innal\AppData\Local\Programs\MiKTeX 2.9\tex/generic/oberdiek\infware
rr.sty"
Package: infwarerr 2016/05/16 v1.4 Providing info/warning/error messages (HO)
)
("C:\Users\innal\AppData\Local\Programs\MiKTeX 2.9\tex/latex/oberdiek\grfext.st
y"
Package: grfext 2016/05/16 v1.2 Manage graphics extensions (HO)

("C:\Users\innal\AppData\Local\Programs\MiKTeX 2.9\tex/generic/oberdiek\kvdefin
ekeys.sty"
Package: kvdefinekeys 2016/05/16 v1.4 Define keys (HO)

("C:\Users\innal\AppData\Local\Programs\MiKTeX 2.9\tex/generic/oberdiek\ltxcmds
.sty"
Package: ltxcmds 2016/05/16 v1.23 LaTeX kernel commands for general use (HO)
)))
("C:\Users\innal\AppData\Local\Programs\MiKTeX 2.9\tex/latex/oberdiek\kvoptions
.sty"
Package: kvoptions 2016/05/16 v3.12 Key value format for package options (HO)

("C:\Users\innal\AppData\Local\Programs\MiKTeX 2.9\tex/generic/oberdiek\kvsetke
ys.sty"
Package: kvsetkeys 2016/05/16 v1.17 Key value parser (HO)

("C:\Users\innal\AppData\Local\Programs\MiKTeX 2.9\tex/generic/oberdiek\etexcmd
s.sty"
Package: etexcmds 2016/05/16 v1.6 Avoid name clashes with e-TeX commands (HO)

("C:\Users\innal\AppData\Local\Programs\MiKTeX 2.9\tex/generic/oberdiek\ifluate
x.sty"
Package: ifluatex 2016/05/16 v1.4 Provides the ifluatex switch (HO)
Package ifluatex Info: LuaTeX not detected.
))))
("C:\Users\innal\AppData\Local\Programs\MiKTeX 2.9\tex/generic/oberdiek\pdftexc
mds.sty"
Package: pdftexcmds 2019/07/25 v0.30 Utility functions of pdfTeX for LuaTeX (HO
)

("C:\Users\innal\AppData\Local\Programs\MiKTeX 2.9\tex/generic/oberdiek\ifpdf.s
ty"
Package: ifpdf 2018/09/07 v3.3 Provides the ifpdf switch
)
Package pdftexcmds Info: LuaTeX not detected.
Package pdftexcmds Info: \pdf@primitive is available.
Package pdftexcmds Info: \pdf@ifprimitive is available.
Package pdftexcmds Info: \pdfdraftmode found.
)
Package epstopdf-base Info: Redefining graphics rule for `.eps' on input line 4
38.
Package grfext Info: Graphics extension search list:
(grfext)             [.pdf,.png,.jpg,.mps,.jpeg,.jbig2,.jb2,.PDF,.PNG,.JPG,.JPE
G,.JBIG2,.JB2,.eps]
(grfext)             \AppendGraphicsExtensions on input line 456.
)
\c@lstlisting=\count104
<logo-poltekpos.png, id=1, 291.2481pt x 272.217pt>
File: logo-poltekpos.png Graphic file (type png)
<use logo-poltekpos.png>
Package pdftex.def Info: logo-poltekpos.png  used on input line 63.
(pdftex.def)             Requested size: 91.04881pt x 85.10081pt.
 [1


{C:/Users/innal/AppData/Local/MiKTeX/2.9/pdftex/config/pdftex.map} <./logo-polt
ekpos.png>]
\openout2 = `section/dedication.aux'.


No file section/dedication.tex.
\openout2 = `section/acknowlegements.aux'.

No file section/acknowlegements.tex.
\openout2 = `section/abstract.aux'.

No file section/abstract.tex.
No file main.toc.
\tf@toc=\write3
\openout3 = `main.toc'.

[1








]
No file main.lof.
\tf@lof=\write4
\openout4 = `main.lof'.

[2

]
No file main.lot.
\tf@lot=\write5
\openout5 = `main.lot'.

[3

]
\openout2 = `section/chapter1.aux'.

 (section/chapter1.tex
BAB I.
LaTeX Font Info:    Trying to load font information for OMS+cmr on input line 7
.
("C:\Users\innal\AppData\Local\Programs\MiKTeX 2.9\tex/latex/base\omscmr.fd"
File: omscmr.fd 2014/09/29 v2.5h Standard LaTeX font definitions
)
LaTeX Font Info:    Font shape `OMS/cmr/m/n' in size <12> not available
(Font)              Font shape `OMS/cmsy/m/n' tried instead on input line 7.

Overfull \hbox (0.65889pt too wide) in paragraph at lines 10--12
\OT1/cmr/m/n/12 OS / 360 su-dah men-dukung for-mat CSV. Pada saat itu Fo-tran 7
7 mendefin-
 []

[1



] (src/teori1.csv)
<figures/a1.PNG, id=26, 1028.34187pt x 547.2947pt>
File: figures/a1.PNG Graphic file (type png)
<use figures/a1.PNG>
Package pdftex.def Info: figures/a1.PNG  used on input line 40.
(pdftex.def)             Requested size: 284.52756pt x 151.42929pt.
 [2]
<figures/a2.PNG, id=32, 292.09125pt x 78.2925pt>
File: figures/a2.PNG Graphic file (type png)
<use figures/a2.PNG>
Package pdftex.def Info: figures/a2.PNG  used on input line 48.
(pdftex.def)             Requested size: 284.52756pt x 76.27214pt.
<figures/a3.PNG, id=33, 1028.34187pt x 475.02469pt>
File: figures/a3.PNG Graphic file (type png)
<use figures/a3.PNG>
Package pdftex.def Info: figures/a3.PNG  used on input line 55.
(pdftex.def)             Requested size: 284.52756pt x 131.43312pt.
 [3 <./figures/a1.PNG> <./figures/a2.PNG> <./figures/a3.PNG>]
<figures/a4.PNG, id=41, 501.37312pt x 353.82187pt>
File: figures/a4.PNG Graphic file (type png)
<use figures/a4.PNG>
Package pdftex.def Info: figures/a4.PNG  used on input line 63.
(pdftex.def)             Requested size: 256.0748pt x 180.7221pt.
<figures/t6.png, id=42, 363.60844pt x 94.85437pt>
File: figures/t6.png Graphic file (type png)
<use figures/t6.png>
Package pdftex.def Info: figures/t6.png  used on input line 69.
(pdftex.def)             Requested size: 256.0748pt x 66.8043pt.
<figures/a5.png, id=43, 71.51718pt x 92.59593pt>
File: figures/a5.png Graphic file (type png)
<use figures/a5.png>
Package pdftex.def Info: figures/a5.png  used on input line 76.
(pdftex.def)             Requested size: 56.9055pt x 73.67839pt.
<figures/a6.PNG, id=44, 510.40688pt x 99.37125pt>
File: figures/a6.PNG Graphic file (type png)
<use figures/a6.PNG>
Package pdftex.def Info: figures/a6.PNG  used on input line 83.
(pdftex.def)             Requested size: 341.43306pt x 66.47679pt.
 [4 <./figures/a4.PNG> <./figures/t6.png> <./figures/a5.png> <./figures/a6.PNG>
]
<figures/a5.PNG, id=52, 71.51718pt x 92.59593pt>
File: figures/a5.PNG Graphic file (type png)
<use figures/a5.PNG>
Package pdftex.def Info: figures/a5.PNG  used on input line 95.
(pdftex.def)             Requested size: 56.9055pt x 73.67839pt.
<figures/a8.PNG, id=53, 1028.34187pt x 342.5297pt>
File: figures/a8.PNG Graphic file (type png)
<use figures/a8.PNG>
Package pdftex.def Info: figures/a8.PNG  used on input line 102.
(pdftex.def)             Requested size: 284.52756pt x 94.77348pt.
 [5 <./figures/a5.PNG> <./figures/a8.PNG>] (src/csv.py) (src/csv.py)
(src/csv.py) (src/csv.py [6]
LaTeX Font Info:    Font shape `OMS/cmr/m/n' in size <10> not available
(Font)              Font shape `OMS/cmsy/m/n' tried instead on input line 44.
) (src/pandasnw.py) (src/pandasnw.py) [7]
(src/1184039csv.py) (src/1184039csv.py) (src/1184039pandas.py)
(src/1184039pandas.py) (src/1184039pandas.py) (src/1184039pandas.py) [8]
(src/1184039pandas.py) (src/main.py) (src/main2.py) [9] [10] (src/try.py)
<figures/plagiat1.PNG, id=75, 1028.34187pt x 548.0475pt>
File: figures/plagiat1.PNG Graphic file (type png)
<use figures/plagiat1.PNG>
Package pdftex.def Info: figures/plagiat1.PNG  used on input line 220.
(pdftex.def)             Requested size: 284.52756pt x 151.63757pt.
<figures/plagiat2.PNG, id=76, 1028.34187pt x 548.0475pt>
File: figures/plagiat2.PNG Graphic file (type png)
<use figures/plagiat2.PNG>
Package pdftex.def Info: figures/plagiat2.PNG  used on input line 224.
(pdftex.def)             Requested size: 284.52756pt x 151.63757pt.
)
[11 <./figures/plagiat1.PNG> <./figures/plagiat2.PNG>]
\openout2 = `section/chapter2.aux'.


No file section/chapter2.tex.
\openout2 = `section/chapter3.aux'.

No file section/chapter3.tex.
\openout2 = `section/chapter4.aux'.

No file section/chapter4.tex.
\openout2 = `section/chapter5.aux'.

No file section/chapter5.tex.
\openout2 = `section/chapter6.aux'.

No file section/chapter6.tex.
No file main.bbl.
(main.aux (section/dedication.aux) (section/acknowlegements.aux)
(section/abstract.aux) (section/chapter1.aux) (section/chapter2.aux)
(section/chapter3.aux) (section/chapter4.aux) (section/chapter5.aux)
(section/chapter6.aux)) ) 
Here is how much of TeX's memory you used:
 4188 strings out of 492452
 59593 string characters out of 3120064
 390868 words of memory out of 3000000
 8435 multiletter control sequences out of 15000+200000
 7326 words of font info for 26 fonts, out of 3000000 for 9000
 1141 hyphenation exceptions out of 8191
 46i,7n,47p,675b,1860s stack positions out of 5000i,500n,10000p,200000b,50000s
<C:/Users/innal/AppData/Local/Programs/MiKTeX 2.9/font
s/type1/public/amsfonts/cm/cmbx12.pfb><C:/Users/innal/AppData/Local/Programs/Mi
KTeX 2.9/fonts/type1/public/amsfonts/cm/cmbxti10.pfb><C:/Users/innal/AppData/Lo
cal/Programs/MiKTeX 2.9/fonts/type1/public/amsfonts/cm/cmr10.pfb><C:/Users/inna
l/AppData/Local/Programs/MiKTeX 2.9/fonts/type1/public/amsfonts/cm/cmr12.pfb><C
:/Users/innal/AppData/Local/Programs/MiKTeX 2.9/fonts/type1/public/amsfonts/cm/
cmr17.pfb><C:/Users/innal/AppData/Local/Programs/MiKTeX 2.9/fonts/type1/public/
amsfonts/cm/cmr6.pfb><C:/Users/innal/AppData/Local/Programs/MiKTeX 2.9/fonts/ty
pe1/public/amsfonts/cm/cmsy10.pfb><C:/Users/innal/AppData/Local/Programs/MiKTeX
 2.9/fonts/type1/public/amsfonts/cm/cmti12.pfb>
Output written on main.pdf (15 pages, 687152 bytes).
PDF statistics:
 108 PDF objects out of 1000 (max. 8388607)
 0 named destinations out of 1000 (max. 500000)
 61 words of extra memory for PDF output out of 10000 (max. 10000000)

